[2024-05-20T18:21:16.501+0000] {processor.py:161} INFO - Started process (PID=38) to work on /opt/airflow/dags/decorator_dag.py
[2024-05-20T18:21:16.523+0000] {processor.py:830} INFO - Processing file /opt/airflow/dags/decorator_dag.py for tasks to queue
[2024-05-20T18:21:16.536+0000] {logging_mixin.py:188} INFO - [2024-05-20T18:21:16.535+0000] {dagbag.py:545} INFO - Filling up the DagBag from /opt/airflow/dags/decorator_dag.py
[2024-05-20T18:21:16.726+0000] {processor.py:840} INFO - DAG(s) 'example_decorator_dag' retrieved from /opt/airflow/dags/decorator_dag.py
[2024-05-20T18:21:18.446+0000] {logging_mixin.py:188} INFO - [2024-05-20T18:21:18.445+0000] {override.py:1829} INFO - Created Permission View: can read on DAG:example_decorator_dag
[2024-05-20T18:21:18.509+0000] {logging_mixin.py:188} INFO - [2024-05-20T18:21:18.508+0000] {override.py:1829} INFO - Created Permission View: can delete on DAG:example_decorator_dag
[2024-05-20T18:21:18.563+0000] {logging_mixin.py:188} INFO - [2024-05-20T18:21:18.563+0000] {override.py:1829} INFO - Created Permission View: can edit on DAG:example_decorator_dag
[2024-05-20T18:21:18.568+0000] {logging_mixin.py:188} INFO - [2024-05-20T18:21:18.567+0000] {dag.py:3096} INFO - Sync 1 DAGs
[2024-05-20T18:21:18.702+0000] {logging_mixin.py:188} INFO - [2024-05-20T18:21:18.702+0000] {dag.py:3118} INFO - Creating ORM DAG for example_decorator_dag
[2024-05-20T18:21:18.814+0000] {logging_mixin.py:188} INFO - [2024-05-20T18:21:18.814+0000] {dag.py:3954} INFO - Setting next_dagrun for example_decorator_dag to 2024-05-19 00:00:00+00:00, run_after=2024-05-20 00:00:00+00:00
[2024-05-20T18:21:18.871+0000] {processor.py:183} INFO - Processing /opt/airflow/dags/decorator_dag.py took 2.443 seconds
[2024-05-20T18:21:49.207+0000] {processor.py:161} INFO - Started process (PID=46) to work on /opt/airflow/dags/decorator_dag.py
[2024-05-20T18:21:49.209+0000] {processor.py:830} INFO - Processing file /opt/airflow/dags/decorator_dag.py for tasks to queue
[2024-05-20T18:21:49.213+0000] {logging_mixin.py:188} INFO - [2024-05-20T18:21:49.213+0000] {dagbag.py:545} INFO - Filling up the DagBag from /opt/airflow/dags/decorator_dag.py
[2024-05-20T18:21:49.313+0000] {processor.py:840} INFO - DAG(s) 'example_decorator_dag' retrieved from /opt/airflow/dags/decorator_dag.py
[2024-05-20T18:21:49.505+0000] {logging_mixin.py:188} INFO - [2024-05-20T18:21:49.504+0000] {dag.py:3096} INFO - Sync 1 DAGs
[2024-05-20T18:21:49.662+0000] {logging_mixin.py:188} INFO - [2024-05-20T18:21:49.660+0000] {dag.py:3954} INFO - Setting next_dagrun for example_decorator_dag to 2024-05-19 00:00:00+00:00, run_after=2024-05-20 00:00:00+00:00
[2024-05-20T18:21:49.758+0000] {processor.py:183} INFO - Processing /opt/airflow/dags/decorator_dag.py took 0.568 seconds
[2024-05-20T18:22:19.883+0000] {processor.py:161} INFO - Started process (PID=54) to work on /opt/airflow/dags/decorator_dag.py
[2024-05-20T18:22:19.889+0000] {processor.py:830} INFO - Processing file /opt/airflow/dags/decorator_dag.py for tasks to queue
[2024-05-20T18:22:19.893+0000] {logging_mixin.py:188} INFO - [2024-05-20T18:22:19.892+0000] {dagbag.py:545} INFO - Filling up the DagBag from /opt/airflow/dags/decorator_dag.py
[2024-05-20T18:22:19.933+0000] {processor.py:840} INFO - DAG(s) 'example_decorator_dag' retrieved from /opt/airflow/dags/decorator_dag.py
[2024-05-20T18:22:20.018+0000] {logging_mixin.py:188} INFO - [2024-05-20T18:22:20.017+0000] {dag.py:3096} INFO - Sync 1 DAGs
[2024-05-20T18:22:20.073+0000] {logging_mixin.py:188} INFO - [2024-05-20T18:22:20.072+0000] {dag.py:3954} INFO - Setting next_dagrun for example_decorator_dag to 2024-05-19 00:00:00+00:00, run_after=2024-05-20 00:00:00+00:00
[2024-05-20T18:22:20.100+0000] {processor.py:183} INFO - Processing /opt/airflow/dags/decorator_dag.py took 0.243 seconds
[2024-05-20T18:22:50.202+0000] {processor.py:161} INFO - Started process (PID=61) to work on /opt/airflow/dags/decorator_dag.py
[2024-05-20T18:22:50.204+0000] {processor.py:830} INFO - Processing file /opt/airflow/dags/decorator_dag.py for tasks to queue
[2024-05-20T18:22:50.209+0000] {logging_mixin.py:188} INFO - [2024-05-20T18:22:50.208+0000] {dagbag.py:545} INFO - Filling up the DagBag from /opt/airflow/dags/decorator_dag.py
[2024-05-20T18:22:50.300+0000] {processor.py:840} INFO - DAG(s) 'example_decorator_dag' retrieved from /opt/airflow/dags/decorator_dag.py
[2024-05-20T18:22:50.375+0000] {logging_mixin.py:188} INFO - [2024-05-20T18:22:50.374+0000] {dag.py:3096} INFO - Sync 1 DAGs
[2024-05-20T18:22:50.424+0000] {logging_mixin.py:188} INFO - [2024-05-20T18:22:50.424+0000] {dag.py:3954} INFO - Setting next_dagrun for example_decorator_dag to 2024-05-19 00:00:00+00:00, run_after=2024-05-20 00:00:00+00:00
[2024-05-20T18:22:50.459+0000] {processor.py:183} INFO - Processing /opt/airflow/dags/decorator_dag.py took 0.272 seconds
[2024-05-20T18:23:20.583+0000] {processor.py:161} INFO - Started process (PID=69) to work on /opt/airflow/dags/decorator_dag.py
[2024-05-20T18:23:20.586+0000] {processor.py:830} INFO - Processing file /opt/airflow/dags/decorator_dag.py for tasks to queue
[2024-05-20T18:23:20.589+0000] {logging_mixin.py:188} INFO - [2024-05-20T18:23:20.588+0000] {dagbag.py:545} INFO - Filling up the DagBag from /opt/airflow/dags/decorator_dag.py
[2024-05-20T18:23:20.639+0000] {processor.py:840} INFO - DAG(s) 'example_decorator_dag' retrieved from /opt/airflow/dags/decorator_dag.py
[2024-05-20T18:23:20.721+0000] {logging_mixin.py:188} INFO - [2024-05-20T18:23:20.721+0000] {dag.py:3096} INFO - Sync 1 DAGs
[2024-05-20T18:23:20.763+0000] {logging_mixin.py:188} INFO - [2024-05-20T18:23:20.763+0000] {dag.py:3954} INFO - Setting next_dagrun for example_decorator_dag to 2024-05-19 00:00:00+00:00, run_after=2024-05-20 00:00:00+00:00
[2024-05-20T18:23:20.795+0000] {processor.py:183} INFO - Processing /opt/airflow/dags/decorator_dag.py took 0.224 seconds
[2024-05-20T18:23:51.128+0000] {processor.py:161} INFO - Started process (PID=77) to work on /opt/airflow/dags/decorator_dag.py
[2024-05-20T18:23:51.131+0000] {processor.py:830} INFO - Processing file /opt/airflow/dags/decorator_dag.py for tasks to queue
[2024-05-20T18:23:51.134+0000] {logging_mixin.py:188} INFO - [2024-05-20T18:23:51.133+0000] {dagbag.py:545} INFO - Filling up the DagBag from /opt/airflow/dags/decorator_dag.py
[2024-05-20T18:23:51.213+0000] {processor.py:840} INFO - DAG(s) 'example_decorator_dag' retrieved from /opt/airflow/dags/decorator_dag.py
[2024-05-20T18:23:51.341+0000] {logging_mixin.py:188} INFO - [2024-05-20T18:23:51.340+0000] {dag.py:3096} INFO - Sync 1 DAGs
[2024-05-20T18:23:51.461+0000] {logging_mixin.py:188} INFO - [2024-05-20T18:23:51.460+0000] {dag.py:3954} INFO - Setting next_dagrun for example_decorator_dag to 2024-05-19 00:00:00+00:00, run_after=2024-05-20 00:00:00+00:00
[2024-05-20T18:23:51.556+0000] {processor.py:183} INFO - Processing /opt/airflow/dags/decorator_dag.py took 0.465 seconds
[2024-05-20T18:24:21.696+0000] {processor.py:161} INFO - Started process (PID=85) to work on /opt/airflow/dags/decorator_dag.py
[2024-05-20T18:24:21.701+0000] {processor.py:830} INFO - Processing file /opt/airflow/dags/decorator_dag.py for tasks to queue
[2024-05-20T18:24:21.708+0000] {logging_mixin.py:188} INFO - [2024-05-20T18:24:21.707+0000] {dagbag.py:545} INFO - Filling up the DagBag from /opt/airflow/dags/decorator_dag.py
[2024-05-20T18:24:21.798+0000] {processor.py:840} INFO - DAG(s) 'example_decorator_dag' retrieved from /opt/airflow/dags/decorator_dag.py
[2024-05-20T18:24:22.025+0000] {logging_mixin.py:188} INFO - [2024-05-20T18:24:22.024+0000] {dag.py:3096} INFO - Sync 1 DAGs
[2024-05-20T18:24:22.109+0000] {logging_mixin.py:188} INFO - [2024-05-20T18:24:22.109+0000] {dag.py:3954} INFO - Setting next_dagrun for example_decorator_dag to 2024-05-19 00:00:00+00:00, run_after=2024-05-20 00:00:00+00:00
[2024-05-20T18:24:22.184+0000] {processor.py:183} INFO - Processing /opt/airflow/dags/decorator_dag.py took 0.553 seconds
[2024-05-20T18:24:52.250+0000] {processor.py:161} INFO - Started process (PID=92) to work on /opt/airflow/dags/decorator_dag.py
[2024-05-20T18:24:52.255+0000] {processor.py:830} INFO - Processing file /opt/airflow/dags/decorator_dag.py for tasks to queue
[2024-05-20T18:24:52.260+0000] {logging_mixin.py:188} INFO - [2024-05-20T18:24:52.259+0000] {dagbag.py:545} INFO - Filling up the DagBag from /opt/airflow/dags/decorator_dag.py
[2024-05-20T18:24:52.296+0000] {processor.py:840} INFO - DAG(s) 'example_decorator_dag' retrieved from /opt/airflow/dags/decorator_dag.py
[2024-05-20T18:24:52.355+0000] {logging_mixin.py:188} INFO - [2024-05-20T18:24:52.355+0000] {dag.py:3096} INFO - Sync 1 DAGs
[2024-05-20T18:24:52.403+0000] {logging_mixin.py:188} INFO - [2024-05-20T18:24:52.403+0000] {dag.py:3954} INFO - Setting next_dagrun for example_decorator_dag to 2024-05-19 00:00:00+00:00, run_after=2024-05-20 00:00:00+00:00
[2024-05-20T18:24:52.434+0000] {processor.py:183} INFO - Processing /opt/airflow/dags/decorator_dag.py took 0.205 seconds
[2024-05-20T18:25:22.830+0000] {processor.py:161} INFO - Started process (PID=99) to work on /opt/airflow/dags/decorator_dag.py
[2024-05-20T18:25:22.832+0000] {processor.py:830} INFO - Processing file /opt/airflow/dags/decorator_dag.py for tasks to queue
[2024-05-20T18:25:22.836+0000] {logging_mixin.py:188} INFO - [2024-05-20T18:25:22.835+0000] {dagbag.py:545} INFO - Filling up the DagBag from /opt/airflow/dags/decorator_dag.py
[2024-05-20T18:25:22.959+0000] {processor.py:840} INFO - DAG(s) 'example_decorator_dag' retrieved from /opt/airflow/dags/decorator_dag.py
[2024-05-20T18:25:23.152+0000] {logging_mixin.py:188} INFO - [2024-05-20T18:25:23.151+0000] {dag.py:3096} INFO - Sync 1 DAGs
[2024-05-20T18:25:23.278+0000] {logging_mixin.py:188} INFO - [2024-05-20T18:25:23.277+0000] {dag.py:3954} INFO - Setting next_dagrun for example_decorator_dag to 2024-05-19 00:00:00+00:00, run_after=2024-05-20 00:00:00+00:00
[2024-05-20T18:25:23.449+0000] {processor.py:183} INFO - Processing /opt/airflow/dags/decorator_dag.py took 0.633 seconds
[2024-05-20T18:25:54.306+0000] {processor.py:161} INFO - Started process (PID=112) to work on /opt/airflow/dags/decorator_dag.py
[2024-05-20T18:25:54.308+0000] {processor.py:830} INFO - Processing file /opt/airflow/dags/decorator_dag.py for tasks to queue
[2024-05-20T18:25:54.311+0000] {logging_mixin.py:188} INFO - [2024-05-20T18:25:54.310+0000] {dagbag.py:545} INFO - Filling up the DagBag from /opt/airflow/dags/decorator_dag.py
[2024-05-20T18:25:54.338+0000] {processor.py:840} INFO - DAG(s) 'example_decorator_dag' retrieved from /opt/airflow/dags/decorator_dag.py
[2024-05-20T18:25:54.392+0000] {logging_mixin.py:188} INFO - [2024-05-20T18:25:54.389+0000] {dag.py:3096} INFO - Sync 1 DAGs
[2024-05-20T18:25:54.443+0000] {logging_mixin.py:188} INFO - [2024-05-20T18:25:54.443+0000] {dag.py:3954} INFO - Setting next_dagrun for example_decorator_dag to 2024-05-19 00:00:00+00:00, run_after=2024-05-20 00:00:00+00:00
[2024-05-20T18:25:54.474+0000] {processor.py:183} INFO - Processing /opt/airflow/dags/decorator_dag.py took 0.191 seconds
[2024-05-20T18:26:24.781+0000] {processor.py:161} INFO - Started process (PID=128) to work on /opt/airflow/dags/decorator_dag.py
[2024-05-20T18:26:24.783+0000] {processor.py:830} INFO - Processing file /opt/airflow/dags/decorator_dag.py for tasks to queue
[2024-05-20T18:26:24.787+0000] {logging_mixin.py:188} INFO - [2024-05-20T18:26:24.786+0000] {dagbag.py:545} INFO - Filling up the DagBag from /opt/airflow/dags/decorator_dag.py
[2024-05-20T18:26:24.811+0000] {processor.py:840} INFO - DAG(s) 'example_decorator_dag' retrieved from /opt/airflow/dags/decorator_dag.py
[2024-05-20T18:26:24.856+0000] {logging_mixin.py:188} INFO - [2024-05-20T18:26:24.856+0000] {dag.py:3096} INFO - Sync 1 DAGs
[2024-05-20T18:26:24.928+0000] {logging_mixin.py:188} INFO - [2024-05-20T18:26:24.927+0000] {dag.py:3954} INFO - Setting next_dagrun for example_decorator_dag to 2024-05-19 00:00:00+00:00, run_after=2024-05-20 00:00:00+00:00
[2024-05-20T18:26:24.956+0000] {processor.py:183} INFO - Processing /opt/airflow/dags/decorator_dag.py took 0.192 seconds
[2024-05-20T18:26:55.292+0000] {processor.py:161} INFO - Started process (PID=153) to work on /opt/airflow/dags/decorator_dag.py
[2024-05-20T18:26:55.295+0000] {processor.py:830} INFO - Processing file /opt/airflow/dags/decorator_dag.py for tasks to queue
[2024-05-20T18:26:55.299+0000] {logging_mixin.py:188} INFO - [2024-05-20T18:26:55.298+0000] {dagbag.py:545} INFO - Filling up the DagBag from /opt/airflow/dags/decorator_dag.py
[2024-05-20T18:26:55.338+0000] {processor.py:840} INFO - DAG(s) 'example_decorator_dag' retrieved from /opt/airflow/dags/decorator_dag.py
[2024-05-20T18:26:55.435+0000] {logging_mixin.py:188} INFO - [2024-05-20T18:26:55.435+0000] {dag.py:3096} INFO - Sync 1 DAGs
[2024-05-20T18:26:55.484+0000] {logging_mixin.py:188} INFO - [2024-05-20T18:26:55.484+0000] {dag.py:3954} INFO - Setting next_dagrun for example_decorator_dag to 2024-05-19 00:00:00+00:00, run_after=2024-05-20 00:00:00+00:00
[2024-05-20T18:26:55.575+0000] {processor.py:183} INFO - Processing /opt/airflow/dags/decorator_dag.py took 0.317 seconds
[2024-05-20T18:27:25.834+0000] {processor.py:161} INFO - Started process (PID=161) to work on /opt/airflow/dags/decorator_dag.py
[2024-05-20T18:27:25.836+0000] {processor.py:830} INFO - Processing file /opt/airflow/dags/decorator_dag.py for tasks to queue
[2024-05-20T18:27:25.840+0000] {logging_mixin.py:188} INFO - [2024-05-20T18:27:25.840+0000] {dagbag.py:545} INFO - Filling up the DagBag from /opt/airflow/dags/decorator_dag.py
[2024-05-20T18:27:25.875+0000] {processor.py:840} INFO - DAG(s) 'example_decorator_dag' retrieved from /opt/airflow/dags/decorator_dag.py
[2024-05-20T18:27:25.932+0000] {logging_mixin.py:188} INFO - [2024-05-20T18:27:25.931+0000] {dag.py:3096} INFO - Sync 1 DAGs
[2024-05-20T18:27:25.993+0000] {logging_mixin.py:188} INFO - [2024-05-20T18:27:25.993+0000] {dag.py:3954} INFO - Setting next_dagrun for example_decorator_dag to 2024-05-19 00:00:00+00:00, run_after=2024-05-20 00:00:00+00:00
[2024-05-20T18:27:26.025+0000] {processor.py:183} INFO - Processing /opt/airflow/dags/decorator_dag.py took 0.219 seconds
[2024-05-20T18:27:56.337+0000] {processor.py:161} INFO - Started process (PID=169) to work on /opt/airflow/dags/decorator_dag.py
[2024-05-20T18:27:56.341+0000] {processor.py:830} INFO - Processing file /opt/airflow/dags/decorator_dag.py for tasks to queue
[2024-05-20T18:27:56.344+0000] {logging_mixin.py:188} INFO - [2024-05-20T18:27:56.343+0000] {dagbag.py:545} INFO - Filling up the DagBag from /opt/airflow/dags/decorator_dag.py
[2024-05-20T18:27:56.369+0000] {processor.py:840} INFO - DAG(s) 'example_decorator_dag' retrieved from /opt/airflow/dags/decorator_dag.py
[2024-05-20T18:27:56.444+0000] {logging_mixin.py:188} INFO - [2024-05-20T18:27:56.444+0000] {dag.py:3096} INFO - Sync 1 DAGs
[2024-05-20T18:27:56.509+0000] {logging_mixin.py:188} INFO - [2024-05-20T18:27:56.509+0000] {dag.py:3954} INFO - Setting next_dagrun for example_decorator_dag to 2024-05-19 00:00:00+00:00, run_after=2024-05-20 00:00:00+00:00
[2024-05-20T18:27:56.539+0000] {processor.py:183} INFO - Processing /opt/airflow/dags/decorator_dag.py took 0.235 seconds
[2024-05-20T18:28:26.883+0000] {processor.py:161} INFO - Started process (PID=177) to work on /opt/airflow/dags/decorator_dag.py
[2024-05-20T18:28:26.884+0000] {processor.py:830} INFO - Processing file /opt/airflow/dags/decorator_dag.py for tasks to queue
[2024-05-20T18:28:26.887+0000] {logging_mixin.py:188} INFO - [2024-05-20T18:28:26.887+0000] {dagbag.py:545} INFO - Filling up the DagBag from /opt/airflow/dags/decorator_dag.py
[2024-05-20T18:28:26.918+0000] {processor.py:840} INFO - DAG(s) 'example_decorator_dag' retrieved from /opt/airflow/dags/decorator_dag.py
[2024-05-20T18:28:26.978+0000] {logging_mixin.py:188} INFO - [2024-05-20T18:28:26.977+0000] {dag.py:3096} INFO - Sync 1 DAGs
[2024-05-20T18:28:27.018+0000] {logging_mixin.py:188} INFO - [2024-05-20T18:28:27.017+0000] {dag.py:3954} INFO - Setting next_dagrun for example_decorator_dag to 2024-05-19 00:00:00+00:00, run_after=2024-05-20 00:00:00+00:00
[2024-05-20T18:28:27.047+0000] {processor.py:183} INFO - Processing /opt/airflow/dags/decorator_dag.py took 0.197 seconds
[2024-05-20T18:28:57.424+0000] {processor.py:161} INFO - Started process (PID=184) to work on /opt/airflow/dags/decorator_dag.py
[2024-05-20T18:28:57.426+0000] {processor.py:830} INFO - Processing file /opt/airflow/dags/decorator_dag.py for tasks to queue
[2024-05-20T18:28:57.429+0000] {logging_mixin.py:188} INFO - [2024-05-20T18:28:57.428+0000] {dagbag.py:545} INFO - Filling up the DagBag from /opt/airflow/dags/decorator_dag.py
[2024-05-20T18:28:57.456+0000] {processor.py:840} INFO - DAG(s) 'example_decorator_dag' retrieved from /opt/airflow/dags/decorator_dag.py
[2024-05-20T18:28:57.502+0000] {logging_mixin.py:188} INFO - [2024-05-20T18:28:57.501+0000] {dag.py:3096} INFO - Sync 1 DAGs
[2024-05-20T18:28:57.556+0000] {logging_mixin.py:188} INFO - [2024-05-20T18:28:57.556+0000] {dag.py:3954} INFO - Setting next_dagrun for example_decorator_dag to 2024-05-19 00:00:00+00:00, run_after=2024-05-20 00:00:00+00:00
[2024-05-20T18:28:57.597+0000] {processor.py:183} INFO - Processing /opt/airflow/dags/decorator_dag.py took 0.192 seconds
[2024-05-20T18:29:27.979+0000] {processor.py:161} INFO - Started process (PID=193) to work on /opt/airflow/dags/decorator_dag.py
[2024-05-20T18:29:27.981+0000] {processor.py:830} INFO - Processing file /opt/airflow/dags/decorator_dag.py for tasks to queue
[2024-05-20T18:29:27.984+0000] {logging_mixin.py:188} INFO - [2024-05-20T18:29:27.983+0000] {dagbag.py:545} INFO - Filling up the DagBag from /opt/airflow/dags/decorator_dag.py
[2024-05-20T18:29:28.019+0000] {processor.py:840} INFO - DAG(s) 'example_decorator_dag' retrieved from /opt/airflow/dags/decorator_dag.py
[2024-05-20T18:29:28.149+0000] {logging_mixin.py:188} INFO - [2024-05-20T18:29:28.149+0000] {dag.py:3096} INFO - Sync 1 DAGs
[2024-05-20T18:29:28.217+0000] {logging_mixin.py:188} INFO - [2024-05-20T18:29:28.216+0000] {dag.py:3954} INFO - Setting next_dagrun for example_decorator_dag to 2024-05-19 00:00:00+00:00, run_after=2024-05-20 00:00:00+00:00
[2024-05-20T18:29:28.284+0000] {processor.py:183} INFO - Processing /opt/airflow/dags/decorator_dag.py took 0.335 seconds
[2024-05-20T18:29:58.626+0000] {processor.py:161} INFO - Started process (PID=200) to work on /opt/airflow/dags/decorator_dag.py
[2024-05-20T18:29:58.630+0000] {processor.py:830} INFO - Processing file /opt/airflow/dags/decorator_dag.py for tasks to queue
[2024-05-20T18:29:58.633+0000] {logging_mixin.py:188} INFO - [2024-05-20T18:29:58.633+0000] {dagbag.py:545} INFO - Filling up the DagBag from /opt/airflow/dags/decorator_dag.py
[2024-05-20T18:29:58.656+0000] {processor.py:840} INFO - DAG(s) 'example_decorator_dag' retrieved from /opt/airflow/dags/decorator_dag.py
[2024-05-20T18:29:58.724+0000] {logging_mixin.py:188} INFO - [2024-05-20T18:29:58.723+0000] {dag.py:3096} INFO - Sync 1 DAGs
[2024-05-20T18:29:58.763+0000] {logging_mixin.py:188} INFO - [2024-05-20T18:29:58.762+0000] {dag.py:3954} INFO - Setting next_dagrun for example_decorator_dag to 2024-05-19 00:00:00+00:00, run_after=2024-05-20 00:00:00+00:00
[2024-05-20T18:29:58.793+0000] {processor.py:183} INFO - Processing /opt/airflow/dags/decorator_dag.py took 0.189 seconds
[2024-05-20T18:30:29.211+0000] {processor.py:161} INFO - Started process (PID=208) to work on /opt/airflow/dags/decorator_dag.py
[2024-05-20T18:30:29.212+0000] {processor.py:830} INFO - Processing file /opt/airflow/dags/decorator_dag.py for tasks to queue
[2024-05-20T18:30:29.216+0000] {logging_mixin.py:188} INFO - [2024-05-20T18:30:29.215+0000] {dagbag.py:545} INFO - Filling up the DagBag from /opt/airflow/dags/decorator_dag.py
[2024-05-20T18:30:29.240+0000] {processor.py:840} INFO - DAG(s) 'example_decorator_dag' retrieved from /opt/airflow/dags/decorator_dag.py
[2024-05-20T18:30:29.298+0000] {logging_mixin.py:188} INFO - [2024-05-20T18:30:29.297+0000] {dag.py:3096} INFO - Sync 1 DAGs
[2024-05-20T18:30:29.353+0000] {logging_mixin.py:188} INFO - [2024-05-20T18:30:29.352+0000] {dag.py:3954} INFO - Setting next_dagrun for example_decorator_dag to 2024-05-19 00:00:00+00:00, run_after=2024-05-20 00:00:00+00:00
[2024-05-20T18:30:29.394+0000] {processor.py:183} INFO - Processing /opt/airflow/dags/decorator_dag.py took 0.201 seconds
[2024-05-20T18:30:59.758+0000] {processor.py:161} INFO - Started process (PID=217) to work on /opt/airflow/dags/decorator_dag.py
[2024-05-20T18:30:59.759+0000] {processor.py:830} INFO - Processing file /opt/airflow/dags/decorator_dag.py for tasks to queue
[2024-05-20T18:30:59.763+0000] {logging_mixin.py:188} INFO - [2024-05-20T18:30:59.762+0000] {dagbag.py:545} INFO - Filling up the DagBag from /opt/airflow/dags/decorator_dag.py
[2024-05-20T18:30:59.784+0000] {processor.py:840} INFO - DAG(s) 'example_decorator_dag' retrieved from /opt/airflow/dags/decorator_dag.py
[2024-05-20T18:30:59.855+0000] {logging_mixin.py:188} INFO - [2024-05-20T18:30:59.854+0000] {dag.py:3096} INFO - Sync 1 DAGs
[2024-05-20T18:30:59.940+0000] {logging_mixin.py:188} INFO - [2024-05-20T18:30:59.939+0000] {dag.py:3954} INFO - Setting next_dagrun for example_decorator_dag to 2024-05-19 00:00:00+00:00, run_after=2024-05-20 00:00:00+00:00
[2024-05-20T18:30:59.983+0000] {processor.py:183} INFO - Processing /opt/airflow/dags/decorator_dag.py took 0.248 seconds
[2024-05-20T18:31:30.348+0000] {processor.py:161} INFO - Started process (PID=224) to work on /opt/airflow/dags/decorator_dag.py
[2024-05-20T18:31:30.350+0000] {processor.py:830} INFO - Processing file /opt/airflow/dags/decorator_dag.py for tasks to queue
[2024-05-20T18:31:30.354+0000] {logging_mixin.py:188} INFO - [2024-05-20T18:31:30.353+0000] {dagbag.py:545} INFO - Filling up the DagBag from /opt/airflow/dags/decorator_dag.py
[2024-05-20T18:31:30.381+0000] {processor.py:840} INFO - DAG(s) 'example_decorator_dag' retrieved from /opt/airflow/dags/decorator_dag.py
[2024-05-20T18:31:30.445+0000] {logging_mixin.py:188} INFO - [2024-05-20T18:31:30.444+0000] {dag.py:3096} INFO - Sync 1 DAGs
[2024-05-20T18:31:30.492+0000] {logging_mixin.py:188} INFO - [2024-05-20T18:31:30.492+0000] {dag.py:3954} INFO - Setting next_dagrun for example_decorator_dag to 2024-05-19 00:00:00+00:00, run_after=2024-05-20 00:00:00+00:00
[2024-05-20T18:31:30.538+0000] {processor.py:183} INFO - Processing /opt/airflow/dags/decorator_dag.py took 0.232 seconds
[2024-05-20T18:32:00.870+0000] {processor.py:161} INFO - Started process (PID=232) to work on /opt/airflow/dags/decorator_dag.py
[2024-05-20T18:32:00.887+0000] {processor.py:830} INFO - Processing file /opt/airflow/dags/decorator_dag.py for tasks to queue
[2024-05-20T18:32:00.890+0000] {logging_mixin.py:188} INFO - [2024-05-20T18:32:00.889+0000] {dagbag.py:545} INFO - Filling up the DagBag from /opt/airflow/dags/decorator_dag.py
[2024-05-20T18:32:00.907+0000] {processor.py:840} INFO - DAG(s) 'example_decorator_dag' retrieved from /opt/airflow/dags/decorator_dag.py
[2024-05-20T18:32:00.973+0000] {logging_mixin.py:188} INFO - [2024-05-20T18:32:00.973+0000] {dag.py:3096} INFO - Sync 1 DAGs
[2024-05-20T18:32:01.063+0000] {logging_mixin.py:188} INFO - [2024-05-20T18:32:01.063+0000] {dag.py:3954} INFO - Setting next_dagrun for example_decorator_dag to 2024-05-19 00:00:00+00:00, run_after=2024-05-20 00:00:00+00:00
[2024-05-20T18:32:01.144+0000] {processor.py:183} INFO - Processing /opt/airflow/dags/decorator_dag.py took 0.313 seconds
[2024-05-20T18:32:31.516+0000] {processor.py:161} INFO - Started process (PID=240) to work on /opt/airflow/dags/decorator_dag.py
[2024-05-20T18:32:31.517+0000] {processor.py:830} INFO - Processing file /opt/airflow/dags/decorator_dag.py for tasks to queue
[2024-05-20T18:32:31.520+0000] {logging_mixin.py:188} INFO - [2024-05-20T18:32:31.519+0000] {dagbag.py:545} INFO - Filling up the DagBag from /opt/airflow/dags/decorator_dag.py
[2024-05-20T18:32:31.539+0000] {processor.py:840} INFO - DAG(s) 'example_decorator_dag' retrieved from /opt/airflow/dags/decorator_dag.py
[2024-05-20T18:32:31.605+0000] {logging_mixin.py:188} INFO - [2024-05-20T18:32:31.604+0000] {dag.py:3096} INFO - Sync 1 DAGs
[2024-05-20T18:32:31.668+0000] {logging_mixin.py:188} INFO - [2024-05-20T18:32:31.667+0000] {dag.py:3954} INFO - Setting next_dagrun for example_decorator_dag to 2024-05-19 00:00:00+00:00, run_after=2024-05-20 00:00:00+00:00
[2024-05-20T18:32:31.706+0000] {processor.py:183} INFO - Processing /opt/airflow/dags/decorator_dag.py took 0.212 seconds
[2024-05-20T18:33:02.188+0000] {processor.py:161} INFO - Started process (PID=248) to work on /opt/airflow/dags/decorator_dag.py
[2024-05-20T18:33:02.190+0000] {processor.py:830} INFO - Processing file /opt/airflow/dags/decorator_dag.py for tasks to queue
[2024-05-20T18:33:02.192+0000] {logging_mixin.py:188} INFO - [2024-05-20T18:33:02.192+0000] {dagbag.py:545} INFO - Filling up the DagBag from /opt/airflow/dags/decorator_dag.py
[2024-05-20T18:33:02.210+0000] {processor.py:840} INFO - DAG(s) 'example_decorator_dag' retrieved from /opt/airflow/dags/decorator_dag.py
[2024-05-20T18:33:02.278+0000] {logging_mixin.py:188} INFO - [2024-05-20T18:33:02.277+0000] {dag.py:3096} INFO - Sync 1 DAGs
[2024-05-20T18:33:02.343+0000] {logging_mixin.py:188} INFO - [2024-05-20T18:33:02.342+0000] {dag.py:3954} INFO - Setting next_dagrun for example_decorator_dag to 2024-05-19 00:00:00+00:00, run_after=2024-05-20 00:00:00+00:00
[2024-05-20T18:33:02.383+0000] {processor.py:183} INFO - Processing /opt/airflow/dags/decorator_dag.py took 0.214 seconds
[2024-05-20T18:33:32.657+0000] {processor.py:161} INFO - Started process (PID=256) to work on /opt/airflow/dags/decorator_dag.py
[2024-05-20T18:33:32.659+0000] {processor.py:830} INFO - Processing file /opt/airflow/dags/decorator_dag.py for tasks to queue
[2024-05-20T18:33:32.662+0000] {logging_mixin.py:188} INFO - [2024-05-20T18:33:32.661+0000] {dagbag.py:545} INFO - Filling up the DagBag from /opt/airflow/dags/decorator_dag.py
[2024-05-20T18:33:32.688+0000] {processor.py:840} INFO - DAG(s) 'example_decorator_dag' retrieved from /opt/airflow/dags/decorator_dag.py
[2024-05-20T18:33:32.733+0000] {logging_mixin.py:188} INFO - [2024-05-20T18:33:32.733+0000] {dag.py:3096} INFO - Sync 1 DAGs
[2024-05-20T18:33:32.780+0000] {logging_mixin.py:188} INFO - [2024-05-20T18:33:32.780+0000] {dag.py:3954} INFO - Setting next_dagrun for example_decorator_dag to 2024-05-19 00:00:00+00:00, run_after=2024-05-20 00:00:00+00:00
[2024-05-20T18:33:32.819+0000] {processor.py:183} INFO - Processing /opt/airflow/dags/decorator_dag.py took 0.187 seconds
[2024-05-20T18:34:03.275+0000] {processor.py:161} INFO - Started process (PID=263) to work on /opt/airflow/dags/decorator_dag.py
[2024-05-20T18:34:03.278+0000] {processor.py:830} INFO - Processing file /opt/airflow/dags/decorator_dag.py for tasks to queue
[2024-05-20T18:34:03.282+0000] {logging_mixin.py:188} INFO - [2024-05-20T18:34:03.281+0000] {dagbag.py:545} INFO - Filling up the DagBag from /opt/airflow/dags/decorator_dag.py
[2024-05-20T18:34:03.312+0000] {processor.py:840} INFO - DAG(s) 'example_decorator_dag' retrieved from /opt/airflow/dags/decorator_dag.py
[2024-05-20T18:34:03.404+0000] {logging_mixin.py:188} INFO - [2024-05-20T18:34:03.404+0000] {dag.py:3096} INFO - Sync 1 DAGs
[2024-05-20T18:34:03.471+0000] {logging_mixin.py:188} INFO - [2024-05-20T18:34:03.471+0000] {dag.py:3954} INFO - Setting next_dagrun for example_decorator_dag to 2024-05-19 00:00:00+00:00, run_after=2024-05-20 00:00:00+00:00
[2024-05-20T18:34:03.504+0000] {processor.py:183} INFO - Processing /opt/airflow/dags/decorator_dag.py took 0.280 seconds
[2024-05-20T18:34:33.857+0000] {processor.py:161} INFO - Started process (PID=271) to work on /opt/airflow/dags/decorator_dag.py
[2024-05-20T18:34:33.871+0000] {processor.py:830} INFO - Processing file /opt/airflow/dags/decorator_dag.py for tasks to queue
[2024-05-20T18:34:33.874+0000] {logging_mixin.py:188} INFO - [2024-05-20T18:34:33.873+0000] {dagbag.py:545} INFO - Filling up the DagBag from /opt/airflow/dags/decorator_dag.py
[2024-05-20T18:34:33.939+0000] {processor.py:840} INFO - DAG(s) 'example_decorator_dag' retrieved from /opt/airflow/dags/decorator_dag.py
[2024-05-20T18:34:34.100+0000] {logging_mixin.py:188} INFO - [2024-05-20T18:34:34.099+0000] {dag.py:3096} INFO - Sync 1 DAGs
[2024-05-20T18:34:34.203+0000] {logging_mixin.py:188} INFO - [2024-05-20T18:34:34.203+0000] {dag.py:3954} INFO - Setting next_dagrun for example_decorator_dag to 2024-05-19 00:00:00+00:00, run_after=2024-05-20 00:00:00+00:00
[2024-05-20T18:34:34.283+0000] {processor.py:183} INFO - Processing /opt/airflow/dags/decorator_dag.py took 0.480 seconds
[2024-05-20T18:35:05.183+0000] {processor.py:161} INFO - Started process (PID=279) to work on /opt/airflow/dags/decorator_dag.py
[2024-05-20T18:35:05.185+0000] {processor.py:830} INFO - Processing file /opt/airflow/dags/decorator_dag.py for tasks to queue
[2024-05-20T18:35:05.191+0000] {logging_mixin.py:188} INFO - [2024-05-20T18:35:05.190+0000] {dagbag.py:545} INFO - Filling up the DagBag from /opt/airflow/dags/decorator_dag.py
[2024-05-20T18:35:05.219+0000] {processor.py:840} INFO - DAG(s) 'example_decorator_dag' retrieved from /opt/airflow/dags/decorator_dag.py
[2024-05-20T18:35:05.299+0000] {logging_mixin.py:188} INFO - [2024-05-20T18:35:05.298+0000] {dag.py:3096} INFO - Sync 1 DAGs
[2024-05-20T18:35:05.366+0000] {logging_mixin.py:188} INFO - [2024-05-20T18:35:05.365+0000] {dag.py:3954} INFO - Setting next_dagrun for example_decorator_dag to 2024-05-19 00:00:00+00:00, run_after=2024-05-20 00:00:00+00:00
[2024-05-20T18:35:05.397+0000] {processor.py:183} INFO - Processing /opt/airflow/dags/decorator_dag.py took 0.246 seconds
[2024-05-20T18:35:35.702+0000] {processor.py:161} INFO - Started process (PID=287) to work on /opt/airflow/dags/decorator_dag.py
[2024-05-20T18:35:35.703+0000] {processor.py:830} INFO - Processing file /opt/airflow/dags/decorator_dag.py for tasks to queue
[2024-05-20T18:35:35.705+0000] {logging_mixin.py:188} INFO - [2024-05-20T18:35:35.705+0000] {dagbag.py:545} INFO - Filling up the DagBag from /opt/airflow/dags/decorator_dag.py
[2024-05-20T18:35:35.730+0000] {processor.py:840} INFO - DAG(s) 'example_decorator_dag' retrieved from /opt/airflow/dags/decorator_dag.py
[2024-05-20T18:35:35.775+0000] {logging_mixin.py:188} INFO - [2024-05-20T18:35:35.775+0000] {dag.py:3096} INFO - Sync 1 DAGs
[2024-05-20T18:35:35.839+0000] {logging_mixin.py:188} INFO - [2024-05-20T18:35:35.839+0000] {dag.py:3954} INFO - Setting next_dagrun for example_decorator_dag to 2024-05-19 00:00:00+00:00, run_after=2024-05-20 00:00:00+00:00
[2024-05-20T18:35:35.866+0000] {processor.py:183} INFO - Processing /opt/airflow/dags/decorator_dag.py took 0.181 seconds
[2024-05-20T18:36:06.299+0000] {processor.py:161} INFO - Started process (PID=296) to work on /opt/airflow/dags/decorator_dag.py
[2024-05-20T18:36:06.300+0000] {processor.py:830} INFO - Processing file /opt/airflow/dags/decorator_dag.py for tasks to queue
[2024-05-20T18:36:06.303+0000] {logging_mixin.py:188} INFO - [2024-05-20T18:36:06.303+0000] {dagbag.py:545} INFO - Filling up the DagBag from /opt/airflow/dags/decorator_dag.py
[2024-05-20T18:36:06.333+0000] {processor.py:840} INFO - DAG(s) 'example_decorator_dag' retrieved from /opt/airflow/dags/decorator_dag.py
[2024-05-20T18:36:06.401+0000] {logging_mixin.py:188} INFO - [2024-05-20T18:36:06.400+0000] {dag.py:3096} INFO - Sync 1 DAGs
[2024-05-20T18:36:06.439+0000] {logging_mixin.py:188} INFO - [2024-05-20T18:36:06.439+0000] {dag.py:3954} INFO - Setting next_dagrun for example_decorator_dag to 2024-05-19 00:00:00+00:00, run_after=2024-05-20 00:00:00+00:00
[2024-05-20T18:36:06.470+0000] {processor.py:183} INFO - Processing /opt/airflow/dags/decorator_dag.py took 0.198 seconds
[2024-05-20T18:36:36.778+0000] {processor.py:161} INFO - Started process (PID=305) to work on /opt/airflow/dags/decorator_dag.py
[2024-05-20T18:36:36.780+0000] {processor.py:830} INFO - Processing file /opt/airflow/dags/decorator_dag.py for tasks to queue
[2024-05-20T18:36:36.782+0000] {logging_mixin.py:188} INFO - [2024-05-20T18:36:36.782+0000] {dagbag.py:545} INFO - Filling up the DagBag from /opt/airflow/dags/decorator_dag.py
[2024-05-20T18:36:36.800+0000] {processor.py:840} INFO - DAG(s) 'example_decorator_dag' retrieved from /opt/airflow/dags/decorator_dag.py
[2024-05-20T18:36:36.848+0000] {logging_mixin.py:188} INFO - [2024-05-20T18:36:36.848+0000] {dag.py:3096} INFO - Sync 1 DAGs
[2024-05-20T18:36:36.936+0000] {logging_mixin.py:188} INFO - [2024-05-20T18:36:36.935+0000] {dag.py:3954} INFO - Setting next_dagrun for example_decorator_dag to 2024-05-19 00:00:00+00:00, run_after=2024-05-20 00:00:00+00:00
[2024-05-20T18:36:36.975+0000] {processor.py:183} INFO - Processing /opt/airflow/dags/decorator_dag.py took 0.215 seconds
[2024-05-20T18:41:33.890+0000] {processor.py:161} INFO - Started process (PID=67) to work on /opt/airflow/dags/decorator_dag.py
[2024-05-20T18:41:33.917+0000] {processor.py:830} INFO - Processing file /opt/airflow/dags/decorator_dag.py for tasks to queue
[2024-05-20T18:41:33.932+0000] {logging_mixin.py:188} INFO - [2024-05-20T18:41:33.931+0000] {dagbag.py:545} INFO - Filling up the DagBag from /opt/airflow/dags/decorator_dag.py
[2024-05-20T18:41:34.124+0000] {processor.py:840} INFO - DAG(s) 'example_decorator_dag' retrieved from /opt/airflow/dags/decorator_dag.py
[2024-05-20T18:41:36.450+0000] {logging_mixin.py:188} INFO - [2024-05-20T18:41:36.422+0000] {dag.py:3096} INFO - Sync 1 DAGs
[2024-05-20T18:41:36.770+0000] {logging_mixin.py:188} INFO - [2024-05-20T18:41:36.769+0000] {dag.py:3954} INFO - Setting next_dagrun for example_decorator_dag to 2024-05-19 00:00:00+00:00, run_after=2024-05-20 00:00:00+00:00
[2024-05-20T18:41:37.196+0000] {processor.py:183} INFO - Processing /opt/airflow/dags/decorator_dag.py took 3.370 seconds
[2024-05-20T18:42:07.515+0000] {processor.py:161} INFO - Started process (PID=75) to work on /opt/airflow/dags/decorator_dag.py
[2024-05-20T18:42:07.541+0000] {processor.py:830} INFO - Processing file /opt/airflow/dags/decorator_dag.py for tasks to queue
[2024-05-20T18:42:07.565+0000] {logging_mixin.py:188} INFO - [2024-05-20T18:42:07.565+0000] {dagbag.py:545} INFO - Filling up the DagBag from /opt/airflow/dags/decorator_dag.py
[2024-05-20T18:42:07.650+0000] {processor.py:840} INFO - DAG(s) 'example_decorator_dag' retrieved from /opt/airflow/dags/decorator_dag.py
[2024-05-20T18:42:07.745+0000] {logging_mixin.py:188} INFO - [2024-05-20T18:42:07.745+0000] {dag.py:3096} INFO - Sync 1 DAGs
[2024-05-20T18:42:07.867+0000] {logging_mixin.py:188} INFO - [2024-05-20T18:42:07.866+0000] {dag.py:3954} INFO - Setting next_dagrun for example_decorator_dag to 2024-05-19 00:00:00+00:00, run_after=2024-05-20 00:00:00+00:00
[2024-05-20T18:42:08.032+0000] {processor.py:183} INFO - Processing /opt/airflow/dags/decorator_dag.py took 0.543 seconds
[2024-05-20T18:42:40.372+0000] {processor.py:161} INFO - Started process (PID=82) to work on /opt/airflow/dags/decorator_dag.py
[2024-05-20T18:42:40.388+0000] {processor.py:830} INFO - Processing file /opt/airflow/dags/decorator_dag.py for tasks to queue
[2024-05-20T18:42:40.412+0000] {logging_mixin.py:188} INFO - [2024-05-20T18:42:40.402+0000] {dagbag.py:545} INFO - Filling up the DagBag from /opt/airflow/dags/decorator_dag.py
[2024-05-20T18:42:40.696+0000] {processor.py:840} INFO - DAG(s) 'example_decorator_dag' retrieved from /opt/airflow/dags/decorator_dag.py
[2024-05-20T18:42:41.212+0000] {logging_mixin.py:188} INFO - [2024-05-20T18:42:41.212+0000] {dag.py:3096} INFO - Sync 1 DAGs
[2024-05-20T18:42:41.439+0000] {logging_mixin.py:188} INFO - [2024-05-20T18:42:41.438+0000] {dag.py:3954} INFO - Setting next_dagrun for example_decorator_dag to 2024-05-19 00:00:00+00:00, run_after=2024-05-20 00:00:00+00:00
[2024-05-20T18:42:41.478+0000] {processor.py:183} INFO - Processing /opt/airflow/dags/decorator_dag.py took 1.260 seconds
[2024-05-20T18:43:11.904+0000] {processor.py:161} INFO - Started process (PID=89) to work on /opt/airflow/dags/decorator_dag.py
[2024-05-20T18:43:11.906+0000] {processor.py:830} INFO - Processing file /opt/airflow/dags/decorator_dag.py for tasks to queue
[2024-05-20T18:43:11.910+0000] {logging_mixin.py:188} INFO - [2024-05-20T18:43:11.909+0000] {dagbag.py:545} INFO - Filling up the DagBag from /opt/airflow/dags/decorator_dag.py
[2024-05-20T18:43:11.949+0000] {processor.py:840} INFO - DAG(s) 'example_decorator_dag' retrieved from /opt/airflow/dags/decorator_dag.py
[2024-05-20T18:43:12.083+0000] {logging_mixin.py:188} INFO - [2024-05-20T18:43:12.083+0000] {dag.py:3096} INFO - Sync 1 DAGs
[2024-05-20T18:43:12.157+0000] {logging_mixin.py:188} INFO - [2024-05-20T18:43:12.156+0000] {dag.py:3954} INFO - Setting next_dagrun for example_decorator_dag to 2024-05-19 00:00:00+00:00, run_after=2024-05-20 00:00:00+00:00
[2024-05-20T18:43:12.207+0000] {processor.py:183} INFO - Processing /opt/airflow/dags/decorator_dag.py took 0.318 seconds
[2024-05-20T18:43:42.581+0000] {processor.py:161} INFO - Started process (PID=97) to work on /opt/airflow/dags/decorator_dag.py
[2024-05-20T18:43:42.583+0000] {processor.py:830} INFO - Processing file /opt/airflow/dags/decorator_dag.py for tasks to queue
[2024-05-20T18:43:42.586+0000] {logging_mixin.py:188} INFO - [2024-05-20T18:43:42.586+0000] {dagbag.py:545} INFO - Filling up the DagBag from /opt/airflow/dags/decorator_dag.py
[2024-05-20T18:43:42.614+0000] {processor.py:840} INFO - DAG(s) 'example_decorator_dag' retrieved from /opt/airflow/dags/decorator_dag.py
[2024-05-20T18:43:42.688+0000] {logging_mixin.py:188} INFO - [2024-05-20T18:43:42.688+0000] {dag.py:3096} INFO - Sync 1 DAGs
[2024-05-20T18:43:42.740+0000] {logging_mixin.py:188} INFO - [2024-05-20T18:43:42.740+0000] {dag.py:3954} INFO - Setting next_dagrun for example_decorator_dag to 2024-05-19 00:00:00+00:00, run_after=2024-05-20 00:00:00+00:00
[2024-05-20T18:43:42.773+0000] {processor.py:183} INFO - Processing /opt/airflow/dags/decorator_dag.py took 0.206 seconds
[2024-05-20T18:44:13.149+0000] {processor.py:161} INFO - Started process (PID=105) to work on /opt/airflow/dags/decorator_dag.py
[2024-05-20T18:44:13.152+0000] {processor.py:830} INFO - Processing file /opt/airflow/dags/decorator_dag.py for tasks to queue
[2024-05-20T18:44:13.156+0000] {logging_mixin.py:188} INFO - [2024-05-20T18:44:13.156+0000] {dagbag.py:545} INFO - Filling up the DagBag from /opt/airflow/dags/decorator_dag.py
[2024-05-20T18:44:13.191+0000] {processor.py:840} INFO - DAG(s) 'example_decorator_dag' retrieved from /opt/airflow/dags/decorator_dag.py
[2024-05-20T18:44:13.272+0000] {logging_mixin.py:188} INFO - [2024-05-20T18:44:13.272+0000] {dag.py:3096} INFO - Sync 1 DAGs
[2024-05-20T18:44:13.326+0000] {logging_mixin.py:188} INFO - [2024-05-20T18:44:13.325+0000] {dag.py:3954} INFO - Setting next_dagrun for example_decorator_dag to 2024-05-19 00:00:00+00:00, run_after=2024-05-20 00:00:00+00:00
[2024-05-20T18:44:13.386+0000] {processor.py:183} INFO - Processing /opt/airflow/dags/decorator_dag.py took 0.255 seconds
[2024-05-20T18:44:43.930+0000] {processor.py:161} INFO - Started process (PID=112) to work on /opt/airflow/dags/decorator_dag.py
[2024-05-20T18:44:43.944+0000] {processor.py:830} INFO - Processing file /opt/airflow/dags/decorator_dag.py for tasks to queue
[2024-05-20T18:44:43.960+0000] {logging_mixin.py:188} INFO - [2024-05-20T18:44:43.959+0000] {dagbag.py:545} INFO - Filling up the DagBag from /opt/airflow/dags/decorator_dag.py
[2024-05-20T18:44:44.164+0000] {processor.py:840} INFO - DAG(s) 'example_decorator_dag' retrieved from /opt/airflow/dags/decorator_dag.py
[2024-05-20T18:44:44.496+0000] {logging_mixin.py:188} INFO - [2024-05-20T18:44:44.495+0000] {dag.py:3096} INFO - Sync 1 DAGs
[2024-05-20T18:44:44.680+0000] {logging_mixin.py:188} INFO - [2024-05-20T18:44:44.679+0000] {dag.py:3954} INFO - Setting next_dagrun for example_decorator_dag to 2024-05-19 00:00:00+00:00, run_after=2024-05-20 00:00:00+00:00
[2024-05-20T18:44:44.823+0000] {processor.py:183} INFO - Processing /opt/airflow/dags/decorator_dag.py took 0.926 seconds
[2024-05-20T18:45:15.293+0000] {processor.py:161} INFO - Started process (PID=120) to work on /opt/airflow/dags/decorator_dag.py
[2024-05-20T18:45:15.295+0000] {processor.py:830} INFO - Processing file /opt/airflow/dags/decorator_dag.py for tasks to queue
[2024-05-20T18:45:15.299+0000] {logging_mixin.py:188} INFO - [2024-05-20T18:45:15.298+0000] {dagbag.py:545} INFO - Filling up the DagBag from /opt/airflow/dags/decorator_dag.py
[2024-05-20T18:45:15.326+0000] {processor.py:840} INFO - DAG(s) 'example_decorator_dag' retrieved from /opt/airflow/dags/decorator_dag.py
[2024-05-20T18:45:15.371+0000] {logging_mixin.py:188} INFO - [2024-05-20T18:45:15.371+0000] {dag.py:3096} INFO - Sync 1 DAGs
[2024-05-20T18:45:15.409+0000] {logging_mixin.py:188} INFO - [2024-05-20T18:45:15.409+0000] {dag.py:3954} INFO - Setting next_dagrun for example_decorator_dag to 2024-05-19 00:00:00+00:00, run_after=2024-05-20 00:00:00+00:00
[2024-05-20T18:45:15.447+0000] {processor.py:183} INFO - Processing /opt/airflow/dags/decorator_dag.py took 0.174 seconds
[2024-05-20T18:45:45.894+0000] {processor.py:161} INFO - Started process (PID=127) to work on /opt/airflow/dags/decorator_dag.py
[2024-05-20T18:45:45.896+0000] {processor.py:830} INFO - Processing file /opt/airflow/dags/decorator_dag.py for tasks to queue
[2024-05-20T18:45:45.900+0000] {logging_mixin.py:188} INFO - [2024-05-20T18:45:45.899+0000] {dagbag.py:545} INFO - Filling up the DagBag from /opt/airflow/dags/decorator_dag.py
[2024-05-20T18:45:45.923+0000] {processor.py:840} INFO - DAG(s) 'example_decorator_dag' retrieved from /opt/airflow/dags/decorator_dag.py
[2024-05-20T18:45:46.018+0000] {logging_mixin.py:188} INFO - [2024-05-20T18:45:46.017+0000] {dag.py:3096} INFO - Sync 1 DAGs
[2024-05-20T18:45:46.079+0000] {logging_mixin.py:188} INFO - [2024-05-20T18:45:46.079+0000] {dag.py:3954} INFO - Setting next_dagrun for example_decorator_dag to 2024-05-19 00:00:00+00:00, run_after=2024-05-20 00:00:00+00:00
[2024-05-20T18:45:46.136+0000] {processor.py:183} INFO - Processing /opt/airflow/dags/decorator_dag.py took 0.267 seconds
[2024-05-20T18:46:16.548+0000] {processor.py:161} INFO - Started process (PID=135) to work on /opt/airflow/dags/decorator_dag.py
[2024-05-20T18:46:16.552+0000] {processor.py:830} INFO - Processing file /opt/airflow/dags/decorator_dag.py for tasks to queue
[2024-05-20T18:46:16.557+0000] {logging_mixin.py:188} INFO - [2024-05-20T18:46:16.556+0000] {dagbag.py:545} INFO - Filling up the DagBag from /opt/airflow/dags/decorator_dag.py
[2024-05-20T18:46:16.597+0000] {processor.py:840} INFO - DAG(s) 'example_decorator_dag' retrieved from /opt/airflow/dags/decorator_dag.py
[2024-05-20T18:46:16.659+0000] {logging_mixin.py:188} INFO - [2024-05-20T18:46:16.658+0000] {dag.py:3096} INFO - Sync 1 DAGs
[2024-05-20T18:46:16.708+0000] {logging_mixin.py:188} INFO - [2024-05-20T18:46:16.707+0000] {dag.py:3954} INFO - Setting next_dagrun for example_decorator_dag to 2024-05-19 00:00:00+00:00, run_after=2024-05-20 00:00:00+00:00
[2024-05-20T18:46:16.745+0000] {processor.py:183} INFO - Processing /opt/airflow/dags/decorator_dag.py took 0.219 seconds
[2024-05-20T18:46:47.210+0000] {processor.py:161} INFO - Started process (PID=143) to work on /opt/airflow/dags/decorator_dag.py
[2024-05-20T18:46:47.212+0000] {processor.py:830} INFO - Processing file /opt/airflow/dags/decorator_dag.py for tasks to queue
[2024-05-20T18:46:47.216+0000] {logging_mixin.py:188} INFO - [2024-05-20T18:46:47.215+0000] {dagbag.py:545} INFO - Filling up the DagBag from /opt/airflow/dags/decorator_dag.py
[2024-05-20T18:46:47.240+0000] {processor.py:840} INFO - DAG(s) 'example_decorator_dag' retrieved from /opt/airflow/dags/decorator_dag.py
[2024-05-20T18:46:47.339+0000] {logging_mixin.py:188} INFO - [2024-05-20T18:46:47.338+0000] {dag.py:3096} INFO - Sync 1 DAGs
[2024-05-20T18:46:47.480+0000] {logging_mixin.py:188} INFO - [2024-05-20T18:46:47.479+0000] {dag.py:3954} INFO - Setting next_dagrun for example_decorator_dag to 2024-05-19 00:00:00+00:00, run_after=2024-05-20 00:00:00+00:00
[2024-05-20T18:46:47.651+0000] {processor.py:183} INFO - Processing /opt/airflow/dags/decorator_dag.py took 0.451 seconds
[2024-05-20T18:47:18.334+0000] {processor.py:161} INFO - Started process (PID=151) to work on /opt/airflow/dags/decorator_dag.py
[2024-05-20T18:47:18.337+0000] {processor.py:830} INFO - Processing file /opt/airflow/dags/decorator_dag.py for tasks to queue
[2024-05-20T18:47:18.342+0000] {logging_mixin.py:188} INFO - [2024-05-20T18:47:18.341+0000] {dagbag.py:545} INFO - Filling up the DagBag from /opt/airflow/dags/decorator_dag.py
[2024-05-20T18:47:18.398+0000] {processor.py:840} INFO - DAG(s) 'example_decorator_dag' retrieved from /opt/airflow/dags/decorator_dag.py
[2024-05-20T18:47:18.496+0000] {logging_mixin.py:188} INFO - [2024-05-20T18:47:18.495+0000] {dag.py:3096} INFO - Sync 1 DAGs
[2024-05-20T18:47:18.623+0000] {logging_mixin.py:188} INFO - [2024-05-20T18:47:18.622+0000] {dag.py:3954} INFO - Setting next_dagrun for example_decorator_dag to 2024-05-19 00:00:00+00:00, run_after=2024-05-20 00:00:00+00:00
[2024-05-20T18:47:18.685+0000] {processor.py:183} INFO - Processing /opt/airflow/dags/decorator_dag.py took 0.412 seconds
[2024-05-20T18:47:49.089+0000] {processor.py:161} INFO - Started process (PID=159) to work on /opt/airflow/dags/decorator_dag.py
[2024-05-20T18:47:49.099+0000] {processor.py:830} INFO - Processing file /opt/airflow/dags/decorator_dag.py for tasks to queue
[2024-05-20T18:47:49.102+0000] {logging_mixin.py:188} INFO - [2024-05-20T18:47:49.101+0000] {dagbag.py:545} INFO - Filling up the DagBag from /opt/airflow/dags/decorator_dag.py
[2024-05-20T18:47:49.168+0000] {processor.py:840} INFO - DAG(s) 'example_decorator_dag' retrieved from /opt/airflow/dags/decorator_dag.py
[2024-05-20T18:47:49.388+0000] {logging_mixin.py:188} INFO - [2024-05-20T18:47:49.388+0000] {dag.py:3096} INFO - Sync 1 DAGs
[2024-05-20T18:47:49.488+0000] {logging_mixin.py:188} INFO - [2024-05-20T18:47:49.488+0000] {dag.py:3954} INFO - Setting next_dagrun for example_decorator_dag to 2024-05-19 00:00:00+00:00, run_after=2024-05-20 00:00:00+00:00
[2024-05-20T18:47:49.597+0000] {processor.py:183} INFO - Processing /opt/airflow/dags/decorator_dag.py took 0.544 seconds
[2024-05-20T18:48:20.194+0000] {processor.py:161} INFO - Started process (PID=167) to work on /opt/airflow/dags/decorator_dag.py
[2024-05-20T18:48:20.198+0000] {processor.py:830} INFO - Processing file /opt/airflow/dags/decorator_dag.py for tasks to queue
[2024-05-20T18:48:20.207+0000] {logging_mixin.py:188} INFO - [2024-05-20T18:48:20.207+0000] {dagbag.py:545} INFO - Filling up the DagBag from /opt/airflow/dags/decorator_dag.py
[2024-05-20T18:48:20.237+0000] {processor.py:840} INFO - DAG(s) 'example_decorator_dag' retrieved from /opt/airflow/dags/decorator_dag.py
[2024-05-20T18:48:20.286+0000] {logging_mixin.py:188} INFO - [2024-05-20T18:48:20.285+0000] {dag.py:3096} INFO - Sync 1 DAGs
[2024-05-20T18:48:20.354+0000] {logging_mixin.py:188} INFO - [2024-05-20T18:48:20.354+0000] {dag.py:3954} INFO - Setting next_dagrun for example_decorator_dag to 2024-05-19 00:00:00+00:00, run_after=2024-05-20 00:00:00+00:00
[2024-05-20T18:48:20.383+0000] {processor.py:183} INFO - Processing /opt/airflow/dags/decorator_dag.py took 0.208 seconds
[2024-05-20T18:48:50.710+0000] {processor.py:161} INFO - Started process (PID=175) to work on /opt/airflow/dags/decorator_dag.py
[2024-05-20T18:48:50.711+0000] {processor.py:830} INFO - Processing file /opt/airflow/dags/decorator_dag.py for tasks to queue
[2024-05-20T18:48:50.714+0000] {logging_mixin.py:188} INFO - [2024-05-20T18:48:50.714+0000] {dagbag.py:545} INFO - Filling up the DagBag from /opt/airflow/dags/decorator_dag.py
[2024-05-20T18:48:50.748+0000] {processor.py:840} INFO - DAG(s) 'example_decorator_dag' retrieved from /opt/airflow/dags/decorator_dag.py
[2024-05-20T18:48:50.817+0000] {logging_mixin.py:188} INFO - [2024-05-20T18:48:50.816+0000] {dag.py:3096} INFO - Sync 1 DAGs
[2024-05-20T18:48:50.871+0000] {logging_mixin.py:188} INFO - [2024-05-20T18:48:50.871+0000] {dag.py:3954} INFO - Setting next_dagrun for example_decorator_dag to 2024-05-19 00:00:00+00:00, run_after=2024-05-20 00:00:00+00:00
[2024-05-20T18:48:50.921+0000] {processor.py:183} INFO - Processing /opt/airflow/dags/decorator_dag.py took 0.226 seconds
[2024-05-20T18:49:21.228+0000] {processor.py:161} INFO - Started process (PID=184) to work on /opt/airflow/dags/decorator_dag.py
[2024-05-20T18:49:21.230+0000] {processor.py:830} INFO - Processing file /opt/airflow/dags/decorator_dag.py for tasks to queue
[2024-05-20T18:49:21.234+0000] {logging_mixin.py:188} INFO - [2024-05-20T18:49:21.233+0000] {dagbag.py:545} INFO - Filling up the DagBag from /opt/airflow/dags/decorator_dag.py
[2024-05-20T18:49:21.262+0000] {processor.py:840} INFO - DAG(s) 'example_decorator_dag' retrieved from /opt/airflow/dags/decorator_dag.py
[2024-05-20T18:49:21.307+0000] {logging_mixin.py:188} INFO - [2024-05-20T18:49:21.306+0000] {dag.py:3096} INFO - Sync 1 DAGs
[2024-05-20T18:49:21.346+0000] {logging_mixin.py:188} INFO - [2024-05-20T18:49:21.346+0000] {dag.py:3954} INFO - Setting next_dagrun for example_decorator_dag to 2024-05-19 00:00:00+00:00, run_after=2024-05-20 00:00:00+00:00
[2024-05-20T18:49:21.385+0000] {processor.py:183} INFO - Processing /opt/airflow/dags/decorator_dag.py took 0.171 seconds
[2024-05-20T18:49:51.604+0000] {processor.py:161} INFO - Started process (PID=192) to work on /opt/airflow/dags/decorator_dag.py
[2024-05-20T18:49:51.605+0000] {processor.py:830} INFO - Processing file /opt/airflow/dags/decorator_dag.py for tasks to queue
[2024-05-20T18:49:51.608+0000] {logging_mixin.py:188} INFO - [2024-05-20T18:49:51.608+0000] {dagbag.py:545} INFO - Filling up the DagBag from /opt/airflow/dags/decorator_dag.py
[2024-05-20T18:49:51.636+0000] {processor.py:840} INFO - DAG(s) 'example_decorator_dag' retrieved from /opt/airflow/dags/decorator_dag.py
[2024-05-20T18:49:51.680+0000] {logging_mixin.py:188} INFO - [2024-05-20T18:49:51.680+0000] {dag.py:3096} INFO - Sync 1 DAGs
[2024-05-20T18:49:51.734+0000] {logging_mixin.py:188} INFO - [2024-05-20T18:49:51.734+0000] {dag.py:3954} INFO - Setting next_dagrun for example_decorator_dag to 2024-05-19 00:00:00+00:00, run_after=2024-05-20 00:00:00+00:00
[2024-05-20T18:49:51.764+0000] {processor.py:183} INFO - Processing /opt/airflow/dags/decorator_dag.py took 0.170 seconds
[2024-05-20T18:50:22.226+0000] {processor.py:161} INFO - Started process (PID=200) to work on /opt/airflow/dags/decorator_dag.py
[2024-05-20T18:50:22.239+0000] {processor.py:830} INFO - Processing file /opt/airflow/dags/decorator_dag.py for tasks to queue
[2024-05-20T18:50:22.243+0000] {logging_mixin.py:188} INFO - [2024-05-20T18:50:22.242+0000] {dagbag.py:545} INFO - Filling up the DagBag from /opt/airflow/dags/decorator_dag.py
[2024-05-20T18:50:22.436+0000] {processor.py:840} INFO - DAG(s) 'example_decorator_dag' retrieved from /opt/airflow/dags/decorator_dag.py
[2024-05-20T18:50:22.710+0000] {logging_mixin.py:188} INFO - [2024-05-20T18:50:22.709+0000] {dag.py:3096} INFO - Sync 1 DAGs
[2024-05-20T18:50:22.980+0000] {logging_mixin.py:188} INFO - [2024-05-20T18:50:22.979+0000] {dag.py:3954} INFO - Setting next_dagrun for example_decorator_dag to 2024-05-19 00:00:00+00:00, run_after=2024-05-20 00:00:00+00:00
[2024-05-20T18:50:23.183+0000] {processor.py:183} INFO - Processing /opt/airflow/dags/decorator_dag.py took 1.025 seconds
[2024-05-20T18:50:53.646+0000] {processor.py:161} INFO - Started process (PID=208) to work on /opt/airflow/dags/decorator_dag.py
[2024-05-20T18:50:53.648+0000] {processor.py:830} INFO - Processing file /opt/airflow/dags/decorator_dag.py for tasks to queue
[2024-05-20T18:50:53.661+0000] {logging_mixin.py:188} INFO - [2024-05-20T18:50:53.660+0000] {dagbag.py:545} INFO - Filling up the DagBag from /opt/airflow/dags/decorator_dag.py
[2024-05-20T18:50:53.704+0000] {processor.py:840} INFO - DAG(s) 'example_decorator_dag' retrieved from /opt/airflow/dags/decorator_dag.py
[2024-05-20T18:50:53.832+0000] {logging_mixin.py:188} INFO - [2024-05-20T18:50:53.831+0000] {dag.py:3096} INFO - Sync 1 DAGs
[2024-05-20T18:50:53.890+0000] {logging_mixin.py:188} INFO - [2024-05-20T18:50:53.889+0000] {dag.py:3954} INFO - Setting next_dagrun for example_decorator_dag to 2024-05-19 00:00:00+00:00, run_after=2024-05-20 00:00:00+00:00
[2024-05-20T18:50:53.924+0000] {processor.py:183} INFO - Processing /opt/airflow/dags/decorator_dag.py took 0.308 seconds
[2024-05-20T18:51:24.253+0000] {processor.py:161} INFO - Started process (PID=216) to work on /opt/airflow/dags/decorator_dag.py
[2024-05-20T18:51:24.256+0000] {processor.py:830} INFO - Processing file /opt/airflow/dags/decorator_dag.py for tasks to queue
[2024-05-20T18:51:24.261+0000] {logging_mixin.py:188} INFO - [2024-05-20T18:51:24.261+0000] {dagbag.py:545} INFO - Filling up the DagBag from /opt/airflow/dags/decorator_dag.py
[2024-05-20T18:51:24.280+0000] {processor.py:840} INFO - DAG(s) 'example_decorator_dag' retrieved from /opt/airflow/dags/decorator_dag.py
[2024-05-20T18:51:24.321+0000] {logging_mixin.py:188} INFO - [2024-05-20T18:51:24.321+0000] {dag.py:3096} INFO - Sync 1 DAGs
[2024-05-20T18:51:24.380+0000] {logging_mixin.py:188} INFO - [2024-05-20T18:51:24.380+0000] {dag.py:3954} INFO - Setting next_dagrun for example_decorator_dag to 2024-05-19 00:00:00+00:00, run_after=2024-05-20 00:00:00+00:00
[2024-05-20T18:51:24.413+0000] {processor.py:183} INFO - Processing /opt/airflow/dags/decorator_dag.py took 0.183 seconds
[2024-05-20T18:51:54.677+0000] {processor.py:161} INFO - Started process (PID=223) to work on /opt/airflow/dags/decorator_dag.py
[2024-05-20T18:51:54.678+0000] {processor.py:830} INFO - Processing file /opt/airflow/dags/decorator_dag.py for tasks to queue
[2024-05-20T18:51:54.683+0000] {logging_mixin.py:188} INFO - [2024-05-20T18:51:54.682+0000] {dagbag.py:545} INFO - Filling up the DagBag from /opt/airflow/dags/decorator_dag.py
[2024-05-20T18:51:54.709+0000] {processor.py:840} INFO - DAG(s) 'example_decorator_dag' retrieved from /opt/airflow/dags/decorator_dag.py
[2024-05-20T18:51:54.764+0000] {logging_mixin.py:188} INFO - [2024-05-20T18:51:54.764+0000] {dag.py:3096} INFO - Sync 1 DAGs
[2024-05-20T18:51:54.813+0000] {logging_mixin.py:188} INFO - [2024-05-20T18:51:54.812+0000] {dag.py:3954} INFO - Setting next_dagrun for example_decorator_dag to 2024-05-19 00:00:00+00:00, run_after=2024-05-20 00:00:00+00:00
[2024-05-20T18:51:54.846+0000] {processor.py:183} INFO - Processing /opt/airflow/dags/decorator_dag.py took 0.181 seconds
[2024-05-20T18:52:25.172+0000] {processor.py:161} INFO - Started process (PID=230) to work on /opt/airflow/dags/decorator_dag.py
[2024-05-20T18:52:25.174+0000] {processor.py:830} INFO - Processing file /opt/airflow/dags/decorator_dag.py for tasks to queue
[2024-05-20T18:52:25.181+0000] {logging_mixin.py:188} INFO - [2024-05-20T18:52:25.180+0000] {dagbag.py:545} INFO - Filling up the DagBag from /opt/airflow/dags/decorator_dag.py
[2024-05-20T18:52:25.215+0000] {processor.py:840} INFO - DAG(s) 'example_decorator_dag' retrieved from /opt/airflow/dags/decorator_dag.py
[2024-05-20T18:52:25.269+0000] {logging_mixin.py:188} INFO - [2024-05-20T18:52:25.268+0000] {dag.py:3096} INFO - Sync 1 DAGs
[2024-05-20T18:52:25.324+0000] {logging_mixin.py:188} INFO - [2024-05-20T18:52:25.323+0000] {dag.py:3954} INFO - Setting next_dagrun for example_decorator_dag to 2024-05-19 00:00:00+00:00, run_after=2024-05-20 00:00:00+00:00
[2024-05-20T18:52:25.369+0000] {processor.py:183} INFO - Processing /opt/airflow/dags/decorator_dag.py took 0.221 seconds
[2024-05-20T18:52:55.605+0000] {processor.py:161} INFO - Started process (PID=238) to work on /opt/airflow/dags/decorator_dag.py
[2024-05-20T18:52:55.608+0000] {processor.py:830} INFO - Processing file /opt/airflow/dags/decorator_dag.py for tasks to queue
[2024-05-20T18:52:55.616+0000] {logging_mixin.py:188} INFO - [2024-05-20T18:52:55.616+0000] {dagbag.py:545} INFO - Filling up the DagBag from /opt/airflow/dags/decorator_dag.py
[2024-05-20T18:52:55.649+0000] {processor.py:840} INFO - DAG(s) 'example_decorator_dag' retrieved from /opt/airflow/dags/decorator_dag.py
[2024-05-20T18:52:55.711+0000] {logging_mixin.py:188} INFO - [2024-05-20T18:52:55.710+0000] {dag.py:3096} INFO - Sync 1 DAGs
[2024-05-20T18:52:55.772+0000] {logging_mixin.py:188} INFO - [2024-05-20T18:52:55.771+0000] {dag.py:3954} INFO - Setting next_dagrun for example_decorator_dag to 2024-05-19 00:00:00+00:00, run_after=2024-05-20 00:00:00+00:00
[2024-05-20T18:52:55.818+0000] {processor.py:183} INFO - Processing /opt/airflow/dags/decorator_dag.py took 0.224 seconds
[2024-05-20T18:53:25.969+0000] {processor.py:161} INFO - Started process (PID=246) to work on /opt/airflow/dags/decorator_dag.py
[2024-05-20T18:53:25.979+0000] {processor.py:830} INFO - Processing file /opt/airflow/dags/decorator_dag.py for tasks to queue
[2024-05-20T18:53:25.982+0000] {logging_mixin.py:188} INFO - [2024-05-20T18:53:25.982+0000] {dagbag.py:545} INFO - Filling up the DagBag from /opt/airflow/dags/decorator_dag.py
[2024-05-20T18:53:26.025+0000] {processor.py:840} INFO - DAG(s) 'example_decorator_dag' retrieved from /opt/airflow/dags/decorator_dag.py
[2024-05-20T18:53:26.235+0000] {logging_mixin.py:188} INFO - [2024-05-20T18:53:26.235+0000] {dag.py:3096} INFO - Sync 1 DAGs
[2024-05-20T18:53:26.321+0000] {logging_mixin.py:188} INFO - [2024-05-20T18:53:26.320+0000] {dag.py:3954} INFO - Setting next_dagrun for example_decorator_dag to 2024-05-19 00:00:00+00:00, run_after=2024-05-20 00:00:00+00:00
[2024-05-20T18:53:26.414+0000] {processor.py:183} INFO - Processing /opt/airflow/dags/decorator_dag.py took 0.463 seconds
[2024-05-20T18:53:56.469+0000] {processor.py:161} INFO - Started process (PID=254) to work on /opt/airflow/dags/decorator_dag.py
[2024-05-20T18:53:56.470+0000] {processor.py:830} INFO - Processing file /opt/airflow/dags/decorator_dag.py for tasks to queue
[2024-05-20T18:53:56.475+0000] {logging_mixin.py:188} INFO - [2024-05-20T18:53:56.474+0000] {dagbag.py:545} INFO - Filling up the DagBag from /opt/airflow/dags/decorator_dag.py
[2024-05-20T18:53:56.497+0000] {processor.py:840} INFO - DAG(s) 'example_decorator_dag' retrieved from /opt/airflow/dags/decorator_dag.py
[2024-05-20T18:53:56.538+0000] {logging_mixin.py:188} INFO - [2024-05-20T18:53:56.538+0000] {dag.py:3096} INFO - Sync 1 DAGs
[2024-05-20T18:53:56.579+0000] {logging_mixin.py:188} INFO - [2024-05-20T18:53:56.578+0000] {dag.py:3954} INFO - Setting next_dagrun for example_decorator_dag to 2024-05-19 00:00:00+00:00, run_after=2024-05-20 00:00:00+00:00
[2024-05-20T18:53:56.607+0000] {processor.py:183} INFO - Processing /opt/airflow/dags/decorator_dag.py took 0.149 seconds
[2024-05-20T18:54:27.026+0000] {processor.py:161} INFO - Started process (PID=262) to work on /opt/airflow/dags/decorator_dag.py
[2024-05-20T18:54:27.030+0000] {processor.py:830} INFO - Processing file /opt/airflow/dags/decorator_dag.py for tasks to queue
[2024-05-20T18:54:27.037+0000] {logging_mixin.py:188} INFO - [2024-05-20T18:54:27.035+0000] {dagbag.py:545} INFO - Filling up the DagBag from /opt/airflow/dags/decorator_dag.py
[2024-05-20T18:54:27.076+0000] {processor.py:840} INFO - DAG(s) 'example_decorator_dag' retrieved from /opt/airflow/dags/decorator_dag.py
[2024-05-20T18:54:27.130+0000] {logging_mixin.py:188} INFO - [2024-05-20T18:54:27.125+0000] {dag.py:3096} INFO - Sync 1 DAGs
[2024-05-20T18:54:27.203+0000] {logging_mixin.py:188} INFO - [2024-05-20T18:54:27.202+0000] {dag.py:3954} INFO - Setting next_dagrun for example_decorator_dag to 2024-05-19 00:00:00+00:00, run_after=2024-05-20 00:00:00+00:00
[2024-05-20T18:54:27.243+0000] {processor.py:183} INFO - Processing /opt/airflow/dags/decorator_dag.py took 0.232 seconds
[2024-05-20T18:54:57.557+0000] {processor.py:161} INFO - Started process (PID=269) to work on /opt/airflow/dags/decorator_dag.py
[2024-05-20T18:54:57.560+0000] {processor.py:830} INFO - Processing file /opt/airflow/dags/decorator_dag.py for tasks to queue
[2024-05-20T18:54:57.565+0000] {logging_mixin.py:188} INFO - [2024-05-20T18:54:57.564+0000] {dagbag.py:545} INFO - Filling up the DagBag from /opt/airflow/dags/decorator_dag.py
[2024-05-20T18:54:57.603+0000] {processor.py:840} INFO - DAG(s) 'example_decorator_dag' retrieved from /opt/airflow/dags/decorator_dag.py
[2024-05-20T18:54:57.659+0000] {logging_mixin.py:188} INFO - [2024-05-20T18:54:57.658+0000] {dag.py:3096} INFO - Sync 1 DAGs
[2024-05-20T18:54:57.698+0000] {logging_mixin.py:188} INFO - [2024-05-20T18:54:57.697+0000] {dag.py:3954} INFO - Setting next_dagrun for example_decorator_dag to 2024-05-19 00:00:00+00:00, run_after=2024-05-20 00:00:00+00:00
[2024-05-20T18:54:57.726+0000] {processor.py:183} INFO - Processing /opt/airflow/dags/decorator_dag.py took 0.184 seconds
[2024-05-20T18:55:28.127+0000] {processor.py:161} INFO - Started process (PID=276) to work on /opt/airflow/dags/decorator_dag.py
[2024-05-20T18:55:28.130+0000] {processor.py:830} INFO - Processing file /opt/airflow/dags/decorator_dag.py for tasks to queue
[2024-05-20T18:55:28.135+0000] {logging_mixin.py:188} INFO - [2024-05-20T18:55:28.134+0000] {dagbag.py:545} INFO - Filling up the DagBag from /opt/airflow/dags/decorator_dag.py
[2024-05-20T18:55:28.168+0000] {processor.py:840} INFO - DAG(s) 'example_decorator_dag' retrieved from /opt/airflow/dags/decorator_dag.py
[2024-05-20T18:55:28.228+0000] {logging_mixin.py:188} INFO - [2024-05-20T18:55:28.228+0000] {dag.py:3096} INFO - Sync 1 DAGs
[2024-05-20T18:55:28.274+0000] {logging_mixin.py:188} INFO - [2024-05-20T18:55:28.274+0000] {dag.py:3954} INFO - Setting next_dagrun for example_decorator_dag to 2024-05-19 00:00:00+00:00, run_after=2024-05-20 00:00:00+00:00
[2024-05-20T18:55:28.307+0000] {processor.py:183} INFO - Processing /opt/airflow/dags/decorator_dag.py took 0.196 seconds
[2024-05-20T18:55:58.622+0000] {processor.py:161} INFO - Started process (PID=285) to work on /opt/airflow/dags/decorator_dag.py
[2024-05-20T18:55:58.636+0000] {processor.py:830} INFO - Processing file /opt/airflow/dags/decorator_dag.py for tasks to queue
[2024-05-20T18:55:58.640+0000] {logging_mixin.py:188} INFO - [2024-05-20T18:55:58.640+0000] {dagbag.py:545} INFO - Filling up the DagBag from /opt/airflow/dags/decorator_dag.py
[2024-05-20T18:55:58.816+0000] {processor.py:840} INFO - DAG(s) 'example_decorator_dag' retrieved from /opt/airflow/dags/decorator_dag.py
[2024-05-20T18:55:58.948+0000] {logging_mixin.py:188} INFO - [2024-05-20T18:55:58.947+0000] {dag.py:3096} INFO - Sync 1 DAGs
[2024-05-20T18:55:59.080+0000] {logging_mixin.py:188} INFO - [2024-05-20T18:55:59.074+0000] {dag.py:3954} INFO - Setting next_dagrun for example_decorator_dag to 2024-05-19 00:00:00+00:00, run_after=2024-05-20 00:00:00+00:00
[2024-05-20T18:55:59.222+0000] {processor.py:183} INFO - Processing /opt/airflow/dags/decorator_dag.py took 0.634 seconds
[2024-05-20T18:56:29.627+0000] {processor.py:161} INFO - Started process (PID=293) to work on /opt/airflow/dags/decorator_dag.py
[2024-05-20T18:56:29.629+0000] {processor.py:830} INFO - Processing file /opt/airflow/dags/decorator_dag.py for tasks to queue
[2024-05-20T18:56:29.634+0000] {logging_mixin.py:188} INFO - [2024-05-20T18:56:29.634+0000] {dagbag.py:545} INFO - Filling up the DagBag from /opt/airflow/dags/decorator_dag.py
[2024-05-20T18:56:29.653+0000] {processor.py:840} INFO - DAG(s) 'example_decorator_dag' retrieved from /opt/airflow/dags/decorator_dag.py
[2024-05-20T18:56:29.695+0000] {logging_mixin.py:188} INFO - [2024-05-20T18:56:29.694+0000] {dag.py:3096} INFO - Sync 1 DAGs
[2024-05-20T18:56:29.735+0000] {logging_mixin.py:188} INFO - [2024-05-20T18:56:29.734+0000] {dag.py:3954} INFO - Setting next_dagrun for example_decorator_dag to 2024-05-19 00:00:00+00:00, run_after=2024-05-20 00:00:00+00:00
[2024-05-20T18:56:29.771+0000] {processor.py:183} INFO - Processing /opt/airflow/dags/decorator_dag.py took 0.161 seconds
[2024-05-20T18:57:00.115+0000] {processor.py:161} INFO - Started process (PID=301) to work on /opt/airflow/dags/decorator_dag.py
[2024-05-20T18:57:00.117+0000] {processor.py:830} INFO - Processing file /opt/airflow/dags/decorator_dag.py for tasks to queue
[2024-05-20T18:57:00.121+0000] {logging_mixin.py:188} INFO - [2024-05-20T18:57:00.120+0000] {dagbag.py:545} INFO - Filling up the DagBag from /opt/airflow/dags/decorator_dag.py
[2024-05-20T18:57:00.149+0000] {processor.py:840} INFO - DAG(s) 'example_decorator_dag' retrieved from /opt/airflow/dags/decorator_dag.py
[2024-05-20T18:57:00.216+0000] {logging_mixin.py:188} INFO - [2024-05-20T18:57:00.215+0000] {dag.py:3096} INFO - Sync 1 DAGs
[2024-05-20T18:57:00.272+0000] {logging_mixin.py:188} INFO - [2024-05-20T18:57:00.272+0000] {dag.py:3954} INFO - Setting next_dagrun for example_decorator_dag to 2024-05-19 00:00:00+00:00, run_after=2024-05-20 00:00:00+00:00
[2024-05-20T18:57:00.318+0000] {processor.py:183} INFO - Processing /opt/airflow/dags/decorator_dag.py took 0.219 seconds
[2024-05-20T20:00:14.769+0000] {processor.py:161} INFO - Started process (PID=65) to work on /opt/airflow/dags/decorator_dag.py
[2024-05-20T20:00:14.795+0000] {processor.py:830} INFO - Processing file /opt/airflow/dags/decorator_dag.py for tasks to queue
[2024-05-20T20:00:14.801+0000] {logging_mixin.py:188} INFO - [2024-05-20T20:00:14.800+0000] {dagbag.py:545} INFO - Filling up the DagBag from /opt/airflow/dags/decorator_dag.py
[2024-05-20T20:00:14.957+0000] {processor.py:840} INFO - DAG(s) 'example_decorator_dag' retrieved from /opt/airflow/dags/decorator_dag.py
[2024-05-20T20:00:17.206+0000] {logging_mixin.py:188} INFO - [2024-05-20T20:00:17.206+0000] {dag.py:3096} INFO - Sync 1 DAGs
[2024-05-20T20:00:17.360+0000] {logging_mixin.py:188} INFO - [2024-05-20T20:00:17.360+0000] {dag.py:3954} INFO - Setting next_dagrun for example_decorator_dag to 2024-05-19 00:00:00+00:00, run_after=2024-05-20 00:00:00+00:00
[2024-05-20T20:00:17.486+0000] {processor.py:183} INFO - Processing /opt/airflow/dags/decorator_dag.py took 2.787 seconds
[2024-05-20T20:00:49.569+0000] {processor.py:161} INFO - Started process (PID=72) to work on /opt/airflow/dags/decorator_dag.py
[2024-05-20T20:00:49.590+0000] {processor.py:830} INFO - Processing file /opt/airflow/dags/decorator_dag.py for tasks to queue
[2024-05-20T20:00:49.667+0000] {logging_mixin.py:188} INFO - [2024-05-20T20:00:49.633+0000] {dagbag.py:545} INFO - Filling up the DagBag from /opt/airflow/dags/decorator_dag.py
[2024-05-20T20:03:59.793+0000] {processor.py:161} INFO - Started process (PID=60) to work on /opt/airflow/dags/decorator_dag.py
[2024-05-20T20:03:59.814+0000] {processor.py:830} INFO - Processing file /opt/airflow/dags/decorator_dag.py for tasks to queue
[2024-05-20T20:03:59.831+0000] {logging_mixin.py:188} INFO - [2024-05-20T20:03:59.831+0000] {dagbag.py:545} INFO - Filling up the DagBag from /opt/airflow/dags/decorator_dag.py
[2024-05-20T20:03:59.957+0000] {processor.py:840} INFO - DAG(s) 'example_decorator_dag' retrieved from /opt/airflow/dags/decorator_dag.py
[2024-05-20T20:04:02.010+0000] {logging_mixin.py:188} INFO - [2024-05-20T20:04:02.010+0000] {dag.py:3096} INFO - Sync 1 DAGs
[2024-05-20T20:04:02.161+0000] {logging_mixin.py:188} INFO - [2024-05-20T20:04:02.160+0000] {dag.py:3954} INFO - Setting next_dagrun for example_decorator_dag to 2024-05-19 00:00:00+00:00, run_after=2024-05-20 00:00:00+00:00
[2024-05-20T20:04:02.274+0000] {processor.py:183} INFO - Processing /opt/airflow/dags/decorator_dag.py took 2.558 seconds
[2024-05-20T20:04:32.734+0000] {processor.py:161} INFO - Started process (PID=68) to work on /opt/airflow/dags/decorator_dag.py
[2024-05-20T20:04:32.741+0000] {processor.py:830} INFO - Processing file /opt/airflow/dags/decorator_dag.py for tasks to queue
[2024-05-20T20:04:32.771+0000] {logging_mixin.py:188} INFO - [2024-05-20T20:04:32.760+0000] {dagbag.py:545} INFO - Filling up the DagBag from /opt/airflow/dags/decorator_dag.py
[2024-05-20T20:04:33.079+0000] {processor.py:840} INFO - DAG(s) 'example_decorator_dag' retrieved from /opt/airflow/dags/decorator_dag.py
[2024-05-20T20:04:33.369+0000] {logging_mixin.py:188} INFO - [2024-05-20T20:04:33.369+0000] {dag.py:3096} INFO - Sync 1 DAGs
[2024-05-20T20:04:33.686+0000] {logging_mixin.py:188} INFO - [2024-05-20T20:04:33.685+0000] {dag.py:3954} INFO - Setting next_dagrun for example_decorator_dag to 2024-05-19 00:00:00+00:00, run_after=2024-05-20 00:00:00+00:00
[2024-05-20T20:04:33.733+0000] {processor.py:183} INFO - Processing /opt/airflow/dags/decorator_dag.py took 1.112 seconds
[2024-05-20T20:05:04.070+0000] {processor.py:161} INFO - Started process (PID=76) to work on /opt/airflow/dags/decorator_dag.py
[2024-05-20T20:05:04.074+0000] {processor.py:830} INFO - Processing file /opt/airflow/dags/decorator_dag.py for tasks to queue
[2024-05-20T20:05:04.114+0000] {logging_mixin.py:188} INFO - [2024-05-20T20:05:04.106+0000] {dagbag.py:545} INFO - Filling up the DagBag from /opt/airflow/dags/decorator_dag.py
[2024-05-20T20:05:04.617+0000] {processor.py:840} INFO - DAG(s) 'example_decorator_dag' retrieved from /opt/airflow/dags/decorator_dag.py
[2024-05-20T20:05:04.897+0000] {logging_mixin.py:188} INFO - [2024-05-20T20:05:04.897+0000] {dag.py:3096} INFO - Sync 1 DAGs
[2024-05-20T20:05:05.090+0000] {logging_mixin.py:188} INFO - [2024-05-20T20:05:05.087+0000] {dag.py:3954} INFO - Setting next_dagrun for example_decorator_dag to 2024-05-19 00:00:00+00:00, run_after=2024-05-20 00:00:00+00:00
[2024-05-20T20:05:05.149+0000] {processor.py:183} INFO - Processing /opt/airflow/dags/decorator_dag.py took 1.132 seconds
[2024-05-20T20:05:35.376+0000] {processor.py:161} INFO - Started process (PID=84) to work on /opt/airflow/dags/decorator_dag.py
[2024-05-20T20:05:35.415+0000] {processor.py:830} INFO - Processing file /opt/airflow/dags/decorator_dag.py for tasks to queue
[2024-05-20T20:05:35.417+0000] {logging_mixin.py:188} INFO - [2024-05-20T20:05:35.417+0000] {dagbag.py:545} INFO - Filling up the DagBag from /opt/airflow/dags/decorator_dag.py
[2024-05-20T20:05:35.455+0000] {processor.py:840} INFO - DAG(s) 'example_decorator_dag' retrieved from /opt/airflow/dags/decorator_dag.py
[2024-05-20T20:05:35.669+0000] {logging_mixin.py:188} INFO - [2024-05-20T20:05:35.668+0000] {dag.py:3096} INFO - Sync 1 DAGs
[2024-05-20T20:05:35.776+0000] {logging_mixin.py:188} INFO - [2024-05-20T20:05:35.776+0000] {dag.py:3954} INFO - Setting next_dagrun for example_decorator_dag to 2024-05-19 00:00:00+00:00, run_after=2024-05-20 00:00:00+00:00
[2024-05-20T20:05:35.815+0000] {processor.py:183} INFO - Processing /opt/airflow/dags/decorator_dag.py took 0.472 seconds
[2024-05-20T20:06:06.476+0000] {processor.py:161} INFO - Started process (PID=92) to work on /opt/airflow/dags/decorator_dag.py
[2024-05-20T20:06:06.493+0000] {processor.py:830} INFO - Processing file /opt/airflow/dags/decorator_dag.py for tasks to queue
[2024-05-20T20:06:06.553+0000] {logging_mixin.py:188} INFO - [2024-05-20T20:06:06.549+0000] {dagbag.py:545} INFO - Filling up the DagBag from /opt/airflow/dags/decorator_dag.py
[2024-05-20T20:06:06.676+0000] {processor.py:840} INFO - DAG(s) 'example_decorator_dag' retrieved from /opt/airflow/dags/decorator_dag.py
[2024-05-20T20:06:06.994+0000] {logging_mixin.py:188} INFO - [2024-05-20T20:06:06.993+0000] {dag.py:3096} INFO - Sync 1 DAGs
[2024-05-20T20:06:07.258+0000] {logging_mixin.py:188} INFO - [2024-05-20T20:06:07.258+0000] {dag.py:3954} INFO - Setting next_dagrun for example_decorator_dag to 2024-05-19 00:00:00+00:00, run_after=2024-05-20 00:00:00+00:00
[2024-05-20T20:06:07.361+0000] {processor.py:183} INFO - Processing /opt/airflow/dags/decorator_dag.py took 1.021 seconds
[2024-05-20T20:06:37.676+0000] {processor.py:161} INFO - Started process (PID=100) to work on /opt/airflow/dags/decorator_dag.py
[2024-05-20T20:06:37.677+0000] {processor.py:830} INFO - Processing file /opt/airflow/dags/decorator_dag.py for tasks to queue
[2024-05-20T20:06:37.682+0000] {logging_mixin.py:188} INFO - [2024-05-20T20:06:37.681+0000] {dagbag.py:545} INFO - Filling up the DagBag from /opt/airflow/dags/decorator_dag.py
[2024-05-20T20:06:37.713+0000] {processor.py:840} INFO - DAG(s) 'example_decorator_dag' retrieved from /opt/airflow/dags/decorator_dag.py
[2024-05-20T20:06:37.775+0000] {logging_mixin.py:188} INFO - [2024-05-20T20:06:37.774+0000] {dag.py:3096} INFO - Sync 1 DAGs
[2024-05-20T20:06:37.825+0000] {logging_mixin.py:188} INFO - [2024-05-20T20:06:37.824+0000] {dag.py:3954} INFO - Setting next_dagrun for example_decorator_dag to 2024-05-19 00:00:00+00:00, run_after=2024-05-20 00:00:00+00:00
[2024-05-20T20:06:37.869+0000] {processor.py:183} INFO - Processing /opt/airflow/dags/decorator_dag.py took 0.215 seconds
[2024-05-20T20:07:08.223+0000] {processor.py:161} INFO - Started process (PID=108) to work on /opt/airflow/dags/decorator_dag.py
[2024-05-20T20:07:08.227+0000] {processor.py:830} INFO - Processing file /opt/airflow/dags/decorator_dag.py for tasks to queue
[2024-05-20T20:07:08.231+0000] {logging_mixin.py:188} INFO - [2024-05-20T20:07:08.230+0000] {dagbag.py:545} INFO - Filling up the DagBag from /opt/airflow/dags/decorator_dag.py
[2024-05-20T20:07:08.254+0000] {processor.py:840} INFO - DAG(s) 'example_decorator_dag' retrieved from /opt/airflow/dags/decorator_dag.py
[2024-05-20T20:07:08.303+0000] {logging_mixin.py:188} INFO - [2024-05-20T20:07:08.303+0000] {dag.py:3096} INFO - Sync 1 DAGs
[2024-05-20T20:07:08.347+0000] {logging_mixin.py:188} INFO - [2024-05-20T20:07:08.346+0000] {dag.py:3954} INFO - Setting next_dagrun for example_decorator_dag to 2024-05-19 00:00:00+00:00, run_after=2024-05-20 00:00:00+00:00
[2024-05-20T20:07:08.383+0000] {processor.py:183} INFO - Processing /opt/airflow/dags/decorator_dag.py took 0.174 seconds
[2024-05-20T20:07:38.785+0000] {processor.py:161} INFO - Started process (PID=116) to work on /opt/airflow/dags/decorator_dag.py
[2024-05-20T20:07:38.787+0000] {processor.py:830} INFO - Processing file /opt/airflow/dags/decorator_dag.py for tasks to queue
[2024-05-20T20:07:38.790+0000] {logging_mixin.py:188} INFO - [2024-05-20T20:07:38.790+0000] {dagbag.py:545} INFO - Filling up the DagBag from /opt/airflow/dags/decorator_dag.py
[2024-05-20T20:07:38.818+0000] {processor.py:840} INFO - DAG(s) 'example_decorator_dag' retrieved from /opt/airflow/dags/decorator_dag.py
[2024-05-20T20:07:38.892+0000] {logging_mixin.py:188} INFO - [2024-05-20T20:07:38.891+0000] {dag.py:3096} INFO - Sync 1 DAGs
[2024-05-20T20:07:38.963+0000] {logging_mixin.py:188} INFO - [2024-05-20T20:07:38.962+0000] {dag.py:3954} INFO - Setting next_dagrun for example_decorator_dag to 2024-05-19 00:00:00+00:00, run_after=2024-05-20 00:00:00+00:00
[2024-05-20T20:07:39.004+0000] {processor.py:183} INFO - Processing /opt/airflow/dags/decorator_dag.py took 0.240 seconds
[2024-05-20T20:08:09.501+0000] {processor.py:161} INFO - Started process (PID=124) to work on /opt/airflow/dags/decorator_dag.py
[2024-05-20T20:08:09.504+0000] {processor.py:830} INFO - Processing file /opt/airflow/dags/decorator_dag.py for tasks to queue
[2024-05-20T20:08:09.508+0000] {logging_mixin.py:188} INFO - [2024-05-20T20:08:09.507+0000] {dagbag.py:545} INFO - Filling up the DagBag from /opt/airflow/dags/decorator_dag.py
[2024-05-20T20:08:09.528+0000] {processor.py:840} INFO - DAG(s) 'example_decorator_dag' retrieved from /opt/airflow/dags/decorator_dag.py
[2024-05-20T20:08:09.583+0000] {logging_mixin.py:188} INFO - [2024-05-20T20:08:09.583+0000] {dag.py:3096} INFO - Sync 1 DAGs
[2024-05-20T20:08:09.644+0000] {logging_mixin.py:188} INFO - [2024-05-20T20:08:09.644+0000] {dag.py:3954} INFO - Setting next_dagrun for example_decorator_dag to 2024-05-19 00:00:00+00:00, run_after=2024-05-20 00:00:00+00:00
[2024-05-20T20:08:09.682+0000] {processor.py:183} INFO - Processing /opt/airflow/dags/decorator_dag.py took 0.207 seconds
[2024-05-20T20:08:40.134+0000] {processor.py:161} INFO - Started process (PID=132) to work on /opt/airflow/dags/decorator_dag.py
[2024-05-20T20:08:40.137+0000] {processor.py:830} INFO - Processing file /opt/airflow/dags/decorator_dag.py for tasks to queue
[2024-05-20T20:08:40.144+0000] {logging_mixin.py:188} INFO - [2024-05-20T20:08:40.144+0000] {dagbag.py:545} INFO - Filling up the DagBag from /opt/airflow/dags/decorator_dag.py
[2024-05-20T20:08:40.196+0000] {processor.py:840} INFO - DAG(s) 'example_decorator_dag' retrieved from /opt/airflow/dags/decorator_dag.py
[2024-05-20T20:08:40.400+0000] {logging_mixin.py:188} INFO - [2024-05-20T20:08:40.400+0000] {dag.py:3096} INFO - Sync 1 DAGs
[2024-05-20T20:08:40.560+0000] {logging_mixin.py:188} INFO - [2024-05-20T20:08:40.559+0000] {dag.py:3954} INFO - Setting next_dagrun for example_decorator_dag to 2024-05-19 00:00:00+00:00, run_after=2024-05-20 00:00:00+00:00
[2024-05-20T20:08:40.648+0000] {processor.py:183} INFO - Processing /opt/airflow/dags/decorator_dag.py took 0.544 seconds
[2024-05-20T20:09:11.065+0000] {processor.py:161} INFO - Started process (PID=140) to work on /opt/airflow/dags/decorator_dag.py
[2024-05-20T20:09:11.067+0000] {processor.py:830} INFO - Processing file /opt/airflow/dags/decorator_dag.py for tasks to queue
[2024-05-20T20:09:11.071+0000] {logging_mixin.py:188} INFO - [2024-05-20T20:09:11.070+0000] {dagbag.py:545} INFO - Filling up the DagBag from /opt/airflow/dags/decorator_dag.py
[2024-05-20T20:09:11.089+0000] {processor.py:840} INFO - DAG(s) 'example_decorator_dag' retrieved from /opt/airflow/dags/decorator_dag.py
[2024-05-20T20:09:11.140+0000] {logging_mixin.py:188} INFO - [2024-05-20T20:09:11.139+0000] {dag.py:3096} INFO - Sync 1 DAGs
[2024-05-20T20:09:11.187+0000] {logging_mixin.py:188} INFO - [2024-05-20T20:09:11.187+0000] {dag.py:3954} INFO - Setting next_dagrun for example_decorator_dag to 2024-05-19 00:00:00+00:00, run_after=2024-05-20 00:00:00+00:00
[2024-05-20T20:09:11.244+0000] {processor.py:183} INFO - Processing /opt/airflow/dags/decorator_dag.py took 0.200 seconds
[2024-05-20T20:09:41.558+0000] {processor.py:161} INFO - Started process (PID=148) to work on /opt/airflow/dags/decorator_dag.py
[2024-05-20T20:09:41.560+0000] {processor.py:830} INFO - Processing file /opt/airflow/dags/decorator_dag.py for tasks to queue
[2024-05-20T20:09:41.563+0000] {logging_mixin.py:188} INFO - [2024-05-20T20:09:41.562+0000] {dagbag.py:545} INFO - Filling up the DagBag from /opt/airflow/dags/decorator_dag.py
[2024-05-20T20:09:41.582+0000] {processor.py:840} INFO - DAG(s) 'example_decorator_dag' retrieved from /opt/airflow/dags/decorator_dag.py
[2024-05-20T20:09:41.639+0000] {logging_mixin.py:188} INFO - [2024-05-20T20:09:41.638+0000] {dag.py:3096} INFO - Sync 1 DAGs
[2024-05-20T20:09:41.700+0000] {logging_mixin.py:188} INFO - [2024-05-20T20:09:41.700+0000] {dag.py:3954} INFO - Setting next_dagrun for example_decorator_dag to 2024-05-19 00:00:00+00:00, run_after=2024-05-20 00:00:00+00:00
[2024-05-20T20:09:41.732+0000] {processor.py:183} INFO - Processing /opt/airflow/dags/decorator_dag.py took 0.185 seconds
[2024-05-20T20:10:11.802+0000] {processor.py:161} INFO - Started process (PID=156) to work on /opt/airflow/dags/decorator_dag.py
[2024-05-20T20:10:11.805+0000] {processor.py:830} INFO - Processing file /opt/airflow/dags/decorator_dag.py for tasks to queue
[2024-05-20T20:10:11.817+0000] {logging_mixin.py:188} INFO - [2024-05-20T20:10:11.816+0000] {dagbag.py:545} INFO - Filling up the DagBag from /opt/airflow/dags/decorator_dag.py
[2024-05-20T20:10:11.909+0000] {processor.py:840} INFO - DAG(s) 'example_decorator_dag' retrieved from /opt/airflow/dags/decorator_dag.py
[2024-05-20T20:10:12.115+0000] {logging_mixin.py:188} INFO - [2024-05-20T20:10:12.114+0000] {dag.py:3096} INFO - Sync 1 DAGs
[2024-05-20T20:10:12.215+0000] {logging_mixin.py:188} INFO - [2024-05-20T20:10:12.215+0000] {dag.py:3954} INFO - Setting next_dagrun for example_decorator_dag to 2024-05-19 00:00:00+00:00, run_after=2024-05-20 00:00:00+00:00
[2024-05-20T20:10:12.258+0000] {processor.py:183} INFO - Processing /opt/airflow/dags/decorator_dag.py took 0.492 seconds
[2024-05-20T20:10:42.510+0000] {processor.py:161} INFO - Started process (PID=163) to work on /opt/airflow/dags/decorator_dag.py
[2024-05-20T20:10:42.512+0000] {processor.py:830} INFO - Processing file /opt/airflow/dags/decorator_dag.py for tasks to queue
[2024-05-20T20:10:42.515+0000] {logging_mixin.py:188} INFO - [2024-05-20T20:10:42.515+0000] {dagbag.py:545} INFO - Filling up the DagBag from /opt/airflow/dags/decorator_dag.py
[2024-05-20T20:10:42.536+0000] {processor.py:840} INFO - DAG(s) 'example_decorator_dag' retrieved from /opt/airflow/dags/decorator_dag.py
[2024-05-20T20:10:42.581+0000] {logging_mixin.py:188} INFO - [2024-05-20T20:10:42.580+0000] {dag.py:3096} INFO - Sync 1 DAGs
[2024-05-20T20:10:42.620+0000] {logging_mixin.py:188} INFO - [2024-05-20T20:10:42.619+0000] {dag.py:3954} INFO - Setting next_dagrun for example_decorator_dag to 2024-05-19 00:00:00+00:00, run_after=2024-05-20 00:00:00+00:00
[2024-05-20T20:10:42.648+0000] {processor.py:183} INFO - Processing /opt/airflow/dags/decorator_dag.py took 0.149 seconds
[2024-05-20T20:11:12.960+0000] {processor.py:161} INFO - Started process (PID=171) to work on /opt/airflow/dags/decorator_dag.py
[2024-05-20T20:11:12.970+0000] {processor.py:830} INFO - Processing file /opt/airflow/dags/decorator_dag.py for tasks to queue
[2024-05-20T20:11:12.985+0000] {logging_mixin.py:188} INFO - [2024-05-20T20:11:12.984+0000] {dagbag.py:545} INFO - Filling up the DagBag from /opt/airflow/dags/decorator_dag.py
[2024-05-20T20:11:13.052+0000] {processor.py:840} INFO - DAG(s) 'example_decorator_dag' retrieved from /opt/airflow/dags/decorator_dag.py
[2024-05-20T20:11:13.098+0000] {logging_mixin.py:188} INFO - [2024-05-20T20:11:13.098+0000] {dag.py:3096} INFO - Sync 1 DAGs
[2024-05-20T20:11:13.146+0000] {logging_mixin.py:188} INFO - [2024-05-20T20:11:13.145+0000] {dag.py:3954} INFO - Setting next_dagrun for example_decorator_dag to 2024-05-19 00:00:00+00:00, run_after=2024-05-20 00:00:00+00:00
[2024-05-20T20:11:13.199+0000] {processor.py:183} INFO - Processing /opt/airflow/dags/decorator_dag.py took 0.280 seconds
[2024-05-20T20:11:43.998+0000] {processor.py:161} INFO - Started process (PID=185) to work on /opt/airflow/dags/decorator_dag.py
[2024-05-20T20:11:44.027+0000] {processor.py:830} INFO - Processing file /opt/airflow/dags/decorator_dag.py for tasks to queue
[2024-05-20T20:11:44.041+0000] {logging_mixin.py:188} INFO - [2024-05-20T20:11:44.040+0000] {dagbag.py:545} INFO - Filling up the DagBag from /opt/airflow/dags/decorator_dag.py
[2024-05-20T20:11:44.227+0000] {processor.py:840} INFO - DAG(s) 'example_decorator_dag' retrieved from /opt/airflow/dags/decorator_dag.py
[2024-05-20T20:11:44.576+0000] {logging_mixin.py:188} INFO - [2024-05-20T20:11:44.576+0000] {dag.py:3096} INFO - Sync 1 DAGs
[2024-05-20T20:11:44.791+0000] {logging_mixin.py:188} INFO - [2024-05-20T20:11:44.790+0000] {dag.py:3954} INFO - Setting next_dagrun for example_decorator_dag to 2024-05-19 00:00:00+00:00, run_after=2024-05-20 00:00:00+00:00
[2024-05-20T20:11:45.046+0000] {processor.py:183} INFO - Processing /opt/airflow/dags/decorator_dag.py took 1.122 seconds
[2024-05-20T20:12:15.319+0000] {processor.py:161} INFO - Started process (PID=193) to work on /opt/airflow/dags/decorator_dag.py
[2024-05-20T20:12:15.321+0000] {processor.py:830} INFO - Processing file /opt/airflow/dags/decorator_dag.py for tasks to queue
[2024-05-20T20:12:15.328+0000] {logging_mixin.py:188} INFO - [2024-05-20T20:12:15.327+0000] {dagbag.py:545} INFO - Filling up the DagBag from /opt/airflow/dags/decorator_dag.py
[2024-05-20T20:12:15.375+0000] {processor.py:840} INFO - DAG(s) 'example_decorator_dag' retrieved from /opt/airflow/dags/decorator_dag.py
[2024-05-20T20:12:15.477+0000] {logging_mixin.py:188} INFO - [2024-05-20T20:12:15.476+0000] {dag.py:3096} INFO - Sync 1 DAGs
[2024-05-20T20:12:15.540+0000] {logging_mixin.py:188} INFO - [2024-05-20T20:12:15.539+0000] {dag.py:3954} INFO - Setting next_dagrun for example_decorator_dag to 2024-05-19 00:00:00+00:00, run_after=2024-05-20 00:00:00+00:00
[2024-05-20T20:12:15.577+0000] {processor.py:183} INFO - Processing /opt/airflow/dags/decorator_dag.py took 0.277 seconds
