[2024-05-20T18:21:16.446+0000] {processor.py:161} INFO - Started process (PID=37) to work on /opt/airflow/dags/etl_dag.py
[2024-05-20T18:21:16.468+0000] {processor.py:830} INFO - Processing file /opt/airflow/dags/etl_dag.py for tasks to queue
[2024-05-20T18:21:16.488+0000] {logging_mixin.py:188} INFO - [2024-05-20T18:21:16.487+0000] {dagbag.py:545} INFO - Filling up the DagBag from /opt/airflow/dags/etl_dag.py
[2024-05-20T18:21:16.538+0000] {logging_mixin.py:188} INFO - [2024-05-20T18:21:16.529+0000] {dagbag.py:355} ERROR - Failed to import: /opt/airflow/dags/etl_dag.py
Traceback (most recent call last):
  File "/home/airflow/.local/lib/python3.12/site-packages/airflow/models/dagbag.py", line 351, in parse
    loader.exec_module(new_module)
  File "<frozen importlib._bootstrap_external>", line 995, in exec_module
  File "<frozen importlib._bootstrap>", line 488, in _call_with_frames_removed
  File "/opt/airflow/dags/etl_dag.py", line 4, in <module>
    import pymssql
ModuleNotFoundError: No module named 'pymssql'
[2024-05-20T18:21:16.556+0000] {processor.py:842} WARNING - No viable dags retrieved from /opt/airflow/dags/etl_dag.py
[2024-05-20T18:21:16.728+0000] {processor.py:183} INFO - Processing /opt/airflow/dags/etl_dag.py took 0.334 seconds
[2024-05-20T18:21:47.077+0000] {processor.py:161} INFO - Started process (PID=45) to work on /opt/airflow/dags/etl_dag.py
[2024-05-20T18:21:47.080+0000] {processor.py:830} INFO - Processing file /opt/airflow/dags/etl_dag.py for tasks to queue
[2024-05-20T18:21:47.093+0000] {logging_mixin.py:188} INFO - [2024-05-20T18:21:47.092+0000] {dagbag.py:545} INFO - Filling up the DagBag from /opt/airflow/dags/etl_dag.py
[2024-05-20T18:21:47.200+0000] {logging_mixin.py:188} INFO - [2024-05-20T18:21:47.190+0000] {dagbag.py:355} ERROR - Failed to import: /opt/airflow/dags/etl_dag.py
Traceback (most recent call last):
  File "/home/airflow/.local/lib/python3.12/site-packages/airflow/models/dagbag.py", line 351, in parse
    loader.exec_module(new_module)
  File "<frozen importlib._bootstrap_external>", line 995, in exec_module
  File "<frozen importlib._bootstrap>", line 488, in _call_with_frames_removed
  File "/opt/airflow/dags/etl_dag.py", line 4, in <module>
    import pymssql
ModuleNotFoundError: No module named 'pymssql'
[2024-05-20T18:21:47.201+0000] {processor.py:842} WARNING - No viable dags retrieved from /opt/airflow/dags/etl_dag.py
[2024-05-20T18:21:47.312+0000] {processor.py:183} INFO - Processing /opt/airflow/dags/etl_dag.py took 0.274 seconds
[2024-05-20T18:22:17.758+0000] {processor.py:161} INFO - Started process (PID=53) to work on /opt/airflow/dags/etl_dag.py
[2024-05-20T18:22:17.759+0000] {processor.py:830} INFO - Processing file /opt/airflow/dags/etl_dag.py for tasks to queue
[2024-05-20T18:22:17.768+0000] {logging_mixin.py:188} INFO - [2024-05-20T18:22:17.764+0000] {dagbag.py:545} INFO - Filling up the DagBag from /opt/airflow/dags/etl_dag.py
[2024-05-20T18:22:17.785+0000] {logging_mixin.py:188} INFO - [2024-05-20T18:22:17.783+0000] {dagbag.py:355} ERROR - Failed to import: /opt/airflow/dags/etl_dag.py
Traceback (most recent call last):
  File "/home/airflow/.local/lib/python3.12/site-packages/airflow/models/dagbag.py", line 351, in parse
    loader.exec_module(new_module)
  File "<frozen importlib._bootstrap_external>", line 995, in exec_module
  File "<frozen importlib._bootstrap>", line 488, in _call_with_frames_removed
  File "/opt/airflow/dags/etl_dag.py", line 4, in <module>
    import pymssql
ModuleNotFoundError: No module named 'pymssql'
[2024-05-20T18:22:17.786+0000] {processor.py:842} WARNING - No viable dags retrieved from /opt/airflow/dags/etl_dag.py
[2024-05-20T18:22:17.820+0000] {processor.py:183} INFO - Processing /opt/airflow/dags/etl_dag.py took 0.086 seconds
[2024-05-20T18:22:48.176+0000] {processor.py:161} INFO - Started process (PID=60) to work on /opt/airflow/dags/etl_dag.py
[2024-05-20T18:22:48.178+0000] {processor.py:830} INFO - Processing file /opt/airflow/dags/etl_dag.py for tasks to queue
[2024-05-20T18:22:48.186+0000] {logging_mixin.py:188} INFO - [2024-05-20T18:22:48.183+0000] {dagbag.py:545} INFO - Filling up the DagBag from /opt/airflow/dags/etl_dag.py
[2024-05-20T18:22:48.209+0000] {logging_mixin.py:188} INFO - [2024-05-20T18:22:48.202+0000] {dagbag.py:355} ERROR - Failed to import: /opt/airflow/dags/etl_dag.py
Traceback (most recent call last):
  File "/home/airflow/.local/lib/python3.12/site-packages/airflow/models/dagbag.py", line 351, in parse
    loader.exec_module(new_module)
  File "<frozen importlib._bootstrap_external>", line 995, in exec_module
  File "<frozen importlib._bootstrap>", line 488, in _call_with_frames_removed
  File "/opt/airflow/dags/etl_dag.py", line 4, in <module>
    import pymssql
ModuleNotFoundError: No module named 'pymssql'
[2024-05-20T18:22:48.210+0000] {processor.py:842} WARNING - No viable dags retrieved from /opt/airflow/dags/etl_dag.py
[2024-05-20T18:22:48.243+0000] {processor.py:183} INFO - Processing /opt/airflow/dags/etl_dag.py took 0.087 seconds
[2024-05-20T18:23:18.560+0000] {processor.py:161} INFO - Started process (PID=68) to work on /opt/airflow/dags/etl_dag.py
[2024-05-20T18:23:18.562+0000] {processor.py:830} INFO - Processing file /opt/airflow/dags/etl_dag.py for tasks to queue
[2024-05-20T18:23:18.567+0000] {logging_mixin.py:188} INFO - [2024-05-20T18:23:18.566+0000] {dagbag.py:545} INFO - Filling up the DagBag from /opt/airflow/dags/etl_dag.py
[2024-05-20T18:23:18.584+0000] {logging_mixin.py:188} INFO - [2024-05-20T18:23:18.578+0000] {dagbag.py:355} ERROR - Failed to import: /opt/airflow/dags/etl_dag.py
Traceback (most recent call last):
  File "/home/airflow/.local/lib/python3.12/site-packages/airflow/models/dagbag.py", line 351, in parse
    loader.exec_module(new_module)
  File "<frozen importlib._bootstrap_external>", line 995, in exec_module
  File "<frozen importlib._bootstrap>", line 488, in _call_with_frames_removed
  File "/opt/airflow/dags/etl_dag.py", line 4, in <module>
    import pymssql
ModuleNotFoundError: No module named 'pymssql'
[2024-05-20T18:23:18.585+0000] {processor.py:842} WARNING - No viable dags retrieved from /opt/airflow/dags/etl_dag.py
[2024-05-20T18:23:18.631+0000] {processor.py:183} INFO - Processing /opt/airflow/dags/etl_dag.py took 0.094 seconds
[2024-05-20T18:23:48.928+0000] {processor.py:161} INFO - Started process (PID=76) to work on /opt/airflow/dags/etl_dag.py
[2024-05-20T18:23:48.935+0000] {processor.py:830} INFO - Processing file /opt/airflow/dags/etl_dag.py for tasks to queue
[2024-05-20T18:23:48.939+0000] {logging_mixin.py:188} INFO - [2024-05-20T18:23:48.938+0000] {dagbag.py:545} INFO - Filling up the DagBag from /opt/airflow/dags/etl_dag.py
[2024-05-20T18:23:48.948+0000] {logging_mixin.py:188} INFO - [2024-05-20T18:23:48.943+0000] {dagbag.py:355} ERROR - Failed to import: /opt/airflow/dags/etl_dag.py
Traceback (most recent call last):
  File "/home/airflow/.local/lib/python3.12/site-packages/airflow/models/dagbag.py", line 351, in parse
    loader.exec_module(new_module)
  File "<frozen importlib._bootstrap_external>", line 995, in exec_module
  File "<frozen importlib._bootstrap>", line 488, in _call_with_frames_removed
  File "/opt/airflow/dags/etl_dag.py", line 4, in <module>
    import pymssql
ModuleNotFoundError: No module named 'pymssql'
[2024-05-20T18:23:48.949+0000] {processor.py:842} WARNING - No viable dags retrieved from /opt/airflow/dags/etl_dag.py
[2024-05-20T18:23:49.082+0000] {processor.py:183} INFO - Processing /opt/airflow/dags/etl_dag.py took 0.177 seconds
[2024-05-20T18:24:19.601+0000] {processor.py:161} INFO - Started process (PID=84) to work on /opt/airflow/dags/etl_dag.py
[2024-05-20T18:24:19.602+0000] {processor.py:830} INFO - Processing file /opt/airflow/dags/etl_dag.py for tasks to queue
[2024-05-20T18:24:19.606+0000] {logging_mixin.py:188} INFO - [2024-05-20T18:24:19.605+0000] {dagbag.py:545} INFO - Filling up the DagBag from /opt/airflow/dags/etl_dag.py
[2024-05-20T18:24:19.618+0000] {logging_mixin.py:188} INFO - [2024-05-20T18:24:19.616+0000] {dagbag.py:355} ERROR - Failed to import: /opt/airflow/dags/etl_dag.py
Traceback (most recent call last):
  File "/home/airflow/.local/lib/python3.12/site-packages/airflow/models/dagbag.py", line 351, in parse
    loader.exec_module(new_module)
  File "<frozen importlib._bootstrap_external>", line 995, in exec_module
  File "<frozen importlib._bootstrap>", line 488, in _call_with_frames_removed
  File "/opt/airflow/dags/etl_dag.py", line 4, in <module>
    import pymssql
ModuleNotFoundError: No module named 'pymssql'
[2024-05-20T18:24:19.619+0000] {processor.py:842} WARNING - No viable dags retrieved from /opt/airflow/dags/etl_dag.py
[2024-05-20T18:24:19.653+0000] {processor.py:183} INFO - Processing /opt/airflow/dags/etl_dag.py took 0.064 seconds
[2024-05-20T18:24:50.238+0000] {processor.py:161} INFO - Started process (PID=91) to work on /opt/airflow/dags/etl_dag.py
[2024-05-20T18:24:50.242+0000] {processor.py:830} INFO - Processing file /opt/airflow/dags/etl_dag.py for tasks to queue
[2024-05-20T18:24:50.270+0000] {logging_mixin.py:188} INFO - [2024-05-20T18:24:50.268+0000] {dagbag.py:545} INFO - Filling up the DagBag from /opt/airflow/dags/etl_dag.py
[2024-05-20T18:24:50.281+0000] {logging_mixin.py:188} INFO - [2024-05-20T18:24:50.278+0000] {dagbag.py:355} ERROR - Failed to import: /opt/airflow/dags/etl_dag.py
Traceback (most recent call last):
  File "/home/airflow/.local/lib/python3.12/site-packages/airflow/models/dagbag.py", line 351, in parse
    loader.exec_module(new_module)
  File "<frozen importlib._bootstrap_external>", line 995, in exec_module
  File "<frozen importlib._bootstrap>", line 488, in _call_with_frames_removed
  File "/opt/airflow/dags/etl_dag.py", line 4, in <module>
    import pymssql
ModuleNotFoundError: No module named 'pymssql'
[2024-05-20T18:24:50.284+0000] {processor.py:842} WARNING - No viable dags retrieved from /opt/airflow/dags/etl_dag.py
[2024-05-20T18:24:50.315+0000] {processor.py:183} INFO - Processing /opt/airflow/dags/etl_dag.py took 0.107 seconds
[2024-05-20T18:25:20.627+0000] {processor.py:161} INFO - Started process (PID=98) to work on /opt/airflow/dags/etl_dag.py
[2024-05-20T18:25:20.629+0000] {processor.py:830} INFO - Processing file /opt/airflow/dags/etl_dag.py for tasks to queue
[2024-05-20T18:25:20.633+0000] {logging_mixin.py:188} INFO - [2024-05-20T18:25:20.632+0000] {dagbag.py:545} INFO - Filling up the DagBag from /opt/airflow/dags/etl_dag.py
[2024-05-20T18:25:20.640+0000] {logging_mixin.py:188} INFO - [2024-05-20T18:25:20.637+0000] {dagbag.py:355} ERROR - Failed to import: /opt/airflow/dags/etl_dag.py
Traceback (most recent call last):
  File "/home/airflow/.local/lib/python3.12/site-packages/airflow/models/dagbag.py", line 351, in parse
    loader.exec_module(new_module)
  File "<frozen importlib._bootstrap_external>", line 995, in exec_module
  File "<frozen importlib._bootstrap>", line 488, in _call_with_frames_removed
  File "/opt/airflow/dags/etl_dag.py", line 4, in <module>
    import pymssql
ModuleNotFoundError: No module named 'pymssql'
[2024-05-20T18:25:20.641+0000] {processor.py:842} WARNING - No viable dags retrieved from /opt/airflow/dags/etl_dag.py
[2024-05-20T18:25:20.767+0000] {processor.py:183} INFO - Processing /opt/airflow/dags/etl_dag.py took 0.154 seconds
[2024-05-20T18:25:51.258+0000] {processor.py:161} INFO - Started process (PID=106) to work on /opt/airflow/dags/etl_dag.py
[2024-05-20T18:25:51.260+0000] {processor.py:830} INFO - Processing file /opt/airflow/dags/etl_dag.py for tasks to queue
[2024-05-20T18:25:51.263+0000] {logging_mixin.py:188} INFO - [2024-05-20T18:25:51.263+0000] {dagbag.py:545} INFO - Filling up the DagBag from /opt/airflow/dags/etl_dag.py
[2024-05-20T18:25:51.269+0000] {logging_mixin.py:188} INFO - [2024-05-20T18:25:51.267+0000] {dagbag.py:355} ERROR - Failed to import: /opt/airflow/dags/etl_dag.py
Traceback (most recent call last):
  File "/home/airflow/.local/lib/python3.12/site-packages/airflow/models/dagbag.py", line 351, in parse
    loader.exec_module(new_module)
  File "<frozen importlib._bootstrap_external>", line 995, in exec_module
  File "<frozen importlib._bootstrap>", line 488, in _call_with_frames_removed
  File "/opt/airflow/dags/etl_dag.py", line 4, in <module>
    import pymssql
ModuleNotFoundError: No module named 'pymssql'
[2024-05-20T18:25:51.270+0000] {processor.py:842} WARNING - No viable dags retrieved from /opt/airflow/dags/etl_dag.py
[2024-05-20T18:25:51.298+0000] {processor.py:183} INFO - Processing /opt/airflow/dags/etl_dag.py took 0.065 seconds
[2024-05-20T18:26:21.667+0000] {processor.py:161} INFO - Started process (PID=120) to work on /opt/airflow/dags/etl_dag.py
[2024-05-20T18:26:21.669+0000] {processor.py:830} INFO - Processing file /opt/airflow/dags/etl_dag.py for tasks to queue
[2024-05-20T18:26:21.674+0000] {logging_mixin.py:188} INFO - [2024-05-20T18:26:21.673+0000] {dagbag.py:545} INFO - Filling up the DagBag from /opt/airflow/dags/etl_dag.py
[2024-05-20T18:26:21.683+0000] {logging_mixin.py:188} INFO - [2024-05-20T18:26:21.680+0000] {dagbag.py:355} ERROR - Failed to import: /opt/airflow/dags/etl_dag.py
Traceback (most recent call last):
  File "/home/airflow/.local/lib/python3.12/site-packages/airflow/models/dagbag.py", line 351, in parse
    loader.exec_module(new_module)
  File "<frozen importlib._bootstrap_external>", line 995, in exec_module
  File "<frozen importlib._bootstrap>", line 488, in _call_with_frames_removed
  File "/opt/airflow/dags/etl_dag.py", line 4, in <module>
    import pymssql
ModuleNotFoundError: No module named 'pymssql'
[2024-05-20T18:26:21.684+0000] {processor.py:842} WARNING - No viable dags retrieved from /opt/airflow/dags/etl_dag.py
[2024-05-20T18:26:21.735+0000] {processor.py:183} INFO - Processing /opt/airflow/dags/etl_dag.py took 0.084 seconds
[2024-05-20T18:26:52.088+0000] {processor.py:161} INFO - Started process (PID=146) to work on /opt/airflow/dags/etl_dag.py
[2024-05-20T18:26:52.101+0000] {processor.py:830} INFO - Processing file /opt/airflow/dags/etl_dag.py for tasks to queue
[2024-05-20T18:26:52.118+0000] {logging_mixin.py:188} INFO - [2024-05-20T18:26:52.116+0000] {dagbag.py:545} INFO - Filling up the DagBag from /opt/airflow/dags/etl_dag.py
[2024-05-20T18:26:52.416+0000] {processor.py:840} INFO - DAG(s) 'etl_dag' retrieved from /opt/airflow/dags/etl_dag.py
[2024-05-20T18:26:53.241+0000] {logging_mixin.py:188} INFO - [2024-05-20T18:26:53.240+0000] {override.py:1829} INFO - Created Permission View: can read on DAG:etl_dag
[2024-05-20T18:26:53.287+0000] {logging_mixin.py:188} INFO - [2024-05-20T18:26:53.287+0000] {override.py:1829} INFO - Created Permission View: can delete on DAG:etl_dag
[2024-05-20T18:26:53.306+0000] {logging_mixin.py:188} INFO - [2024-05-20T18:26:53.306+0000] {override.py:1829} INFO - Created Permission View: can edit on DAG:etl_dag
[2024-05-20T18:26:53.307+0000] {logging_mixin.py:188} INFO - [2024-05-20T18:26:53.307+0000] {dag.py:3096} INFO - Sync 1 DAGs
[2024-05-20T18:26:53.346+0000] {logging_mixin.py:188} INFO - [2024-05-20T18:26:53.345+0000] {dag.py:3118} INFO - Creating ORM DAG for etl_dag
[2024-05-20T18:26:53.348+0000] {logging_mixin.py:188} INFO - [2024-05-20T18:26:53.347+0000] {dag.py:3954} INFO - Setting next_dagrun for etl_dag to None, run_after=None
[2024-05-20T18:26:53.429+0000] {processor.py:183} INFO - Processing /opt/airflow/dags/etl_dag.py took 1.402 seconds
[2024-05-20T18:27:23.857+0000] {processor.py:161} INFO - Started process (PID=154) to work on /opt/airflow/dags/etl_dag.py
[2024-05-20T18:27:23.864+0000] {processor.py:830} INFO - Processing file /opt/airflow/dags/etl_dag.py for tasks to queue
[2024-05-20T18:27:23.870+0000] {logging_mixin.py:188} INFO - [2024-05-20T18:27:23.868+0000] {dagbag.py:545} INFO - Filling up the DagBag from /opt/airflow/dags/etl_dag.py
[2024-05-20T18:27:24.237+0000] {processor.py:840} INFO - DAG(s) 'etl_dag' retrieved from /opt/airflow/dags/etl_dag.py
[2024-05-20T18:27:24.348+0000] {logging_mixin.py:188} INFO - [2024-05-20T18:27:24.348+0000] {dag.py:3096} INFO - Sync 1 DAGs
[2024-05-20T18:27:24.382+0000] {logging_mixin.py:188} INFO - [2024-05-20T18:27:24.381+0000] {dag.py:3954} INFO - Setting next_dagrun for etl_dag to None, run_after=None
[2024-05-20T18:27:24.425+0000] {processor.py:183} INFO - Processing /opt/airflow/dags/etl_dag.py took 0.658 seconds
[2024-05-20T18:27:55.244+0000] {processor.py:161} INFO - Started process (PID=168) to work on /opt/airflow/dags/etl_dag.py
[2024-05-20T18:27:55.246+0000] {processor.py:830} INFO - Processing file /opt/airflow/dags/etl_dag.py for tasks to queue
[2024-05-20T18:27:55.250+0000] {logging_mixin.py:188} INFO - [2024-05-20T18:27:55.249+0000] {dagbag.py:545} INFO - Filling up the DagBag from /opt/airflow/dags/etl_dag.py
[2024-05-20T18:27:55.327+0000] {processor.py:840} INFO - DAG(s) 'etl_dag' retrieved from /opt/airflow/dags/etl_dag.py
[2024-05-20T18:27:55.403+0000] {logging_mixin.py:188} INFO - [2024-05-20T18:27:55.402+0000] {dag.py:3096} INFO - Sync 1 DAGs
[2024-05-20T18:27:55.522+0000] {logging_mixin.py:188} INFO - [2024-05-20T18:27:55.521+0000] {dag.py:3954} INFO - Setting next_dagrun for etl_dag to None, run_after=None
[2024-05-20T18:27:55.574+0000] {processor.py:183} INFO - Processing /opt/airflow/dags/etl_dag.py took 0.379 seconds
[2024-05-20T18:28:25.627+0000] {processor.py:161} INFO - Started process (PID=176) to work on /opt/airflow/dags/etl_dag.py
[2024-05-20T18:28:25.629+0000] {processor.py:830} INFO - Processing file /opt/airflow/dags/etl_dag.py for tasks to queue
[2024-05-20T18:28:25.631+0000] {logging_mixin.py:188} INFO - [2024-05-20T18:28:25.631+0000] {dagbag.py:545} INFO - Filling up the DagBag from /opt/airflow/dags/etl_dag.py
[2024-05-20T18:28:25.694+0000] {processor.py:840} INFO - DAG(s) 'etl_dag' retrieved from /opt/airflow/dags/etl_dag.py
[2024-05-20T18:28:25.744+0000] {logging_mixin.py:188} INFO - [2024-05-20T18:28:25.744+0000] {dag.py:3096} INFO - Sync 1 DAGs
[2024-05-20T18:28:25.791+0000] {logging_mixin.py:188} INFO - [2024-05-20T18:28:25.791+0000] {dag.py:3954} INFO - Setting next_dagrun for etl_dag to None, run_after=None
[2024-05-20T18:28:25.826+0000] {processor.py:183} INFO - Processing /opt/airflow/dags/etl_dag.py took 0.222 seconds
[2024-05-20T18:28:56.337+0000] {processor.py:161} INFO - Started process (PID=183) to work on /opt/airflow/dags/etl_dag.py
[2024-05-20T18:28:56.343+0000] {processor.py:830} INFO - Processing file /opt/airflow/dags/etl_dag.py for tasks to queue
[2024-05-20T18:28:56.349+0000] {logging_mixin.py:188} INFO - [2024-05-20T18:28:56.349+0000] {dagbag.py:545} INFO - Filling up the DagBag from /opt/airflow/dags/etl_dag.py
[2024-05-20T18:28:56.464+0000] {processor.py:840} INFO - DAG(s) 'etl_dag' retrieved from /opt/airflow/dags/etl_dag.py
[2024-05-20T18:28:56.583+0000] {logging_mixin.py:188} INFO - [2024-05-20T18:28:56.583+0000] {dag.py:3096} INFO - Sync 1 DAGs
[2024-05-20T18:28:56.674+0000] {logging_mixin.py:188} INFO - [2024-05-20T18:28:56.674+0000] {dag.py:3954} INFO - Setting next_dagrun for etl_dag to None, run_after=None
[2024-05-20T18:28:56.786+0000] {processor.py:183} INFO - Processing /opt/airflow/dags/etl_dag.py took 0.529 seconds
[2024-05-20T18:29:26.999+0000] {processor.py:161} INFO - Started process (PID=192) to work on /opt/airflow/dags/etl_dag.py
[2024-05-20T18:29:27.003+0000] {processor.py:830} INFO - Processing file /opt/airflow/dags/etl_dag.py for tasks to queue
[2024-05-20T18:29:27.008+0000] {logging_mixin.py:188} INFO - [2024-05-20T18:29:27.008+0000] {dagbag.py:545} INFO - Filling up the DagBag from /opt/airflow/dags/etl_dag.py
[2024-05-20T18:29:27.071+0000] {processor.py:840} INFO - DAG(s) 'etl_dag' retrieved from /opt/airflow/dags/etl_dag.py
[2024-05-20T18:29:27.142+0000] {logging_mixin.py:188} INFO - [2024-05-20T18:29:27.141+0000] {dag.py:3096} INFO - Sync 1 DAGs
[2024-05-20T18:29:27.169+0000] {logging_mixin.py:188} INFO - [2024-05-20T18:29:27.169+0000] {dag.py:3954} INFO - Setting next_dagrun for etl_dag to None, run_after=None
[2024-05-20T18:29:27.211+0000] {processor.py:183} INFO - Processing /opt/airflow/dags/etl_dag.py took 0.279 seconds
[2024-05-20T18:29:43.404+0000] {processor.py:161} INFO - Started process (PID=194) to work on /opt/airflow/dags/etl_dag.py
[2024-05-20T18:29:43.419+0000] {processor.py:830} INFO - Processing file /opt/airflow/dags/etl_dag.py for tasks to queue
[2024-05-20T18:29:43.427+0000] {logging_mixin.py:188} INFO - [2024-05-20T18:29:43.426+0000] {dagbag.py:545} INFO - Filling up the DagBag from /opt/airflow/dags/etl_dag.py
[2024-05-20T18:29:43.500+0000] {processor.py:840} INFO - DAG(s) 'etl_dag' retrieved from /opt/airflow/dags/etl_dag.py
[2024-05-20T18:29:43.589+0000] {logging_mixin.py:188} INFO - [2024-05-20T18:29:43.588+0000] {dag.py:3096} INFO - Sync 1 DAGs
[2024-05-20T18:29:43.625+0000] {logging_mixin.py:188} INFO - [2024-05-20T18:29:43.625+0000] {dag.py:3954} INFO - Setting next_dagrun for etl_dag to None, run_after=None
[2024-05-20T18:29:43.677+0000] {processor.py:183} INFO - Processing /opt/airflow/dags/etl_dag.py took 0.300 seconds
[2024-05-20T18:30:13.826+0000] {processor.py:161} INFO - Started process (PID=201) to work on /opt/airflow/dags/etl_dag.py
[2024-05-20T18:30:13.830+0000] {processor.py:830} INFO - Processing file /opt/airflow/dags/etl_dag.py for tasks to queue
[2024-05-20T18:30:13.834+0000] {logging_mixin.py:188} INFO - [2024-05-20T18:30:13.833+0000] {dagbag.py:545} INFO - Filling up the DagBag from /opt/airflow/dags/etl_dag.py
[2024-05-20T18:30:13.896+0000] {processor.py:840} INFO - DAG(s) 'etl_dag' retrieved from /opt/airflow/dags/etl_dag.py
[2024-05-20T18:30:14.107+0000] {logging_mixin.py:188} INFO - [2024-05-20T18:30:14.107+0000] {dag.py:3096} INFO - Sync 1 DAGs
[2024-05-20T18:30:14.198+0000] {logging_mixin.py:188} INFO - [2024-05-20T18:30:14.198+0000] {dag.py:3954} INFO - Setting next_dagrun for etl_dag to None, run_after=None
[2024-05-20T18:30:14.311+0000] {processor.py:183} INFO - Processing /opt/airflow/dags/etl_dag.py took 0.519 seconds
[2024-05-20T18:30:44.476+0000] {processor.py:161} INFO - Started process (PID=209) to work on /opt/airflow/dags/etl_dag.py
[2024-05-20T18:30:44.482+0000] {processor.py:830} INFO - Processing file /opt/airflow/dags/etl_dag.py for tasks to queue
[2024-05-20T18:30:44.487+0000] {logging_mixin.py:188} INFO - [2024-05-20T18:30:44.486+0000] {dagbag.py:545} INFO - Filling up the DagBag from /opt/airflow/dags/etl_dag.py
[2024-05-20T18:30:44.532+0000] {processor.py:840} INFO - DAG(s) 'etl_dag' retrieved from /opt/airflow/dags/etl_dag.py
[2024-05-20T18:30:44.606+0000] {logging_mixin.py:188} INFO - [2024-05-20T18:30:44.605+0000] {dag.py:3096} INFO - Sync 1 DAGs
[2024-05-20T18:30:44.652+0000] {logging_mixin.py:188} INFO - [2024-05-20T18:30:44.651+0000] {dag.py:3954} INFO - Setting next_dagrun for etl_dag to None, run_after=None
[2024-05-20T18:30:44.696+0000] {processor.py:183} INFO - Processing /opt/airflow/dags/etl_dag.py took 0.260 seconds
[2024-05-20T18:31:15.018+0000] {processor.py:161} INFO - Started process (PID=218) to work on /opt/airflow/dags/etl_dag.py
[2024-05-20T18:31:15.020+0000] {processor.py:830} INFO - Processing file /opt/airflow/dags/etl_dag.py for tasks to queue
[2024-05-20T18:31:15.024+0000] {logging_mixin.py:188} INFO - [2024-05-20T18:31:15.023+0000] {dagbag.py:545} INFO - Filling up the DagBag from /opt/airflow/dags/etl_dag.py
[2024-05-20T18:31:15.064+0000] {processor.py:840} INFO - DAG(s) 'etl_dag' retrieved from /opt/airflow/dags/etl_dag.py
[2024-05-20T18:31:15.134+0000] {logging_mixin.py:188} INFO - [2024-05-20T18:31:15.133+0000] {dag.py:3096} INFO - Sync 1 DAGs
[2024-05-20T18:31:15.161+0000] {logging_mixin.py:188} INFO - [2024-05-20T18:31:15.161+0000] {dag.py:3954} INFO - Setting next_dagrun for etl_dag to None, run_after=None
[2024-05-20T18:31:15.214+0000] {processor.py:183} INFO - Processing /opt/airflow/dags/etl_dag.py took 0.228 seconds
[2024-05-20T18:31:45.712+0000] {processor.py:161} INFO - Started process (PID=225) to work on /opt/airflow/dags/etl_dag.py
[2024-05-20T18:31:45.713+0000] {processor.py:830} INFO - Processing file /opt/airflow/dags/etl_dag.py for tasks to queue
[2024-05-20T18:31:45.716+0000] {logging_mixin.py:188} INFO - [2024-05-20T18:31:45.716+0000] {dagbag.py:545} INFO - Filling up the DagBag from /opt/airflow/dags/etl_dag.py
[2024-05-20T18:31:45.746+0000] {processor.py:840} INFO - DAG(s) 'etl_dag' retrieved from /opt/airflow/dags/etl_dag.py
[2024-05-20T18:31:45.803+0000] {logging_mixin.py:188} INFO - [2024-05-20T18:31:45.803+0000] {dag.py:3096} INFO - Sync 1 DAGs
[2024-05-20T18:31:45.832+0000] {logging_mixin.py:188} INFO - [2024-05-20T18:31:45.832+0000] {dag.py:3954} INFO - Setting next_dagrun for etl_dag to None, run_after=None
[2024-05-20T18:31:45.862+0000] {processor.py:183} INFO - Processing /opt/airflow/dags/etl_dag.py took 0.189 seconds
[2024-05-20T18:32:16.204+0000] {processor.py:161} INFO - Started process (PID=233) to work on /opt/airflow/dags/etl_dag.py
[2024-05-20T18:32:16.206+0000] {processor.py:830} INFO - Processing file /opt/airflow/dags/etl_dag.py for tasks to queue
[2024-05-20T18:32:16.209+0000] {logging_mixin.py:188} INFO - [2024-05-20T18:32:16.208+0000] {dagbag.py:545} INFO - Filling up the DagBag from /opt/airflow/dags/etl_dag.py
[2024-05-20T18:32:16.232+0000] {processor.py:840} INFO - DAG(s) 'etl_dag' retrieved from /opt/airflow/dags/etl_dag.py
[2024-05-20T18:32:16.276+0000] {logging_mixin.py:188} INFO - [2024-05-20T18:32:16.275+0000] {dag.py:3096} INFO - Sync 1 DAGs
[2024-05-20T18:32:16.300+0000] {logging_mixin.py:188} INFO - [2024-05-20T18:32:16.299+0000] {dag.py:3954} INFO - Setting next_dagrun for etl_dag to None, run_after=None
[2024-05-20T18:32:16.331+0000] {processor.py:183} INFO - Processing /opt/airflow/dags/etl_dag.py took 0.160 seconds
[2024-05-20T18:32:46.631+0000] {processor.py:161} INFO - Started process (PID=241) to work on /opt/airflow/dags/etl_dag.py
[2024-05-20T18:32:46.632+0000] {processor.py:830} INFO - Processing file /opt/airflow/dags/etl_dag.py for tasks to queue
[2024-05-20T18:32:46.636+0000] {logging_mixin.py:188} INFO - [2024-05-20T18:32:46.635+0000] {dagbag.py:545} INFO - Filling up the DagBag from /opt/airflow/dags/etl_dag.py
[2024-05-20T18:32:46.674+0000] {processor.py:840} INFO - DAG(s) 'etl_dag' retrieved from /opt/airflow/dags/etl_dag.py
[2024-05-20T18:32:46.740+0000] {logging_mixin.py:188} INFO - [2024-05-20T18:32:46.739+0000] {dag.py:3096} INFO - Sync 1 DAGs
[2024-05-20T18:32:46.772+0000] {logging_mixin.py:188} INFO - [2024-05-20T18:32:46.771+0000] {dag.py:3954} INFO - Setting next_dagrun for etl_dag to None, run_after=None
[2024-05-20T18:32:46.827+0000] {processor.py:183} INFO - Processing /opt/airflow/dags/etl_dag.py took 0.225 seconds
[2024-05-20T18:33:17.494+0000] {processor.py:161} INFO - Started process (PID=249) to work on /opt/airflow/dags/etl_dag.py
[2024-05-20T18:33:17.506+0000] {processor.py:830} INFO - Processing file /opt/airflow/dags/etl_dag.py for tasks to queue
[2024-05-20T18:33:17.512+0000] {logging_mixin.py:188} INFO - [2024-05-20T18:33:17.511+0000] {dagbag.py:545} INFO - Filling up the DagBag from /opt/airflow/dags/etl_dag.py
[2024-05-20T18:33:17.614+0000] {processor.py:840} INFO - DAG(s) 'etl_dag' retrieved from /opt/airflow/dags/etl_dag.py
[2024-05-20T18:33:17.729+0000] {logging_mixin.py:188} INFO - [2024-05-20T18:33:17.729+0000] {dag.py:3096} INFO - Sync 1 DAGs
[2024-05-20T18:33:17.813+0000] {logging_mixin.py:188} INFO - [2024-05-20T18:33:17.813+0000] {dag.py:3954} INFO - Setting next_dagrun for etl_dag to None, run_after=None
[2024-05-20T18:33:17.924+0000] {processor.py:183} INFO - Processing /opt/airflow/dags/etl_dag.py took 0.532 seconds
[2024-05-20T18:33:48.088+0000] {processor.py:161} INFO - Started process (PID=257) to work on /opt/airflow/dags/etl_dag.py
[2024-05-20T18:33:48.090+0000] {processor.py:830} INFO - Processing file /opt/airflow/dags/etl_dag.py for tasks to queue
[2024-05-20T18:33:48.094+0000] {logging_mixin.py:188} INFO - [2024-05-20T18:33:48.093+0000] {dagbag.py:545} INFO - Filling up the DagBag from /opt/airflow/dags/etl_dag.py
[2024-05-20T18:33:48.148+0000] {processor.py:840} INFO - DAG(s) 'etl_dag' retrieved from /opt/airflow/dags/etl_dag.py
[2024-05-20T18:33:48.243+0000] {logging_mixin.py:188} INFO - [2024-05-20T18:33:48.242+0000] {dag.py:3096} INFO - Sync 1 DAGs
[2024-05-20T18:33:48.280+0000] {logging_mixin.py:188} INFO - [2024-05-20T18:33:48.279+0000] {dag.py:3954} INFO - Setting next_dagrun for etl_dag to None, run_after=None
[2024-05-20T18:33:48.325+0000] {processor.py:183} INFO - Processing /opt/airflow/dags/etl_dag.py took 0.280 seconds
[2024-05-20T18:34:06.339+0000] {processor.py:161} INFO - Started process (PID=264) to work on /opt/airflow/dags/etl_dag.py
[2024-05-20T18:34:06.357+0000] {processor.py:830} INFO - Processing file /opt/airflow/dags/etl_dag.py for tasks to queue
[2024-05-20T18:34:06.365+0000] {logging_mixin.py:188} INFO - [2024-05-20T18:34:06.364+0000] {dagbag.py:545} INFO - Filling up the DagBag from /opt/airflow/dags/etl_dag.py
[2024-05-20T18:34:06.469+0000] {processor.py:840} INFO - DAG(s) 'etl_dag' retrieved from /opt/airflow/dags/etl_dag.py
[2024-05-20T18:34:06.583+0000] {logging_mixin.py:188} INFO - [2024-05-20T18:34:06.582+0000] {dag.py:3096} INFO - Sync 1 DAGs
[2024-05-20T18:34:06.792+0000] {logging_mixin.py:188} INFO - [2024-05-20T18:34:06.791+0000] {dag.py:3954} INFO - Setting next_dagrun for etl_dag to None, run_after=None
[2024-05-20T18:34:06.876+0000] {processor.py:183} INFO - Processing /opt/airflow/dags/etl_dag.py took 0.622 seconds
[2024-05-20T18:34:37.455+0000] {processor.py:161} INFO - Started process (PID=272) to work on /opt/airflow/dags/etl_dag.py
[2024-05-20T18:34:37.469+0000] {processor.py:830} INFO - Processing file /opt/airflow/dags/etl_dag.py for tasks to queue
[2024-05-20T18:34:37.475+0000] {logging_mixin.py:188} INFO - [2024-05-20T18:34:37.473+0000] {dagbag.py:545} INFO - Filling up the DagBag from /opt/airflow/dags/etl_dag.py
[2024-05-20T18:34:37.588+0000] {processor.py:840} INFO - DAG(s) 'etl_dag' retrieved from /opt/airflow/dags/etl_dag.py
[2024-05-20T18:34:37.699+0000] {logging_mixin.py:188} INFO - [2024-05-20T18:34:37.699+0000] {dag.py:3096} INFO - Sync 1 DAGs
[2024-05-20T18:34:37.751+0000] {logging_mixin.py:188} INFO - [2024-05-20T18:34:37.751+0000] {dag.py:3954} INFO - Setting next_dagrun for etl_dag to None, run_after=None
[2024-05-20T18:34:37.852+0000] {processor.py:183} INFO - Processing /opt/airflow/dags/etl_dag.py took 0.494 seconds
[2024-05-20T18:35:08.348+0000] {processor.py:161} INFO - Started process (PID=280) to work on /opt/airflow/dags/etl_dag.py
[2024-05-20T18:35:08.351+0000] {processor.py:830} INFO - Processing file /opt/airflow/dags/etl_dag.py for tasks to queue
[2024-05-20T18:35:08.355+0000] {logging_mixin.py:188} INFO - [2024-05-20T18:35:08.354+0000] {dagbag.py:545} INFO - Filling up the DagBag from /opt/airflow/dags/etl_dag.py
[2024-05-20T18:35:08.393+0000] {processor.py:840} INFO - DAG(s) 'etl_dag' retrieved from /opt/airflow/dags/etl_dag.py
[2024-05-20T18:35:08.495+0000] {logging_mixin.py:188} INFO - [2024-05-20T18:35:08.494+0000] {dag.py:3096} INFO - Sync 1 DAGs
[2024-05-20T18:35:08.522+0000] {logging_mixin.py:188} INFO - [2024-05-20T18:35:08.521+0000] {dag.py:3954} INFO - Setting next_dagrun for etl_dag to None, run_after=None
[2024-05-20T18:35:08.552+0000] {processor.py:183} INFO - Processing /opt/airflow/dags/etl_dag.py took 0.230 seconds
[2024-05-20T18:35:38.931+0000] {processor.py:161} INFO - Started process (PID=288) to work on /opt/airflow/dags/etl_dag.py
[2024-05-20T18:35:38.933+0000] {processor.py:830} INFO - Processing file /opt/airflow/dags/etl_dag.py for tasks to queue
[2024-05-20T18:35:38.936+0000] {logging_mixin.py:188} INFO - [2024-05-20T18:35:38.935+0000] {dagbag.py:545} INFO - Filling up the DagBag from /opt/airflow/dags/etl_dag.py
[2024-05-20T18:35:38.967+0000] {processor.py:840} INFO - DAG(s) 'etl_dag' retrieved from /opt/airflow/dags/etl_dag.py
[2024-05-20T18:35:39.014+0000] {logging_mixin.py:188} INFO - [2024-05-20T18:35:39.014+0000] {dag.py:3096} INFO - Sync 1 DAGs
[2024-05-20T18:35:39.038+0000] {logging_mixin.py:188} INFO - [2024-05-20T18:35:39.037+0000] {dag.py:3954} INFO - Setting next_dagrun for etl_dag to None, run_after=None
[2024-05-20T18:35:39.069+0000] {processor.py:183} INFO - Processing /opt/airflow/dags/etl_dag.py took 0.155 seconds
[2024-05-20T18:36:09.475+0000] {processor.py:161} INFO - Started process (PID=297) to work on /opt/airflow/dags/etl_dag.py
[2024-05-20T18:36:09.477+0000] {processor.py:830} INFO - Processing file /opt/airflow/dags/etl_dag.py for tasks to queue
[2024-05-20T18:36:09.479+0000] {logging_mixin.py:188} INFO - [2024-05-20T18:36:09.479+0000] {dagbag.py:545} INFO - Filling up the DagBag from /opt/airflow/dags/etl_dag.py
[2024-05-20T18:36:09.506+0000] {processor.py:840} INFO - DAG(s) 'etl_dag' retrieved from /opt/airflow/dags/etl_dag.py
[2024-05-20T18:36:09.547+0000] {logging_mixin.py:188} INFO - [2024-05-20T18:36:09.547+0000] {dag.py:3096} INFO - Sync 1 DAGs
[2024-05-20T18:36:09.573+0000] {logging_mixin.py:188} INFO - [2024-05-20T18:36:09.572+0000] {dag.py:3954} INFO - Setting next_dagrun for etl_dag to None, run_after=None
[2024-05-20T18:36:09.607+0000] {processor.py:183} INFO - Processing /opt/airflow/dags/etl_dag.py took 0.149 seconds
[2024-05-20T18:36:39.908+0000] {processor.py:161} INFO - Started process (PID=306) to work on /opt/airflow/dags/etl_dag.py
[2024-05-20T18:36:39.909+0000] {processor.py:830} INFO - Processing file /opt/airflow/dags/etl_dag.py for tasks to queue
[2024-05-20T18:36:39.913+0000] {logging_mixin.py:188} INFO - [2024-05-20T18:36:39.912+0000] {dagbag.py:545} INFO - Filling up the DagBag from /opt/airflow/dags/etl_dag.py
[2024-05-20T18:36:39.939+0000] {processor.py:840} INFO - DAG(s) 'etl_dag' retrieved from /opt/airflow/dags/etl_dag.py
[2024-05-20T18:36:39.996+0000] {logging_mixin.py:188} INFO - [2024-05-20T18:36:39.996+0000] {dag.py:3096} INFO - Sync 1 DAGs
[2024-05-20T18:36:40.018+0000] {logging_mixin.py:188} INFO - [2024-05-20T18:36:40.017+0000] {dag.py:3954} INFO - Setting next_dagrun for etl_dag to None, run_after=None
[2024-05-20T18:36:40.056+0000] {processor.py:183} INFO - Processing /opt/airflow/dags/etl_dag.py took 0.179 seconds
[2024-05-20T18:41:33.862+0000] {processor.py:161} INFO - Started process (PID=66) to work on /opt/airflow/dags/etl_dag.py
[2024-05-20T18:41:33.895+0000] {processor.py:830} INFO - Processing file /opt/airflow/dags/etl_dag.py for tasks to queue
[2024-05-20T18:41:33.899+0000] {logging_mixin.py:188} INFO - [2024-05-20T18:41:33.898+0000] {dagbag.py:545} INFO - Filling up the DagBag from /opt/airflow/dags/etl_dag.py
[2024-05-20T18:41:34.141+0000] {processor.py:840} INFO - DAG(s) 'etl_dag' retrieved from /opt/airflow/dags/etl_dag.py
[2024-05-20T18:41:36.527+0000] {logging_mixin.py:188} INFO - [2024-05-20T18:41:36.506+0000] {dag.py:3096} INFO - Sync 1 DAGs
[2024-05-20T18:41:36.684+0000] {logging_mixin.py:188} INFO - [2024-05-20T18:41:36.683+0000] {dag.py:3954} INFO - Setting next_dagrun for etl_dag to None, run_after=None
[2024-05-20T18:41:36.912+0000] {processor.py:183} INFO - Processing /opt/airflow/dags/etl_dag.py took 3.102 seconds
[2024-05-20T18:42:07.264+0000] {processor.py:161} INFO - Started process (PID=74) to work on /opt/airflow/dags/etl_dag.py
[2024-05-20T18:42:07.267+0000] {processor.py:830} INFO - Processing file /opt/airflow/dags/etl_dag.py for tasks to queue
[2024-05-20T18:42:07.278+0000] {logging_mixin.py:188} INFO - [2024-05-20T18:42:07.269+0000] {dagbag.py:545} INFO - Filling up the DagBag from /opt/airflow/dags/etl_dag.py
[2024-05-20T18:42:07.383+0000] {processor.py:840} INFO - DAG(s) 'etl_dag' retrieved from /opt/airflow/dags/etl_dag.py
[2024-05-20T18:42:07.597+0000] {logging_mixin.py:188} INFO - [2024-05-20T18:42:07.596+0000] {dag.py:3096} INFO - Sync 1 DAGs
[2024-05-20T18:42:07.657+0000] {logging_mixin.py:188} INFO - [2024-05-20T18:42:07.656+0000] {dag.py:3954} INFO - Setting next_dagrun for etl_dag to None, run_after=None
[2024-05-20T18:42:07.823+0000] {processor.py:183} INFO - Processing /opt/airflow/dags/etl_dag.py took 0.589 seconds
[2024-05-20T18:42:40.372+0000] {processor.py:161} INFO - Started process (PID=81) to work on /opt/airflow/dags/etl_dag.py
[2024-05-20T18:42:40.377+0000] {processor.py:830} INFO - Processing file /opt/airflow/dags/etl_dag.py for tasks to queue
[2024-05-20T18:42:40.413+0000] {logging_mixin.py:188} INFO - [2024-05-20T18:42:40.404+0000] {dagbag.py:545} INFO - Filling up the DagBag from /opt/airflow/dags/etl_dag.py
[2024-05-20T18:42:41.071+0000] {processor.py:840} INFO - DAG(s) 'etl_dag' retrieved from /opt/airflow/dags/etl_dag.py
[2024-05-20T18:42:41.212+0000] {logging_mixin.py:188} INFO - [2024-05-20T18:42:41.212+0000] {dag.py:3096} INFO - Sync 1 DAGs
[2024-05-20T18:42:41.285+0000] {logging_mixin.py:188} INFO - [2024-05-20T18:42:41.285+0000] {dag.py:3954} INFO - Setting next_dagrun for etl_dag to None, run_after=None
[2024-05-20T18:42:41.426+0000] {processor.py:183} INFO - Processing /opt/airflow/dags/etl_dag.py took 1.208 seconds
[2024-05-20T18:43:11.889+0000] {processor.py:161} INFO - Started process (PID=88) to work on /opt/airflow/dags/etl_dag.py
[2024-05-20T18:43:11.892+0000] {processor.py:830} INFO - Processing file /opt/airflow/dags/etl_dag.py for tasks to queue
[2024-05-20T18:43:11.898+0000] {logging_mixin.py:188} INFO - [2024-05-20T18:43:11.897+0000] {dagbag.py:545} INFO - Filling up the DagBag from /opt/airflow/dags/etl_dag.py
[2024-05-20T18:43:11.968+0000] {processor.py:840} INFO - DAG(s) 'etl_dag' retrieved from /opt/airflow/dags/etl_dag.py
[2024-05-20T18:43:12.083+0000] {logging_mixin.py:188} INFO - [2024-05-20T18:43:12.083+0000] {dag.py:3096} INFO - Sync 1 DAGs
[2024-05-20T18:43:12.125+0000] {logging_mixin.py:188} INFO - [2024-05-20T18:43:12.124+0000] {dag.py:3954} INFO - Setting next_dagrun for etl_dag to None, run_after=None
[2024-05-20T18:43:12.166+0000] {processor.py:183} INFO - Processing /opt/airflow/dags/etl_dag.py took 0.307 seconds
[2024-05-20T18:43:42.571+0000] {processor.py:161} INFO - Started process (PID=96) to work on /opt/airflow/dags/etl_dag.py
[2024-05-20T18:43:42.572+0000] {processor.py:830} INFO - Processing file /opt/airflow/dags/etl_dag.py for tasks to queue
[2024-05-20T18:43:42.578+0000] {logging_mixin.py:188} INFO - [2024-05-20T18:43:42.578+0000] {dagbag.py:545} INFO - Filling up the DagBag from /opt/airflow/dags/etl_dag.py
[2024-05-20T18:43:42.630+0000] {processor.py:840} INFO - DAG(s) 'etl_dag' retrieved from /opt/airflow/dags/etl_dag.py
[2024-05-20T18:43:42.691+0000] {logging_mixin.py:188} INFO - [2024-05-20T18:43:42.690+0000] {dag.py:3096} INFO - Sync 1 DAGs
[2024-05-20T18:43:42.722+0000] {logging_mixin.py:188} INFO - [2024-05-20T18:43:42.722+0000] {dag.py:3954} INFO - Setting next_dagrun for etl_dag to None, run_after=None
[2024-05-20T18:43:42.750+0000] {processor.py:183} INFO - Processing /opt/airflow/dags/etl_dag.py took 0.205 seconds
[2024-05-20T18:44:13.125+0000] {processor.py:161} INFO - Started process (PID=104) to work on /opt/airflow/dags/etl_dag.py
[2024-05-20T18:44:13.129+0000] {processor.py:830} INFO - Processing file /opt/airflow/dags/etl_dag.py for tasks to queue
[2024-05-20T18:44:13.133+0000] {logging_mixin.py:188} INFO - [2024-05-20T18:44:13.132+0000] {dagbag.py:545} INFO - Filling up the DagBag from /opt/airflow/dags/etl_dag.py
[2024-05-20T18:44:13.195+0000] {processor.py:840} INFO - DAG(s) 'etl_dag' retrieved from /opt/airflow/dags/etl_dag.py
[2024-05-20T18:44:13.271+0000] {logging_mixin.py:188} INFO - [2024-05-20T18:44:13.271+0000] {dag.py:3096} INFO - Sync 1 DAGs
[2024-05-20T18:44:13.307+0000] {logging_mixin.py:188} INFO - [2024-05-20T18:44:13.306+0000] {dag.py:3954} INFO - Setting next_dagrun for etl_dag to None, run_after=None
[2024-05-20T18:44:13.359+0000] {processor.py:183} INFO - Processing /opt/airflow/dags/etl_dag.py took 0.250 seconds
[2024-05-20T18:44:43.864+0000] {processor.py:161} INFO - Started process (PID=111) to work on /opt/airflow/dags/etl_dag.py
[2024-05-20T18:44:43.869+0000] {processor.py:830} INFO - Processing file /opt/airflow/dags/etl_dag.py for tasks to queue
[2024-05-20T18:44:43.877+0000] {logging_mixin.py:188} INFO - [2024-05-20T18:44:43.876+0000] {dagbag.py:545} INFO - Filling up the DagBag from /opt/airflow/dags/etl_dag.py
[2024-05-20T18:44:44.146+0000] {processor.py:840} INFO - DAG(s) 'etl_dag' retrieved from /opt/airflow/dags/etl_dag.py
[2024-05-20T18:44:44.456+0000] {logging_mixin.py:188} INFO - [2024-05-20T18:44:44.455+0000] {dag.py:3096} INFO - Sync 1 DAGs
[2024-05-20T18:44:44.607+0000] {logging_mixin.py:188} INFO - [2024-05-20T18:44:44.607+0000] {dag.py:3954} INFO - Setting next_dagrun for etl_dag to None, run_after=None
[2024-05-20T18:44:44.735+0000] {processor.py:183} INFO - Processing /opt/airflow/dags/etl_dag.py took 0.910 seconds
[2024-05-20T18:45:15.266+0000] {processor.py:161} INFO - Started process (PID=119) to work on /opt/airflow/dags/etl_dag.py
[2024-05-20T18:45:15.267+0000] {processor.py:830} INFO - Processing file /opt/airflow/dags/etl_dag.py for tasks to queue
[2024-05-20T18:45:15.271+0000] {logging_mixin.py:188} INFO - [2024-05-20T18:45:15.271+0000] {dagbag.py:545} INFO - Filling up the DagBag from /opt/airflow/dags/etl_dag.py
[2024-05-20T18:45:15.304+0000] {processor.py:840} INFO - DAG(s) 'etl_dag' retrieved from /opt/airflow/dags/etl_dag.py
[2024-05-20T18:45:15.363+0000] {logging_mixin.py:188} INFO - [2024-05-20T18:45:15.363+0000] {dag.py:3096} INFO - Sync 1 DAGs
[2024-05-20T18:45:15.384+0000] {logging_mixin.py:188} INFO - [2024-05-20T18:45:15.384+0000] {dag.py:3954} INFO - Setting next_dagrun for etl_dag to None, run_after=None
[2024-05-20T18:45:15.411+0000] {processor.py:183} INFO - Processing /opt/airflow/dags/etl_dag.py took 0.156 seconds
[2024-05-20T18:45:45.870+0000] {processor.py:161} INFO - Started process (PID=126) to work on /opt/airflow/dags/etl_dag.py
[2024-05-20T18:45:45.872+0000] {processor.py:830} INFO - Processing file /opt/airflow/dags/etl_dag.py for tasks to queue
[2024-05-20T18:45:45.876+0000] {logging_mixin.py:188} INFO - [2024-05-20T18:45:45.875+0000] {dagbag.py:545} INFO - Filling up the DagBag from /opt/airflow/dags/etl_dag.py
[2024-05-20T18:45:45.915+0000] {processor.py:840} INFO - DAG(s) 'etl_dag' retrieved from /opt/airflow/dags/etl_dag.py
[2024-05-20T18:45:46.016+0000] {logging_mixin.py:188} INFO - [2024-05-20T18:45:46.015+0000] {dag.py:3096} INFO - Sync 1 DAGs
[2024-05-20T18:45:46.043+0000] {logging_mixin.py:188} INFO - [2024-05-20T18:45:46.043+0000] {dag.py:3954} INFO - Setting next_dagrun for etl_dag to None, run_after=None
[2024-05-20T18:45:46.083+0000] {processor.py:183} INFO - Processing /opt/airflow/dags/etl_dag.py took 0.231 seconds
[2024-05-20T18:46:16.525+0000] {processor.py:161} INFO - Started process (PID=134) to work on /opt/airflow/dags/etl_dag.py
[2024-05-20T18:46:16.531+0000] {processor.py:830} INFO - Processing file /opt/airflow/dags/etl_dag.py for tasks to queue
[2024-05-20T18:46:16.537+0000] {logging_mixin.py:188} INFO - [2024-05-20T18:46:16.536+0000] {dagbag.py:545} INFO - Filling up the DagBag from /opt/airflow/dags/etl_dag.py
[2024-05-20T18:46:16.575+0000] {processor.py:840} INFO - DAG(s) 'etl_dag' retrieved from /opt/airflow/dags/etl_dag.py
[2024-05-20T18:46:16.646+0000] {logging_mixin.py:188} INFO - [2024-05-20T18:46:16.646+0000] {dag.py:3096} INFO - Sync 1 DAGs
[2024-05-20T18:46:16.673+0000] {logging_mixin.py:188} INFO - [2024-05-20T18:46:16.673+0000] {dag.py:3954} INFO - Setting next_dagrun for etl_dag to None, run_after=None
[2024-05-20T18:46:16.712+0000] {processor.py:183} INFO - Processing /opt/airflow/dags/etl_dag.py took 0.204 seconds
[2024-05-20T18:46:47.196+0000] {processor.py:161} INFO - Started process (PID=142) to work on /opt/airflow/dags/etl_dag.py
[2024-05-20T18:46:47.198+0000] {processor.py:830} INFO - Processing file /opt/airflow/dags/etl_dag.py for tasks to queue
[2024-05-20T18:46:47.201+0000] {logging_mixin.py:188} INFO - [2024-05-20T18:46:47.200+0000] {dagbag.py:545} INFO - Filling up the DagBag from /opt/airflow/dags/etl_dag.py
[2024-05-20T18:46:47.225+0000] {processor.py:840} INFO - DAG(s) 'etl_dag' retrieved from /opt/airflow/dags/etl_dag.py
[2024-05-20T18:46:47.309+0000] {logging_mixin.py:188} INFO - [2024-05-20T18:46:47.308+0000] {dag.py:3096} INFO - Sync 1 DAGs
[2024-05-20T18:46:47.380+0000] {logging_mixin.py:188} INFO - [2024-05-20T18:46:47.379+0000] {dag.py:3954} INFO - Setting next_dagrun for etl_dag to None, run_after=None
[2024-05-20T18:46:47.554+0000] {processor.py:183} INFO - Processing /opt/airflow/dags/etl_dag.py took 0.368 seconds
[2024-05-20T18:47:18.272+0000] {processor.py:161} INFO - Started process (PID=150) to work on /opt/airflow/dags/etl_dag.py
[2024-05-20T18:47:18.277+0000] {processor.py:830} INFO - Processing file /opt/airflow/dags/etl_dag.py for tasks to queue
[2024-05-20T18:47:18.289+0000] {logging_mixin.py:188} INFO - [2024-05-20T18:47:18.288+0000] {dagbag.py:545} INFO - Filling up the DagBag from /opt/airflow/dags/etl_dag.py
[2024-05-20T18:47:18.352+0000] {processor.py:840} INFO - DAG(s) 'etl_dag' retrieved from /opt/airflow/dags/etl_dag.py
[2024-05-20T18:47:18.459+0000] {logging_mixin.py:188} INFO - [2024-05-20T18:47:18.458+0000] {dag.py:3096} INFO - Sync 1 DAGs
[2024-05-20T18:47:18.501+0000] {logging_mixin.py:188} INFO - [2024-05-20T18:47:18.500+0000] {dag.py:3954} INFO - Setting next_dagrun for etl_dag to None, run_after=None
[2024-05-20T18:47:18.583+0000] {processor.py:183} INFO - Processing /opt/airflow/dags/etl_dag.py took 0.346 seconds
[2024-05-20T18:47:49.063+0000] {processor.py:161} INFO - Started process (PID=158) to work on /opt/airflow/dags/etl_dag.py
[2024-05-20T18:47:49.064+0000] {processor.py:830} INFO - Processing file /opt/airflow/dags/etl_dag.py for tasks to queue
[2024-05-20T18:47:49.079+0000] {logging_mixin.py:188} INFO - [2024-05-20T18:47:49.066+0000] {dagbag.py:545} INFO - Filling up the DagBag from /opt/airflow/dags/etl_dag.py
[2024-05-20T18:47:49.171+0000] {processor.py:840} INFO - DAG(s) 'etl_dag' retrieved from /opt/airflow/dags/etl_dag.py
[2024-05-20T18:47:49.376+0000] {logging_mixin.py:188} INFO - [2024-05-20T18:47:49.376+0000] {dag.py:3096} INFO - Sync 1 DAGs
[2024-05-20T18:47:49.475+0000] {logging_mixin.py:188} INFO - [2024-05-20T18:47:49.475+0000] {dag.py:3954} INFO - Setting next_dagrun for etl_dag to None, run_after=None
[2024-05-20T18:47:49.695+0000] {processor.py:183} INFO - Processing /opt/airflow/dags/etl_dag.py took 0.666 seconds
[2024-05-20T18:48:20.182+0000] {processor.py:161} INFO - Started process (PID=166) to work on /opt/airflow/dags/etl_dag.py
[2024-05-20T18:48:20.186+0000] {processor.py:830} INFO - Processing file /opt/airflow/dags/etl_dag.py for tasks to queue
[2024-05-20T18:48:20.195+0000] {logging_mixin.py:188} INFO - [2024-05-20T18:48:20.194+0000] {dagbag.py:545} INFO - Filling up the DagBag from /opt/airflow/dags/etl_dag.py
[2024-05-20T18:48:20.244+0000] {processor.py:840} INFO - DAG(s) 'etl_dag' retrieved from /opt/airflow/dags/etl_dag.py
[2024-05-20T18:48:20.296+0000] {logging_mixin.py:188} INFO - [2024-05-20T18:48:20.295+0000] {dag.py:3096} INFO - Sync 1 DAGs
[2024-05-20T18:48:20.331+0000] {logging_mixin.py:188} INFO - [2024-05-20T18:48:20.330+0000] {dag.py:3954} INFO - Setting next_dagrun for etl_dag to None, run_after=None
[2024-05-20T18:48:20.361+0000] {processor.py:183} INFO - Processing /opt/airflow/dags/etl_dag.py took 0.206 seconds
[2024-05-20T18:48:50.702+0000] {processor.py:161} INFO - Started process (PID=174) to work on /opt/airflow/dags/etl_dag.py
[2024-05-20T18:48:50.705+0000] {processor.py:830} INFO - Processing file /opt/airflow/dags/etl_dag.py for tasks to queue
[2024-05-20T18:48:50.709+0000] {logging_mixin.py:188} INFO - [2024-05-20T18:48:50.708+0000] {dagbag.py:545} INFO - Filling up the DagBag from /opt/airflow/dags/etl_dag.py
[2024-05-20T18:48:50.749+0000] {processor.py:840} INFO - DAG(s) 'etl_dag' retrieved from /opt/airflow/dags/etl_dag.py
[2024-05-20T18:48:50.816+0000] {logging_mixin.py:188} INFO - [2024-05-20T18:48:50.816+0000] {dag.py:3096} INFO - Sync 1 DAGs
[2024-05-20T18:48:50.848+0000] {logging_mixin.py:188} INFO - [2024-05-20T18:48:50.848+0000] {dag.py:3954} INFO - Setting next_dagrun for etl_dag to None, run_after=None
[2024-05-20T18:48:50.879+0000] {processor.py:183} INFO - Processing /opt/airflow/dags/etl_dag.py took 0.196 seconds
[2024-05-20T18:49:21.209+0000] {processor.py:161} INFO - Started process (PID=183) to work on /opt/airflow/dags/etl_dag.py
[2024-05-20T18:49:21.211+0000] {processor.py:830} INFO - Processing file /opt/airflow/dags/etl_dag.py for tasks to queue
[2024-05-20T18:49:21.215+0000] {logging_mixin.py:188} INFO - [2024-05-20T18:49:21.214+0000] {dagbag.py:545} INFO - Filling up the DagBag from /opt/airflow/dags/etl_dag.py
[2024-05-20T18:49:21.246+0000] {processor.py:840} INFO - DAG(s) 'etl_dag' retrieved from /opt/airflow/dags/etl_dag.py
[2024-05-20T18:49:21.293+0000] {logging_mixin.py:188} INFO - [2024-05-20T18:49:21.292+0000] {dag.py:3096} INFO - Sync 1 DAGs
[2024-05-20T18:49:21.314+0000] {logging_mixin.py:188} INFO - [2024-05-20T18:49:21.313+0000] {dag.py:3954} INFO - Setting next_dagrun for etl_dag to None, run_after=None
[2024-05-20T18:49:21.344+0000] {processor.py:183} INFO - Processing /opt/airflow/dags/etl_dag.py took 0.151 seconds
[2024-05-20T18:49:51.587+0000] {processor.py:161} INFO - Started process (PID=191) to work on /opt/airflow/dags/etl_dag.py
[2024-05-20T18:49:51.589+0000] {processor.py:830} INFO - Processing file /opt/airflow/dags/etl_dag.py for tasks to queue
[2024-05-20T18:49:51.592+0000] {logging_mixin.py:188} INFO - [2024-05-20T18:49:51.592+0000] {dagbag.py:545} INFO - Filling up the DagBag from /opt/airflow/dags/etl_dag.py
[2024-05-20T18:49:51.616+0000] {processor.py:840} INFO - DAG(s) 'etl_dag' retrieved from /opt/airflow/dags/etl_dag.py
[2024-05-20T18:49:51.664+0000] {logging_mixin.py:188} INFO - [2024-05-20T18:49:51.663+0000] {dag.py:3096} INFO - Sync 1 DAGs
[2024-05-20T18:49:51.689+0000] {logging_mixin.py:188} INFO - [2024-05-20T18:49:51.689+0000] {dag.py:3954} INFO - Setting next_dagrun for etl_dag to None, run_after=None
[2024-05-20T18:49:51.735+0000] {processor.py:183} INFO - Processing /opt/airflow/dags/etl_dag.py took 0.159 seconds
[2024-05-20T18:50:22.157+0000] {processor.py:161} INFO - Started process (PID=199) to work on /opt/airflow/dags/etl_dag.py
[2024-05-20T18:50:22.174+0000] {processor.py:830} INFO - Processing file /opt/airflow/dags/etl_dag.py for tasks to queue
[2024-05-20T18:50:22.189+0000] {logging_mixin.py:188} INFO - [2024-05-20T18:50:22.187+0000] {dagbag.py:545} INFO - Filling up the DagBag from /opt/airflow/dags/etl_dag.py
[2024-05-20T18:50:22.501+0000] {processor.py:840} INFO - DAG(s) 'etl_dag' retrieved from /opt/airflow/dags/etl_dag.py
[2024-05-20T18:50:22.876+0000] {logging_mixin.py:188} INFO - [2024-05-20T18:50:22.875+0000] {dag.py:3096} INFO - Sync 1 DAGs
[2024-05-20T18:50:23.075+0000] {logging_mixin.py:188} INFO - [2024-05-20T18:50:23.033+0000] {dag.py:3954} INFO - Setting next_dagrun for etl_dag to None, run_after=None
[2024-05-20T18:50:23.260+0000] {processor.py:183} INFO - Processing /opt/airflow/dags/etl_dag.py took 1.141 seconds
[2024-05-20T18:50:53.631+0000] {processor.py:161} INFO - Started process (PID=207) to work on /opt/airflow/dags/etl_dag.py
[2024-05-20T18:50:53.639+0000] {processor.py:830} INFO - Processing file /opt/airflow/dags/etl_dag.py for tasks to queue
[2024-05-20T18:50:53.651+0000] {logging_mixin.py:188} INFO - [2024-05-20T18:50:53.650+0000] {dagbag.py:545} INFO - Filling up the DagBag from /opt/airflow/dags/etl_dag.py
[2024-05-20T18:50:53.702+0000] {processor.py:840} INFO - DAG(s) 'etl_dag' retrieved from /opt/airflow/dags/etl_dag.py
[2024-05-20T18:50:53.756+0000] {logging_mixin.py:188} INFO - [2024-05-20T18:50:53.755+0000] {dag.py:3096} INFO - Sync 1 DAGs
[2024-05-20T18:50:53.784+0000] {logging_mixin.py:188} INFO - [2024-05-20T18:50:53.784+0000] {dag.py:3954} INFO - Setting next_dagrun for etl_dag to None, run_after=None
[2024-05-20T18:50:53.814+0000] {processor.py:183} INFO - Processing /opt/airflow/dags/etl_dag.py took 0.214 seconds
[2024-05-20T18:51:18.175+0000] {processor.py:161} INFO - Started process (PID=215) to work on /opt/airflow/dags/etl_dag.py
[2024-05-20T18:51:18.177+0000] {processor.py:830} INFO - Processing file /opt/airflow/dags/etl_dag.py for tasks to queue
[2024-05-20T18:51:18.180+0000] {logging_mixin.py:188} INFO - [2024-05-20T18:51:18.179+0000] {dagbag.py:545} INFO - Filling up the DagBag from /opt/airflow/dags/etl_dag.py
[2024-05-20T18:51:18.209+0000] {processor.py:840} INFO - DAG(s) 'etl_dag' retrieved from /opt/airflow/dags/etl_dag.py
[2024-05-20T18:51:19.031+0000] {logging_mixin.py:188} INFO - [2024-05-20T18:51:19.031+0000] {dag.py:3096} INFO - Sync 1 DAGs
[2024-05-20T18:51:19.054+0000] {logging_mixin.py:188} INFO - [2024-05-20T18:51:19.054+0000] {dag.py:3954} INFO - Setting next_dagrun for etl_dag to None, run_after=None
[2024-05-20T18:51:19.094+0000] {processor.py:183} INFO - Processing /opt/airflow/dags/etl_dag.py took 0.932 seconds
[2024-05-20T18:51:49.539+0000] {processor.py:161} INFO - Started process (PID=222) to work on /opt/airflow/dags/etl_dag.py
[2024-05-20T18:51:49.540+0000] {processor.py:830} INFO - Processing file /opt/airflow/dags/etl_dag.py for tasks to queue
[2024-05-20T18:51:49.543+0000] {logging_mixin.py:188} INFO - [2024-05-20T18:51:49.542+0000] {dagbag.py:545} INFO - Filling up the DagBag from /opt/airflow/dags/etl_dag.py
[2024-05-20T18:51:49.580+0000] {processor.py:840} INFO - DAG(s) 'etl_dag' retrieved from /opt/airflow/dags/etl_dag.py
[2024-05-20T18:51:49.637+0000] {logging_mixin.py:188} INFO - [2024-05-20T18:51:49.635+0000] {dag.py:3096} INFO - Sync 1 DAGs
[2024-05-20T18:51:49.665+0000] {logging_mixin.py:188} INFO - [2024-05-20T18:51:49.664+0000] {dag.py:3954} INFO - Setting next_dagrun for etl_dag to None, run_after=None
[2024-05-20T18:51:49.723+0000] {processor.py:183} INFO - Processing /opt/airflow/dags/etl_dag.py took 0.200 seconds
[2024-05-20T18:52:14.970+0000] {processor.py:161} INFO - Started process (PID=229) to work on /opt/airflow/dags/etl_dag.py
[2024-05-20T18:52:14.972+0000] {processor.py:830} INFO - Processing file /opt/airflow/dags/etl_dag.py for tasks to queue
[2024-05-20T18:52:14.979+0000] {logging_mixin.py:188} INFO - [2024-05-20T18:52:14.977+0000] {dagbag.py:545} INFO - Filling up the DagBag from /opt/airflow/dags/etl_dag.py
[2024-05-20T18:52:15.024+0000] {processor.py:840} INFO - DAG(s) 'etl_dag' retrieved from /opt/airflow/dags/etl_dag.py
[2024-05-20T18:52:15.335+0000] {logging_mixin.py:188} INFO - [2024-05-20T18:52:15.335+0000] {dag.py:3096} INFO - Sync 1 DAGs
[2024-05-20T18:52:15.368+0000] {logging_mixin.py:188} INFO - [2024-05-20T18:52:15.367+0000] {dag.py:3954} INFO - Setting next_dagrun for etl_dag to None, run_after=None
[2024-05-20T18:52:15.504+0000] {processor.py:183} INFO - Processing /opt/airflow/dags/etl_dag.py took 0.557 seconds
[2024-05-20T18:52:46.384+0000] {processor.py:161} INFO - Started process (PID=237) to work on /opt/airflow/dags/etl_dag.py
[2024-05-20T18:52:46.385+0000] {processor.py:830} INFO - Processing file /opt/airflow/dags/etl_dag.py for tasks to queue
[2024-05-20T18:52:46.389+0000] {logging_mixin.py:188} INFO - [2024-05-20T18:52:46.388+0000] {dagbag.py:545} INFO - Filling up the DagBag from /opt/airflow/dags/etl_dag.py
[2024-05-20T18:52:46.421+0000] {processor.py:840} INFO - DAG(s) 'etl_dag' retrieved from /opt/airflow/dags/etl_dag.py
[2024-05-20T18:52:46.516+0000] {logging_mixin.py:188} INFO - [2024-05-20T18:52:46.515+0000] {dag.py:3096} INFO - Sync 1 DAGs
[2024-05-20T18:52:46.593+0000] {logging_mixin.py:188} INFO - [2024-05-20T18:52:46.555+0000] {dag.py:3954} INFO - Setting next_dagrun for etl_dag to None, run_after=None
[2024-05-20T18:52:46.707+0000] {processor.py:183} INFO - Processing /opt/airflow/dags/etl_dag.py took 0.348 seconds
[2024-05-20T18:53:16.855+0000] {processor.py:161} INFO - Started process (PID=245) to work on /opt/airflow/dags/etl_dag.py
[2024-05-20T18:53:16.857+0000] {processor.py:830} INFO - Processing file /opt/airflow/dags/etl_dag.py for tasks to queue
[2024-05-20T18:53:16.859+0000] {logging_mixin.py:188} INFO - [2024-05-20T18:53:16.859+0000] {dagbag.py:545} INFO - Filling up the DagBag from /opt/airflow/dags/etl_dag.py
[2024-05-20T18:53:16.882+0000] {processor.py:840} INFO - DAG(s) 'etl_dag' retrieved from /opt/airflow/dags/etl_dag.py
[2024-05-20T18:53:16.925+0000] {logging_mixin.py:188} INFO - [2024-05-20T18:53:16.925+0000] {dag.py:3096} INFO - Sync 1 DAGs
[2024-05-20T18:53:16.950+0000] {logging_mixin.py:188} INFO - [2024-05-20T18:53:16.949+0000] {dag.py:3954} INFO - Setting next_dagrun for etl_dag to None, run_after=None
[2024-05-20T18:53:16.981+0000] {processor.py:183} INFO - Processing /opt/airflow/dags/etl_dag.py took 0.144 seconds
[2024-05-20T18:53:47.382+0000] {processor.py:161} INFO - Started process (PID=253) to work on /opt/airflow/dags/etl_dag.py
[2024-05-20T18:53:47.383+0000] {processor.py:830} INFO - Processing file /opt/airflow/dags/etl_dag.py for tasks to queue
[2024-05-20T18:53:47.390+0000] {logging_mixin.py:188} INFO - [2024-05-20T18:53:47.389+0000] {dagbag.py:545} INFO - Filling up the DagBag from /opt/airflow/dags/etl_dag.py
[2024-05-20T18:53:47.418+0000] {processor.py:840} INFO - DAG(s) 'etl_dag' retrieved from /opt/airflow/dags/etl_dag.py
[2024-05-20T18:53:47.474+0000] {logging_mixin.py:188} INFO - [2024-05-20T18:53:47.474+0000] {dag.py:3096} INFO - Sync 1 DAGs
[2024-05-20T18:53:47.498+0000] {logging_mixin.py:188} INFO - [2024-05-20T18:53:47.498+0000] {dag.py:3954} INFO - Setting next_dagrun for etl_dag to None, run_after=None
[2024-05-20T18:53:47.533+0000] {processor.py:183} INFO - Processing /opt/airflow/dags/etl_dag.py took 0.167 seconds
[2024-05-20T18:54:17.695+0000] {processor.py:161} INFO - Started process (PID=261) to work on /opt/airflow/dags/etl_dag.py
[2024-05-20T18:54:17.699+0000] {processor.py:830} INFO - Processing file /opt/airflow/dags/etl_dag.py for tasks to queue
[2024-05-20T18:54:17.704+0000] {logging_mixin.py:188} INFO - [2024-05-20T18:54:17.703+0000] {dagbag.py:545} INFO - Filling up the DagBag from /opt/airflow/dags/etl_dag.py
[2024-05-20T18:54:17.774+0000] {processor.py:840} INFO - DAG(s) 'etl_dag' retrieved from /opt/airflow/dags/etl_dag.py
[2024-05-20T18:54:17.855+0000] {logging_mixin.py:188} INFO - [2024-05-20T18:54:17.854+0000] {dag.py:3096} INFO - Sync 1 DAGs
[2024-05-20T18:54:17.891+0000] {logging_mixin.py:188} INFO - [2024-05-20T18:54:17.891+0000] {dag.py:3954} INFO - Setting next_dagrun for etl_dag to None, run_after=None
[2024-05-20T18:54:17.939+0000] {processor.py:183} INFO - Processing /opt/airflow/dags/etl_dag.py took 0.258 seconds
[2024-05-20T18:54:48.386+0000] {processor.py:161} INFO - Started process (PID=268) to work on /opt/airflow/dags/etl_dag.py
[2024-05-20T18:54:48.387+0000] {processor.py:830} INFO - Processing file /opt/airflow/dags/etl_dag.py for tasks to queue
[2024-05-20T18:54:48.389+0000] {logging_mixin.py:188} INFO - [2024-05-20T18:54:48.389+0000] {dagbag.py:545} INFO - Filling up the DagBag from /opt/airflow/dags/etl_dag.py
[2024-05-20T18:54:48.428+0000] {processor.py:840} INFO - DAG(s) 'etl_dag' retrieved from /opt/airflow/dags/etl_dag.py
[2024-05-20T18:54:48.481+0000] {logging_mixin.py:188} INFO - [2024-05-20T18:54:48.481+0000] {dag.py:3096} INFO - Sync 1 DAGs
[2024-05-20T18:54:48.516+0000] {logging_mixin.py:188} INFO - [2024-05-20T18:54:48.515+0000] {dag.py:3954} INFO - Setting next_dagrun for etl_dag to None, run_after=None
[2024-05-20T18:54:48.559+0000] {processor.py:183} INFO - Processing /opt/airflow/dags/etl_dag.py took 0.191 seconds
[2024-05-20T18:55:18.841+0000] {processor.py:161} INFO - Started process (PID=275) to work on /opt/airflow/dags/etl_dag.py
[2024-05-20T18:55:18.851+0000] {processor.py:830} INFO - Processing file /opt/airflow/dags/etl_dag.py for tasks to queue
[2024-05-20T18:55:18.853+0000] {logging_mixin.py:188} INFO - [2024-05-20T18:55:18.853+0000] {dagbag.py:545} INFO - Filling up the DagBag from /opt/airflow/dags/etl_dag.py
[2024-05-20T18:55:18.975+0000] {processor.py:840} INFO - DAG(s) 'etl_dag' retrieved from /opt/airflow/dags/etl_dag.py
[2024-05-20T18:55:19.168+0000] {logging_mixin.py:188} INFO - [2024-05-20T18:55:19.167+0000] {dag.py:3096} INFO - Sync 1 DAGs
[2024-05-20T18:55:19.231+0000] {logging_mixin.py:188} INFO - [2024-05-20T18:55:19.231+0000] {dag.py:3954} INFO - Setting next_dagrun for etl_dag to None, run_after=None
[2024-05-20T18:55:19.298+0000] {processor.py:183} INFO - Processing /opt/airflow/dags/etl_dag.py took 0.475 seconds
[2024-05-20T18:55:48.540+0000] {processor.py:161} INFO - Started process (PID=284) to work on /opt/airflow/dags/etl_dag.py
[2024-05-20T18:55:48.542+0000] {processor.py:830} INFO - Processing file /opt/airflow/dags/etl_dag.py for tasks to queue
[2024-05-20T18:55:48.544+0000] {logging_mixin.py:188} INFO - [2024-05-20T18:55:48.544+0000] {dagbag.py:545} INFO - Filling up the DagBag from /opt/airflow/dags/etl_dag.py
[2024-05-20T18:55:48.589+0000] {processor.py:840} INFO - DAG(s) 'etl_dag' retrieved from /opt/airflow/dags/etl_dag.py
[2024-05-20T18:55:48.976+0000] {logging_mixin.py:188} INFO - [2024-05-20T18:55:48.975+0000] {dag.py:3096} INFO - Sync 1 DAGs
[2024-05-20T18:55:49.010+0000] {logging_mixin.py:188} INFO - [2024-05-20T18:55:49.010+0000] {dag.py:3954} INFO - Setting next_dagrun for etl_dag to None, run_after=None
[2024-05-20T18:55:49.053+0000] {processor.py:183} INFO - Processing /opt/airflow/dags/etl_dag.py took 0.528 seconds
[2024-05-20T18:56:19.454+0000] {processor.py:161} INFO - Started process (PID=292) to work on /opt/airflow/dags/etl_dag.py
[2024-05-20T18:56:19.457+0000] {processor.py:830} INFO - Processing file /opt/airflow/dags/etl_dag.py for tasks to queue
[2024-05-20T18:56:19.461+0000] {logging_mixin.py:188} INFO - [2024-05-20T18:56:19.460+0000] {dagbag.py:545} INFO - Filling up the DagBag from /opt/airflow/dags/etl_dag.py
[2024-05-20T18:56:19.494+0000] {processor.py:840} INFO - DAG(s) 'etl_dag' retrieved from /opt/airflow/dags/etl_dag.py
[2024-05-20T18:56:19.549+0000] {logging_mixin.py:188} INFO - [2024-05-20T18:56:19.549+0000] {dag.py:3096} INFO - Sync 1 DAGs
[2024-05-20T18:56:19.571+0000] {logging_mixin.py:188} INFO - [2024-05-20T18:56:19.571+0000] {dag.py:3954} INFO - Setting next_dagrun for etl_dag to None, run_after=None
[2024-05-20T18:56:19.596+0000] {processor.py:183} INFO - Processing /opt/airflow/dags/etl_dag.py took 0.159 seconds
[2024-05-20T18:56:49.828+0000] {processor.py:161} INFO - Started process (PID=300) to work on /opt/airflow/dags/etl_dag.py
[2024-05-20T18:56:49.829+0000] {processor.py:830} INFO - Processing file /opt/airflow/dags/etl_dag.py for tasks to queue
[2024-05-20T18:56:49.831+0000] {logging_mixin.py:188} INFO - [2024-05-20T18:56:49.831+0000] {dagbag.py:545} INFO - Filling up the DagBag from /opt/airflow/dags/etl_dag.py
[2024-05-20T18:56:49.855+0000] {processor.py:840} INFO - DAG(s) 'etl_dag' retrieved from /opt/airflow/dags/etl_dag.py
[2024-05-20T18:56:49.898+0000] {logging_mixin.py:188} INFO - [2024-05-20T18:56:49.898+0000] {dag.py:3096} INFO - Sync 1 DAGs
[2024-05-20T18:56:49.928+0000] {logging_mixin.py:188} INFO - [2024-05-20T18:56:49.928+0000] {dag.py:3954} INFO - Setting next_dagrun for etl_dag to None, run_after=None
[2024-05-20T18:56:49.958+0000] {processor.py:183} INFO - Processing /opt/airflow/dags/etl_dag.py took 0.144 seconds
[2024-05-20T20:00:14.674+0000] {processor.py:161} INFO - Started process (PID=64) to work on /opt/airflow/dags/etl_dag.py
[2024-05-20T20:00:14.697+0000] {processor.py:830} INFO - Processing file /opt/airflow/dags/etl_dag.py for tasks to queue
[2024-05-20T20:00:14.709+0000] {logging_mixin.py:188} INFO - [2024-05-20T20:00:14.708+0000] {dagbag.py:545} INFO - Filling up the DagBag from /opt/airflow/dags/etl_dag.py
[2024-05-20T20:00:14.950+0000] {processor.py:840} INFO - DAG(s) 'etl_dag' retrieved from /opt/airflow/dags/etl_dag.py
[2024-05-20T20:00:17.031+0000] {logging_mixin.py:188} INFO - [2024-05-20T20:00:17.031+0000] {dag.py:3096} INFO - Sync 1 DAGs
[2024-05-20T20:00:17.178+0000] {logging_mixin.py:188} INFO - [2024-05-20T20:00:17.177+0000] {dag.py:3954} INFO - Setting next_dagrun for etl_dag to None, run_after=None
[2024-05-20T20:00:17.347+0000] {processor.py:183} INFO - Processing /opt/airflow/dags/etl_dag.py took 2.703 seconds
[2024-05-20T20:00:49.504+0000] {processor.py:161} INFO - Started process (PID=71) to work on /opt/airflow/dags/etl_dag.py
[2024-05-20T20:00:49.531+0000] {processor.py:830} INFO - Processing file /opt/airflow/dags/etl_dag.py for tasks to queue
[2024-05-20T20:00:49.667+0000] {logging_mixin.py:188} INFO - [2024-05-20T20:00:49.633+0000] {dagbag.py:545} INFO - Filling up the DagBag from /opt/airflow/dags/etl_dag.py
[2024-05-20T20:03:59.772+0000] {processor.py:161} INFO - Started process (PID=59) to work on /opt/airflow/dags/etl_dag.py
[2024-05-20T20:03:59.779+0000] {processor.py:830} INFO - Processing file /opt/airflow/dags/etl_dag.py for tasks to queue
[2024-05-20T20:03:59.797+0000] {logging_mixin.py:188} INFO - [2024-05-20T20:03:59.797+0000] {dagbag.py:545} INFO - Filling up the DagBag from /opt/airflow/dags/etl_dag.py
[2024-05-20T20:03:59.970+0000] {processor.py:840} INFO - DAG(s) 'etl_dag' retrieved from /opt/airflow/dags/etl_dag.py
[2024-05-20T20:04:02.091+0000] {logging_mixin.py:188} INFO - [2024-05-20T20:04:02.091+0000] {dag.py:3096} INFO - Sync 1 DAGs
[2024-05-20T20:04:02.165+0000] {logging_mixin.py:188} INFO - [2024-05-20T20:04:02.165+0000] {dag.py:3954} INFO - Setting next_dagrun for etl_dag to None, run_after=None
[2024-05-20T20:04:02.299+0000] {processor.py:183} INFO - Processing /opt/airflow/dags/etl_dag.py took 2.609 seconds
[2024-05-20T20:04:32.732+0000] {processor.py:161} INFO - Started process (PID=67) to work on /opt/airflow/dags/etl_dag.py
[2024-05-20T20:04:32.738+0000] {processor.py:830} INFO - Processing file /opt/airflow/dags/etl_dag.py for tasks to queue
[2024-05-20T20:04:32.771+0000] {logging_mixin.py:188} INFO - [2024-05-20T20:04:32.760+0000] {dagbag.py:545} INFO - Filling up the DagBag from /opt/airflow/dags/etl_dag.py
[2024-05-20T20:04:33.091+0000] {processor.py:840} INFO - DAG(s) 'etl_dag' retrieved from /opt/airflow/dags/etl_dag.py
[2024-05-20T20:04:33.359+0000] {logging_mixin.py:188} INFO - [2024-05-20T20:04:33.359+0000] {dag.py:3096} INFO - Sync 1 DAGs
[2024-05-20T20:04:33.471+0000] {logging_mixin.py:188} INFO - [2024-05-20T20:04:33.467+0000] {dag.py:3954} INFO - Setting next_dagrun for etl_dag to None, run_after=None
[2024-05-20T20:04:33.636+0000] {processor.py:183} INFO - Processing /opt/airflow/dags/etl_dag.py took 1.013 seconds
[2024-05-20T20:05:04.070+0000] {processor.py:161} INFO - Started process (PID=75) to work on /opt/airflow/dags/etl_dag.py
[2024-05-20T20:05:04.074+0000] {processor.py:830} INFO - Processing file /opt/airflow/dags/etl_dag.py for tasks to queue
[2024-05-20T20:05:04.114+0000] {logging_mixin.py:188} INFO - [2024-05-20T20:05:04.106+0000] {dagbag.py:545} INFO - Filling up the DagBag from /opt/airflow/dags/etl_dag.py
[2024-05-20T20:05:04.686+0000] {processor.py:840} INFO - DAG(s) 'etl_dag' retrieved from /opt/airflow/dags/etl_dag.py
[2024-05-20T20:05:04.897+0000] {logging_mixin.py:188} INFO - [2024-05-20T20:05:04.897+0000] {dag.py:3096} INFO - Sync 1 DAGs
[2024-05-20T20:05:05.004+0000] {logging_mixin.py:188} INFO - [2024-05-20T20:05:05.003+0000] {dag.py:3954} INFO - Setting next_dagrun for etl_dag to None, run_after=None
[2024-05-20T20:05:05.138+0000] {processor.py:183} INFO - Processing /opt/airflow/dags/etl_dag.py took 1.121 seconds
[2024-05-20T20:05:35.372+0000] {processor.py:161} INFO - Started process (PID=83) to work on /opt/airflow/dags/etl_dag.py
[2024-05-20T20:05:35.412+0000] {processor.py:830} INFO - Processing file /opt/airflow/dags/etl_dag.py for tasks to queue
[2024-05-20T20:05:35.416+0000] {logging_mixin.py:188} INFO - [2024-05-20T20:05:35.416+0000] {dagbag.py:545} INFO - Filling up the DagBag from /opt/airflow/dags/etl_dag.py
[2024-05-20T20:05:35.511+0000] {processor.py:840} INFO - DAG(s) 'etl_dag' retrieved from /opt/airflow/dags/etl_dag.py
[2024-05-20T20:05:35.647+0000] {logging_mixin.py:188} INFO - [2024-05-20T20:05:35.646+0000] {dag.py:3096} INFO - Sync 1 DAGs
[2024-05-20T20:05:35.699+0000] {logging_mixin.py:188} INFO - [2024-05-20T20:05:35.698+0000] {dag.py:3954} INFO - Setting next_dagrun for etl_dag to None, run_after=None
[2024-05-20T20:05:35.763+0000] {processor.py:183} INFO - Processing /opt/airflow/dags/etl_dag.py took 0.420 seconds
[2024-05-20T20:06:02.244+0000] {processor.py:161} INFO - Started process (PID=91) to work on /opt/airflow/dags/etl_dag.py
[2024-05-20T20:06:02.247+0000] {processor.py:830} INFO - Processing file /opt/airflow/dags/etl_dag.py for tasks to queue
[2024-05-20T20:06:02.283+0000] {logging_mixin.py:188} INFO - [2024-05-20T20:06:02.259+0000] {dagbag.py:545} INFO - Filling up the DagBag from /opt/airflow/dags/etl_dag.py
[2024-05-20T20:06:02.450+0000] {processor.py:840} INFO - DAG(s) 'etl_dag' retrieved from /opt/airflow/dags/etl_dag.py
[2024-05-20T20:06:04.088+0000] {logging_mixin.py:188} INFO - [2024-05-20T20:06:04.088+0000] {dag.py:3096} INFO - Sync 1 DAGs
[2024-05-20T20:06:04.161+0000] {logging_mixin.py:188} INFO - [2024-05-20T20:06:04.160+0000] {dag.py:3954} INFO - Setting next_dagrun for etl_dag to None, run_after=None
[2024-05-20T20:06:04.289+0000] {processor.py:183} INFO - Processing /opt/airflow/dags/etl_dag.py took 2.117 seconds
[2024-05-20T20:06:34.638+0000] {processor.py:161} INFO - Started process (PID=99) to work on /opt/airflow/dags/etl_dag.py
[2024-05-20T20:06:34.640+0000] {processor.py:830} INFO - Processing file /opt/airflow/dags/etl_dag.py for tasks to queue
[2024-05-20T20:06:34.644+0000] {logging_mixin.py:188} INFO - [2024-05-20T20:06:34.643+0000] {dagbag.py:545} INFO - Filling up the DagBag from /opt/airflow/dags/etl_dag.py
[2024-05-20T20:06:34.716+0000] {processor.py:840} INFO - DAG(s) 'etl_dag' retrieved from /opt/airflow/dags/etl_dag.py
[2024-05-20T20:06:34.765+0000] {logging_mixin.py:188} INFO - [2024-05-20T20:06:34.764+0000] {dag.py:3096} INFO - Sync 1 DAGs
[2024-05-20T20:06:34.796+0000] {logging_mixin.py:188} INFO - [2024-05-20T20:06:34.795+0000] {dag.py:3954} INFO - Setting next_dagrun for etl_dag to None, run_after=None
[2024-05-20T20:06:34.830+0000] {processor.py:183} INFO - Processing /opt/airflow/dags/etl_dag.py took 0.244 seconds
[2024-05-20T20:07:05.211+0000] {processor.py:161} INFO - Started process (PID=107) to work on /opt/airflow/dags/etl_dag.py
[2024-05-20T20:07:05.215+0000] {processor.py:830} INFO - Processing file /opt/airflow/dags/etl_dag.py for tasks to queue
[2024-05-20T20:07:05.218+0000] {logging_mixin.py:188} INFO - [2024-05-20T20:07:05.218+0000] {dagbag.py:545} INFO - Filling up the DagBag from /opt/airflow/dags/etl_dag.py
[2024-05-20T20:07:05.280+0000] {processor.py:840} INFO - DAG(s) 'etl_dag' retrieved from /opt/airflow/dags/etl_dag.py
[2024-05-20T20:07:05.331+0000] {logging_mixin.py:188} INFO - [2024-05-20T20:07:05.330+0000] {dag.py:3096} INFO - Sync 1 DAGs
[2024-05-20T20:07:05.366+0000] {logging_mixin.py:188} INFO - [2024-05-20T20:07:05.366+0000] {dag.py:3954} INFO - Setting next_dagrun for etl_dag to None, run_after=None
[2024-05-20T20:07:05.424+0000] {processor.py:183} INFO - Processing /opt/airflow/dags/etl_dag.py took 0.239 seconds
[2024-05-20T20:07:35.781+0000] {processor.py:161} INFO - Started process (PID=115) to work on /opt/airflow/dags/etl_dag.py
[2024-05-20T20:07:35.788+0000] {processor.py:830} INFO - Processing file /opt/airflow/dags/etl_dag.py for tasks to queue
[2024-05-20T20:07:35.801+0000] {logging_mixin.py:188} INFO - [2024-05-20T20:07:35.801+0000] {dagbag.py:545} INFO - Filling up the DagBag from /opt/airflow/dags/etl_dag.py
[2024-05-20T20:07:35.945+0000] {processor.py:840} INFO - DAG(s) 'etl_dag' retrieved from /opt/airflow/dags/etl_dag.py
[2024-05-20T20:07:36.088+0000] {logging_mixin.py:188} INFO - [2024-05-20T20:07:36.087+0000] {dag.py:3096} INFO - Sync 1 DAGs
[2024-05-20T20:07:36.164+0000] {logging_mixin.py:188} INFO - [2024-05-20T20:07:36.163+0000] {dag.py:3954} INFO - Setting next_dagrun for etl_dag to None, run_after=None
[2024-05-20T20:07:36.275+0000] {processor.py:183} INFO - Processing /opt/airflow/dags/etl_dag.py took 0.533 seconds
[2024-05-20T20:08:06.460+0000] {processor.py:161} INFO - Started process (PID=123) to work on /opt/airflow/dags/etl_dag.py
[2024-05-20T20:08:06.466+0000] {processor.py:830} INFO - Processing file /opt/airflow/dags/etl_dag.py for tasks to queue
[2024-05-20T20:08:06.473+0000] {logging_mixin.py:188} INFO - [2024-05-20T20:08:06.472+0000] {dagbag.py:545} INFO - Filling up the DagBag from /opt/airflow/dags/etl_dag.py
[2024-05-20T20:08:06.525+0000] {processor.py:840} INFO - DAG(s) 'etl_dag' retrieved from /opt/airflow/dags/etl_dag.py
[2024-05-20T20:08:06.627+0000] {logging_mixin.py:188} INFO - [2024-05-20T20:08:06.626+0000] {dag.py:3096} INFO - Sync 1 DAGs
[2024-05-20T20:08:06.682+0000] {logging_mixin.py:188} INFO - [2024-05-20T20:08:06.682+0000] {dag.py:3954} INFO - Setting next_dagrun for etl_dag to None, run_after=None
[2024-05-20T20:08:06.733+0000] {processor.py:183} INFO - Processing /opt/airflow/dags/etl_dag.py took 0.331 seconds
[2024-05-20T20:08:37.089+0000] {processor.py:161} INFO - Started process (PID=131) to work on /opt/airflow/dags/etl_dag.py
[2024-05-20T20:08:37.091+0000] {processor.py:830} INFO - Processing file /opt/airflow/dags/etl_dag.py for tasks to queue
[2024-05-20T20:08:37.099+0000] {logging_mixin.py:188} INFO - [2024-05-20T20:08:37.098+0000] {dagbag.py:545} INFO - Filling up the DagBag from /opt/airflow/dags/etl_dag.py
[2024-05-20T20:08:37.144+0000] {processor.py:840} INFO - DAG(s) 'etl_dag' retrieved from /opt/airflow/dags/etl_dag.py
[2024-05-20T20:08:37.227+0000] {logging_mixin.py:188} INFO - [2024-05-20T20:08:37.226+0000] {dag.py:3096} INFO - Sync 1 DAGs
[2024-05-20T20:08:37.264+0000] {logging_mixin.py:188} INFO - [2024-05-20T20:08:37.264+0000] {dag.py:3954} INFO - Setting next_dagrun for etl_dag to None, run_after=None
[2024-05-20T20:08:37.319+0000] {processor.py:183} INFO - Processing /opt/airflow/dags/etl_dag.py took 0.245 seconds
[2024-05-20T20:09:07.765+0000] {processor.py:161} INFO - Started process (PID=139) to work on /opt/airflow/dags/etl_dag.py
[2024-05-20T20:09:07.767+0000] {processor.py:830} INFO - Processing file /opt/airflow/dags/etl_dag.py for tasks to queue
[2024-05-20T20:09:07.770+0000] {logging_mixin.py:188} INFO - [2024-05-20T20:09:07.769+0000] {dagbag.py:545} INFO - Filling up the DagBag from /opt/airflow/dags/etl_dag.py
[2024-05-20T20:09:07.804+0000] {processor.py:840} INFO - DAG(s) 'etl_dag' retrieved from /opt/airflow/dags/etl_dag.py
[2024-05-20T20:09:07.880+0000] {logging_mixin.py:188} INFO - [2024-05-20T20:09:07.879+0000] {dag.py:3096} INFO - Sync 1 DAGs
[2024-05-20T20:09:07.913+0000] {logging_mixin.py:188} INFO - [2024-05-20T20:09:07.912+0000] {dag.py:3954} INFO - Setting next_dagrun for etl_dag to None, run_after=None
[2024-05-20T20:09:07.965+0000] {processor.py:183} INFO - Processing /opt/airflow/dags/etl_dag.py took 0.217 seconds
[2024-05-20T20:09:38.290+0000] {processor.py:161} INFO - Started process (PID=147) to work on /opt/airflow/dags/etl_dag.py
[2024-05-20T20:09:38.292+0000] {processor.py:830} INFO - Processing file /opt/airflow/dags/etl_dag.py for tasks to queue
[2024-05-20T20:09:38.297+0000] {logging_mixin.py:188} INFO - [2024-05-20T20:09:38.296+0000] {dagbag.py:545} INFO - Filling up the DagBag from /opt/airflow/dags/etl_dag.py
[2024-05-20T20:09:38.325+0000] {processor.py:840} INFO - DAG(s) 'etl_dag' retrieved from /opt/airflow/dags/etl_dag.py
[2024-05-20T20:09:38.435+0000] {logging_mixin.py:188} INFO - [2024-05-20T20:09:38.435+0000] {dag.py:3096} INFO - Sync 1 DAGs
[2024-05-20T20:09:38.465+0000] {logging_mixin.py:188} INFO - [2024-05-20T20:09:38.465+0000] {dag.py:3954} INFO - Setting next_dagrun for etl_dag to None, run_after=None
[2024-05-20T20:09:38.514+0000] {processor.py:183} INFO - Processing /opt/airflow/dags/etl_dag.py took 0.235 seconds
[2024-05-20T20:10:09.039+0000] {processor.py:161} INFO - Started process (PID=154) to work on /opt/airflow/dags/etl_dag.py
[2024-05-20T20:10:09.043+0000] {processor.py:830} INFO - Processing file /opt/airflow/dags/etl_dag.py for tasks to queue
[2024-05-20T20:10:09.049+0000] {logging_mixin.py:188} INFO - [2024-05-20T20:10:09.048+0000] {dagbag.py:545} INFO - Filling up the DagBag from /opt/airflow/dags/etl_dag.py
[2024-05-20T20:10:09.088+0000] {processor.py:840} INFO - DAG(s) 'etl_dag' retrieved from /opt/airflow/dags/etl_dag.py
[2024-05-20T20:10:09.205+0000] {logging_mixin.py:188} INFO - [2024-05-20T20:10:09.205+0000] {dag.py:3096} INFO - Sync 1 DAGs
[2024-05-20T20:10:09.243+0000] {logging_mixin.py:188} INFO - [2024-05-20T20:10:09.243+0000] {dag.py:3954} INFO - Setting next_dagrun for etl_dag to None, run_after=None
[2024-05-20T20:10:09.294+0000] {processor.py:183} INFO - Processing /opt/airflow/dags/etl_dag.py took 0.322 seconds
[2024-05-20T20:10:10.359+0000] {processor.py:161} INFO - Started process (PID=155) to work on /opt/airflow/dags/etl_dag.py
[2024-05-20T20:10:10.362+0000] {processor.py:830} INFO - Processing file /opt/airflow/dags/etl_dag.py for tasks to queue
[2024-05-20T20:10:10.367+0000] {logging_mixin.py:188} INFO - [2024-05-20T20:10:10.366+0000] {dagbag.py:545} INFO - Filling up the DagBag from /opt/airflow/dags/etl_dag.py
[2024-05-20T20:10:10.453+0000] {processor.py:840} INFO - DAG(s) 'etl_dag' retrieved from /opt/airflow/dags/etl_dag.py
[2024-05-20T20:10:11.403+0000] {logging_mixin.py:188} INFO - [2024-05-20T20:10:11.402+0000] {dag.py:3096} INFO - Sync 1 DAGs
[2024-05-20T20:10:11.517+0000] {logging_mixin.py:188} INFO - [2024-05-20T20:10:11.517+0000] {dag.py:3954} INFO - Setting next_dagrun for etl_dag to None, run_after=None
[2024-05-20T20:10:11.702+0000] {processor.py:183} INFO - Processing /opt/airflow/dags/etl_dag.py took 1.366 seconds
[2024-05-20T20:10:42.255+0000] {processor.py:161} INFO - Started process (PID=162) to work on /opt/airflow/dags/etl_dag.py
[2024-05-20T20:10:42.257+0000] {processor.py:830} INFO - Processing file /opt/airflow/dags/etl_dag.py for tasks to queue
[2024-05-20T20:10:42.263+0000] {logging_mixin.py:188} INFO - [2024-05-20T20:10:42.262+0000] {dagbag.py:545} INFO - Filling up the DagBag from /opt/airflow/dags/etl_dag.py
[2024-05-20T20:10:42.334+0000] {processor.py:840} INFO - DAG(s) 'etl_dag' retrieved from /opt/airflow/dags/etl_dag.py
[2024-05-20T20:10:42.418+0000] {logging_mixin.py:188} INFO - [2024-05-20T20:10:42.418+0000] {dag.py:3096} INFO - Sync 1 DAGs
[2024-05-20T20:10:42.445+0000] {logging_mixin.py:188} INFO - [2024-05-20T20:10:42.444+0000] {dag.py:3954} INFO - Setting next_dagrun for etl_dag to None, run_after=None
[2024-05-20T20:10:42.480+0000] {processor.py:183} INFO - Processing /opt/airflow/dags/etl_dag.py took 0.254 seconds
[2024-05-20T20:11:12.940+0000] {processor.py:161} INFO - Started process (PID=170) to work on /opt/airflow/dags/etl_dag.py
[2024-05-20T20:11:12.954+0000] {processor.py:830} INFO - Processing file /opt/airflow/dags/etl_dag.py for tasks to queue
[2024-05-20T20:11:12.967+0000] {logging_mixin.py:188} INFO - [2024-05-20T20:11:12.966+0000] {dagbag.py:545} INFO - Filling up the DagBag from /opt/airflow/dags/etl_dag.py
[2024-05-20T20:11:13.055+0000] {processor.py:840} INFO - DAG(s) 'etl_dag' retrieved from /opt/airflow/dags/etl_dag.py
[2024-05-20T20:11:13.096+0000] {logging_mixin.py:188} INFO - [2024-05-20T20:11:13.096+0000] {dag.py:3096} INFO - Sync 1 DAGs
[2024-05-20T20:11:13.121+0000] {logging_mixin.py:188} INFO - [2024-05-20T20:11:13.121+0000] {dag.py:3954} INFO - Setting next_dagrun for etl_dag to None, run_after=None
[2024-05-20T20:11:13.172+0000] {processor.py:183} INFO - Processing /opt/airflow/dags/etl_dag.py took 0.265 seconds
[2024-05-20T20:11:43.916+0000] {processor.py:161} INFO - Started process (PID=184) to work on /opt/airflow/dags/etl_dag.py
[2024-05-20T20:11:43.955+0000] {processor.py:830} INFO - Processing file /opt/airflow/dags/etl_dag.py for tasks to queue
[2024-05-20T20:11:43.972+0000] {logging_mixin.py:188} INFO - [2024-05-20T20:11:43.971+0000] {dagbag.py:545} INFO - Filling up the DagBag from /opt/airflow/dags/etl_dag.py
[2024-05-20T20:11:44.208+0000] {processor.py:840} INFO - DAG(s) 'etl_dag' retrieved from /opt/airflow/dags/etl_dag.py
[2024-05-20T20:11:44.547+0000] {logging_mixin.py:188} INFO - [2024-05-20T20:11:44.537+0000] {dag.py:3096} INFO - Sync 1 DAGs
[2024-05-20T20:11:44.684+0000] {logging_mixin.py:188} INFO - [2024-05-20T20:11:44.683+0000] {dag.py:3954} INFO - Setting next_dagrun for etl_dag to None, run_after=None
[2024-05-20T20:11:44.879+0000] {processor.py:183} INFO - Processing /opt/airflow/dags/etl_dag.py took 1.150 seconds
[2024-05-20T20:12:15.309+0000] {processor.py:161} INFO - Started process (PID=192) to work on /opt/airflow/dags/etl_dag.py
[2024-05-20T20:12:15.310+0000] {processor.py:830} INFO - Processing file /opt/airflow/dags/etl_dag.py for tasks to queue
[2024-05-20T20:12:15.321+0000] {logging_mixin.py:188} INFO - [2024-05-20T20:12:15.314+0000] {dagbag.py:545} INFO - Filling up the DagBag from /opt/airflow/dags/etl_dag.py
[2024-05-20T20:12:15.374+0000] {processor.py:840} INFO - DAG(s) 'etl_dag' retrieved from /opt/airflow/dags/etl_dag.py
[2024-05-20T20:12:15.477+0000] {logging_mixin.py:188} INFO - [2024-05-20T20:12:15.476+0000] {dag.py:3096} INFO - Sync 1 DAGs
[2024-05-20T20:12:15.514+0000] {logging_mixin.py:188} INFO - [2024-05-20T20:12:15.514+0000] {dag.py:3954} INFO - Setting next_dagrun for etl_dag to None, run_after=None
[2024-05-20T20:12:15.549+0000] {processor.py:183} INFO - Processing /opt/airflow/dags/etl_dag.py took 0.256 seconds
