[2024-05-17T09:27:28.218+0000] {local_task_job_runner.py:120} INFO - ::group::Pre task execution logs
[2024-05-17T09:27:28.234+0000] {taskinstance.py:2076} INFO - Dependencies all met for dep_context=non-requeueable deps ti=<TaskInstance: example_decorator_dag.start_task manual__2024-05-17T09:27:27.175052+00:00 [queued]>
[2024-05-17T09:27:28.241+0000] {taskinstance.py:2076} INFO - Dependencies all met for dep_context=requeueable deps ti=<TaskInstance: example_decorator_dag.start_task manual__2024-05-17T09:27:27.175052+00:00 [queued]>
[2024-05-17T09:27:28.242+0000] {taskinstance.py:2306} INFO - Starting attempt 1 of 2
[2024-05-17T09:27:28.251+0000] {taskinstance.py:2330} INFO - Executing <Task(_PythonDecoratedOperator): start_task> on 2024-05-17 09:27:27.175052+00:00
[2024-05-17T09:27:28.254+0000] {warnings.py:110} WARNING - /home/***/.local/lib/python3.12/site-packages/***/task/task_runner/standard_task_runner.py:61: DeprecationWarning: This process (pid=287) is multi-threaded, use of fork() may lead to deadlocks in the child.
  pid = os.fork()

[2024-05-17T09:27:28.255+0000] {standard_task_runner.py:63} INFO - Started process 288 to run task
[2024-05-17T09:27:28.255+0000] {standard_task_runner.py:90} INFO - Running: ['***', 'tasks', 'run', 'example_decorator_dag', 'start_task', 'manual__2024-05-17T09:27:27.175052+00:00', '--job-id', '25', '--raw', '--subdir', 'DAGS_FOLDER/decorator_dag.py', '--cfg-path', '/tmp/tmp3be_4mtk']
[2024-05-17T09:27:28.256+0000] {standard_task_runner.py:91} INFO - Job 25: Subtask start_task
[2024-05-17T09:27:28.285+0000] {task_command.py:426} INFO - Running <TaskInstance: example_decorator_dag.start_task manual__2024-05-17T09:27:27.175052+00:00 [running]> on host 84d818d11ce3
[2024-05-17T09:27:28.347+0000] {taskinstance.py:2648} INFO - Exporting env vars: AIRFLOW_CTX_DAG_OWNER='***' AIRFLOW_CTX_DAG_ID='example_decorator_dag' AIRFLOW_CTX_TASK_ID='start_task' AIRFLOW_CTX_EXECUTION_DATE='2024-05-17T09:27:27.175052+00:00' AIRFLOW_CTX_TRY_NUMBER='1' AIRFLOW_CTX_DAG_RUN_ID='manual__2024-05-17T09:27:27.175052+00:00'
[2024-05-17T09:27:28.348+0000] {taskinstance.py:430} INFO - ::endgroup::
[2024-05-17T09:27:28.348+0000] {logging_mixin.py:188} INFO - Starting task
[2024-05-17T09:27:28.348+0000] {python.py:237} INFO - Done. Returned value was: None
[2024-05-17T09:27:28.349+0000] {taskinstance.py:441} INFO - ::group::Post task execution logs
[2024-05-17T09:27:28.356+0000] {taskinstance.py:1206} INFO - Marking task as SUCCESS. dag_id=example_decorator_dag, task_id=start_task, run_id=manual__2024-05-17T09:27:27.175052+00:00, execution_date=20240517T092727, start_date=20240517T092728, end_date=20240517T092728
[2024-05-17T09:27:28.402+0000] {local_task_job_runner.py:240} INFO - Task exited with return code 0
[2024-05-17T09:27:28.420+0000] {taskinstance.py:3498} INFO - 1 downstream tasks scheduled from follow-on schedule check
[2024-05-17T09:27:28.422+0000] {local_task_job_runner.py:222} INFO - ::endgroup::
