[2024-05-17T08:32:59.786+0000] {processor.py:161} INFO - Started process (PID=23545) to work on /opt/airflow/dags/example_dag.py
[2024-05-17T08:32:59.786+0000] {processor.py:830} INFO - Processing file /opt/airflow/dags/example_dag.py for tasks to queue
[2024-05-17T08:32:59.787+0000] {logging_mixin.py:188} INFO - [2024-05-17T08:32:59.787+0000] {dagbag.py:545} INFO - Filling up the DagBag from /opt/airflow/dags/example_dag.py
[2024-05-17T08:32:59.795+0000] {processor.py:840} INFO - DAG(s) 'test_operator' retrieved from /opt/airflow/dags/example_dag.py
[2024-05-17T08:32:59.930+0000] {logging_mixin.py:188} INFO - [2024-05-17T08:32:59.930+0000] {override.py:1829} INFO - Created Permission View: can read on DAG:test_operator
[2024-05-17T08:32:59.939+0000] {logging_mixin.py:188} INFO - [2024-05-17T08:32:59.939+0000] {override.py:1829} INFO - Created Permission View: can edit on DAG:test_operator
[2024-05-17T08:32:59.944+0000] {logging_mixin.py:188} INFO - [2024-05-17T08:32:59.944+0000] {override.py:1829} INFO - Created Permission View: can delete on DAG:test_operator
[2024-05-17T08:32:59.944+0000] {logging_mixin.py:188} INFO - [2024-05-17T08:32:59.944+0000] {dag.py:3096} INFO - Sync 1 DAGs
[2024-05-17T08:32:59.954+0000] {logging_mixin.py:188} INFO - [2024-05-17T08:32:59.953+0000] {dag.py:3118} INFO - Creating ORM DAG for test_operator
[2024-05-17T08:32:59.954+0000] {logging_mixin.py:188} INFO - [2024-05-17T08:32:59.954+0000] {dag.py:3954} INFO - Setting next_dagrun for test_operator to None, run_after=None
[2024-05-17T08:32:59.986+0000] {processor.py:183} INFO - Processing /opt/airflow/dags/example_dag.py took 0.204 seconds
[2024-05-17T08:33:30.072+0000] {processor.py:161} INFO - Started process (PID=23605) to work on /opt/airflow/dags/example_dag.py
[2024-05-17T08:33:30.073+0000] {processor.py:830} INFO - Processing file /opt/airflow/dags/example_dag.py for tasks to queue
[2024-05-17T08:33:30.074+0000] {logging_mixin.py:188} INFO - [2024-05-17T08:33:30.074+0000] {dagbag.py:545} INFO - Filling up the DagBag from /opt/airflow/dags/example_dag.py
[2024-05-17T08:33:30.082+0000] {processor.py:840} INFO - DAG(s) 'test_operator' retrieved from /opt/airflow/dags/example_dag.py
[2024-05-17T08:33:30.164+0000] {logging_mixin.py:188} INFO - [2024-05-17T08:33:30.163+0000] {dag.py:3096} INFO - Sync 1 DAGs
[2024-05-17T08:33:30.172+0000] {logging_mixin.py:188} INFO - [2024-05-17T08:33:30.172+0000] {dag.py:3954} INFO - Setting next_dagrun for test_operator to None, run_after=None
[2024-05-17T08:33:30.187+0000] {processor.py:183} INFO - Processing /opt/airflow/dags/example_dag.py took 0.119 seconds
[2024-05-17T08:34:00.360+0000] {processor.py:161} INFO - Started process (PID=23663) to work on /opt/airflow/dags/example_dag.py
[2024-05-17T08:34:00.361+0000] {processor.py:830} INFO - Processing file /opt/airflow/dags/example_dag.py for tasks to queue
[2024-05-17T08:34:00.362+0000] {logging_mixin.py:188} INFO - [2024-05-17T08:34:00.362+0000] {dagbag.py:545} INFO - Filling up the DagBag from /opt/airflow/dags/example_dag.py
[2024-05-17T08:34:00.370+0000] {processor.py:840} INFO - DAG(s) 'test_operator' retrieved from /opt/airflow/dags/example_dag.py
[2024-05-17T08:34:00.458+0000] {logging_mixin.py:188} INFO - [2024-05-17T08:34:00.458+0000] {dag.py:3096} INFO - Sync 1 DAGs
[2024-05-17T08:34:00.466+0000] {logging_mixin.py:188} INFO - [2024-05-17T08:34:00.466+0000] {dag.py:3954} INFO - Setting next_dagrun for test_operator to None, run_after=None
[2024-05-17T08:34:00.480+0000] {processor.py:183} INFO - Processing /opt/airflow/dags/example_dag.py took 0.124 seconds
[2024-05-17T08:34:30.568+0000] {processor.py:161} INFO - Started process (PID=23728) to work on /opt/airflow/dags/example_dag.py
[2024-05-17T08:34:30.568+0000] {processor.py:830} INFO - Processing file /opt/airflow/dags/example_dag.py for tasks to queue
[2024-05-17T08:34:30.570+0000] {logging_mixin.py:188} INFO - [2024-05-17T08:34:30.569+0000] {dagbag.py:545} INFO - Filling up the DagBag from /opt/airflow/dags/example_dag.py
[2024-05-17T08:34:30.579+0000] {processor.py:840} INFO - DAG(s) 'test_operator' retrieved from /opt/airflow/dags/example_dag.py
[2024-05-17T08:34:30.662+0000] {logging_mixin.py:188} INFO - [2024-05-17T08:34:30.662+0000] {dag.py:3096} INFO - Sync 1 DAGs
[2024-05-17T08:34:30.671+0000] {logging_mixin.py:188} INFO - [2024-05-17T08:34:30.670+0000] {dag.py:3954} INFO - Setting next_dagrun for test_operator to None, run_after=None
[2024-05-17T08:34:30.686+0000] {processor.py:183} INFO - Processing /opt/airflow/dags/example_dag.py took 0.122 seconds
[2024-05-17T08:35:00.754+0000] {processor.py:161} INFO - Started process (PID=23788) to work on /opt/airflow/dags/example_dag.py
[2024-05-17T08:35:00.754+0000] {processor.py:830} INFO - Processing file /opt/airflow/dags/example_dag.py for tasks to queue
[2024-05-17T08:35:00.755+0000] {logging_mixin.py:188} INFO - [2024-05-17T08:35:00.755+0000] {dagbag.py:545} INFO - Filling up the DagBag from /opt/airflow/dags/example_dag.py
[2024-05-17T08:35:00.763+0000] {processor.py:840} INFO - DAG(s) 'test_operator' retrieved from /opt/airflow/dags/example_dag.py
[2024-05-17T08:35:00.844+0000] {logging_mixin.py:188} INFO - [2024-05-17T08:35:00.844+0000] {dag.py:3096} INFO - Sync 1 DAGs
[2024-05-17T08:35:00.853+0000] {logging_mixin.py:188} INFO - [2024-05-17T08:35:00.853+0000] {dag.py:3954} INFO - Setting next_dagrun for test_operator to None, run_after=None
[2024-05-17T08:35:00.868+0000] {processor.py:183} INFO - Processing /opt/airflow/dags/example_dag.py took 0.119 seconds
[2024-05-17T08:35:30.977+0000] {processor.py:161} INFO - Started process (PID=23846) to work on /opt/airflow/dags/example_dag.py
[2024-05-17T08:35:30.978+0000] {processor.py:830} INFO - Processing file /opt/airflow/dags/example_dag.py for tasks to queue
[2024-05-17T08:35:30.980+0000] {logging_mixin.py:188} INFO - [2024-05-17T08:35:30.980+0000] {dagbag.py:545} INFO - Filling up the DagBag from /opt/airflow/dags/example_dag.py
[2024-05-17T08:35:30.988+0000] {processor.py:840} INFO - DAG(s) 'test_operator' retrieved from /opt/airflow/dags/example_dag.py
[2024-05-17T08:35:31.072+0000] {logging_mixin.py:188} INFO - [2024-05-17T08:35:31.072+0000] {dag.py:3096} INFO - Sync 1 DAGs
[2024-05-17T08:35:31.080+0000] {logging_mixin.py:188} INFO - [2024-05-17T08:35:31.080+0000] {dag.py:3954} INFO - Setting next_dagrun for test_operator to None, run_after=None
[2024-05-17T08:35:31.094+0000] {processor.py:183} INFO - Processing /opt/airflow/dags/example_dag.py took 0.121 seconds
[2024-05-17T08:36:01.266+0000] {processor.py:161} INFO - Started process (PID=23905) to work on /opt/airflow/dags/example_dag.py
[2024-05-17T08:36:01.267+0000] {processor.py:830} INFO - Processing file /opt/airflow/dags/example_dag.py for tasks to queue
[2024-05-17T08:36:01.268+0000] {logging_mixin.py:188} INFO - [2024-05-17T08:36:01.267+0000] {dagbag.py:545} INFO - Filling up the DagBag from /opt/airflow/dags/example_dag.py
[2024-05-17T08:36:01.275+0000] {processor.py:840} INFO - DAG(s) 'test_operator' retrieved from /opt/airflow/dags/example_dag.py
[2024-05-17T08:36:01.357+0000] {logging_mixin.py:188} INFO - [2024-05-17T08:36:01.357+0000] {dag.py:3096} INFO - Sync 1 DAGs
[2024-05-17T08:36:01.366+0000] {logging_mixin.py:188} INFO - [2024-05-17T08:36:01.365+0000] {dag.py:3954} INFO - Setting next_dagrun for test_operator to None, run_after=None
[2024-05-17T08:36:01.380+0000] {processor.py:183} INFO - Processing /opt/airflow/dags/example_dag.py took 0.119 seconds
[2024-05-17T08:36:31.529+0000] {processor.py:161} INFO - Started process (PID=23964) to work on /opt/airflow/dags/example_dag.py
[2024-05-17T08:36:31.529+0000] {processor.py:830} INFO - Processing file /opt/airflow/dags/example_dag.py for tasks to queue
[2024-05-17T08:36:31.530+0000] {logging_mixin.py:188} INFO - [2024-05-17T08:36:31.530+0000] {dagbag.py:545} INFO - Filling up the DagBag from /opt/airflow/dags/example_dag.py
[2024-05-17T08:36:31.539+0000] {processor.py:840} INFO - DAG(s) 'test_operator' retrieved from /opt/airflow/dags/example_dag.py
[2024-05-17T08:36:31.630+0000] {logging_mixin.py:188} INFO - [2024-05-17T08:36:31.630+0000] {dag.py:3096} INFO - Sync 1 DAGs
[2024-05-17T08:36:31.639+0000] {logging_mixin.py:188} INFO - [2024-05-17T08:36:31.639+0000] {dag.py:3954} INFO - Setting next_dagrun for test_operator to None, run_after=None
[2024-05-17T08:36:31.653+0000] {processor.py:183} INFO - Processing /opt/airflow/dags/example_dag.py took 0.128 seconds
[2024-05-17T08:37:01.872+0000] {processor.py:161} INFO - Started process (PID=24023) to work on /opt/airflow/dags/example_dag.py
[2024-05-17T08:37:01.873+0000] {processor.py:830} INFO - Processing file /opt/airflow/dags/example_dag.py for tasks to queue
[2024-05-17T08:37:01.874+0000] {logging_mixin.py:188} INFO - [2024-05-17T08:37:01.874+0000] {dagbag.py:545} INFO - Filling up the DagBag from /opt/airflow/dags/example_dag.py
[2024-05-17T08:37:01.883+0000] {processor.py:840} INFO - DAG(s) 'test_operator' retrieved from /opt/airflow/dags/example_dag.py
[2024-05-17T08:37:01.967+0000] {logging_mixin.py:188} INFO - [2024-05-17T08:37:01.967+0000] {dag.py:3096} INFO - Sync 1 DAGs
[2024-05-17T08:37:01.977+0000] {logging_mixin.py:188} INFO - [2024-05-17T08:37:01.977+0000] {dag.py:3954} INFO - Setting next_dagrun for test_operator to None, run_after=None
[2024-05-17T08:37:01.992+0000] {processor.py:183} INFO - Processing /opt/airflow/dags/example_dag.py took 0.124 seconds
[2024-05-17T08:37:32.117+0000] {processor.py:161} INFO - Started process (PID=24082) to work on /opt/airflow/dags/example_dag.py
[2024-05-17T08:37:32.118+0000] {processor.py:830} INFO - Processing file /opt/airflow/dags/example_dag.py for tasks to queue
[2024-05-17T08:37:32.119+0000] {logging_mixin.py:188} INFO - [2024-05-17T08:37:32.118+0000] {dagbag.py:545} INFO - Filling up the DagBag from /opt/airflow/dags/example_dag.py
[2024-05-17T08:37:32.127+0000] {processor.py:840} INFO - DAG(s) 'test_operator' retrieved from /opt/airflow/dags/example_dag.py
[2024-05-17T08:37:32.206+0000] {logging_mixin.py:188} INFO - [2024-05-17T08:37:32.206+0000] {dag.py:3096} INFO - Sync 1 DAGs
[2024-05-17T08:37:32.215+0000] {logging_mixin.py:188} INFO - [2024-05-17T08:37:32.215+0000] {dag.py:3954} INFO - Setting next_dagrun for test_operator to None, run_after=None
[2024-05-17T08:37:32.228+0000] {processor.py:183} INFO - Processing /opt/airflow/dags/example_dag.py took 0.116 seconds
