[2024-05-20T18:21:15.864+0000] {manager.py:470} INFO - Processing files using up to 2 processes at a time 
[2024-05-20T18:21:15.878+0000] {manager.py:471} INFO - Process each file at most once every 30 seconds
[2024-05-20T18:21:15.880+0000] {manager.py:472} INFO - Checking for new files in /opt/airflow/dags every 300 seconds
[2024-05-20T18:21:15.881+0000] {manager.py:737} INFO - Searching for files in /opt/airflow/dags
[2024-05-20T18:21:15.891+0000] {manager.py:740} INFO - There are 2 files in /opt/airflow/dags
[2024-05-20T18:21:16.771+0000] {manager.py:878} INFO - 
================================================================================
DAG File Processing Stats

File Path                             PID  Runtime      # DAGs    # Errors  Last Runtime    Last Run
----------------------------------  -----  ---------  --------  ----------  --------------  ----------
/opt/airflow/dags/etl_dag.py           37  0.36s             0           0
/opt/airflow/dags/decorator_dag.py     38  0.35s             0           0
================================================================================
[2024-05-20T18:21:47.023+0000] {manager.py:878} INFO - 
================================================================================
DAG File Processing Stats

File Path                             PID  Runtime      # DAGs    # Errors  Last Runtime    Last Run
----------------------------------  -----  ---------  --------  ----------  --------------  -------------------
/opt/airflow/dags/decorator_dag.py                           1           0  2.51s           2024-05-20T18:21:18
/opt/airflow/dags/etl_dag.py           45  0.01s             0           1  0.42s           2024-05-20T18:21:16
================================================================================
[2024-05-20T18:22:17.720+0000] {manager.py:878} INFO - 
================================================================================
DAG File Processing Stats

File Path                             PID  Runtime      # DAGs    # Errors  Last Runtime    Last Run
----------------------------------  -----  ---------  --------  ----------  --------------  -------------------
/opt/airflow/dags/decorator_dag.py                           1           0  0.60s           2024-05-20T18:21:49
/opt/airflow/dags/etl_dag.py           53  0.02s             0           1  0.32s           2024-05-20T18:21:47
================================================================================
[2024-05-20T18:22:48.148+0000] {manager.py:878} INFO - 
================================================================================
DAG File Processing Stats

File Path                             PID  Runtime      # DAGs    # Errors  Last Runtime    Last Run
----------------------------------  -----  ---------  --------  ----------  --------------  -------------------
/opt/airflow/dags/decorator_dag.py                           1           0  0.27s           2024-05-20T18:22:20
/opt/airflow/dags/etl_dag.py           60  0.01s             0           1  0.13s           2024-05-20T18:22:17
================================================================================
[2024-05-20T18:23:18.534+0000] {manager.py:878} INFO - 
================================================================================
DAG File Processing Stats

File Path                             PID  Runtime      # DAGs    # Errors  Last Runtime    Last Run
----------------------------------  -----  ---------  --------  ----------  --------------  -------------------
/opt/airflow/dags/decorator_dag.py                           1           0  0.30s           2024-05-20T18:22:50
/opt/airflow/dags/etl_dag.py           68  0.02s             0           1  0.11s           2024-05-20T18:22:48
================================================================================
[2024-05-20T18:23:48.897+0000] {manager.py:878} INFO - 
================================================================================
DAG File Processing Stats

File Path                             PID  Runtime      # DAGs    # Errors  Last Runtime    Last Run
----------------------------------  -----  ---------  --------  ----------  --------------  -------------------
/opt/airflow/dags/decorator_dag.py                           1           0  0.24s           2024-05-20T18:23:20
/opt/airflow/dags/etl_dag.py           76  0.00s             0           1  0.14s           2024-05-20T18:23:18
================================================================================
[2024-05-20T18:24:19.004+0000] {manager.py:878} INFO - 
================================================================================
DAG File Processing Stats

File Path                           PID    Runtime      # DAGs    # Errors  Last Runtime    Last Run
----------------------------------  -----  ---------  --------  ----------  --------------  -------------------
/opt/airflow/dags/decorator_dag.py                           1           0  0.52s           2024-05-20T18:23:51
/opt/airflow/dags/etl_dag.py                                 0           1  0.21s           2024-05-20T18:23:49
================================================================================
[2024-05-20T18:24:49.147+0000] {manager.py:878} INFO - 
================================================================================
DAG File Processing Stats

File Path                           PID    Runtime      # DAGs    # Errors  Last Runtime    Last Run
----------------------------------  -----  ---------  --------  ----------  --------------  -------------------
/opt/airflow/dags/decorator_dag.py                           1           0  0.60s           2024-05-20T18:24:22
/opt/airflow/dags/etl_dag.py                                 0           1  0.08s           2024-05-20T18:24:19
================================================================================
[2024-05-20T18:25:19.585+0000] {manager.py:878} INFO - 
================================================================================
DAG File Processing Stats

File Path                           PID    Runtime      # DAGs    # Errors  Last Runtime    Last Run
----------------------------------  -----  ---------  --------  ----------  --------------  -------------------
/opt/airflow/dags/decorator_dag.py                           1           0  0.24s           2024-05-20T18:24:52
/opt/airflow/dags/etl_dag.py                                 0           1  0.15s           2024-05-20T18:24:50
================================================================================
[2024-05-20T18:25:49.760+0000] {manager.py:878} INFO - 
================================================================================
DAG File Processing Stats

File Path                           PID    Runtime      # DAGs    # Errors  Last Runtime    Last Run
----------------------------------  -----  ---------  --------  ----------  --------------  -------------------
/opt/airflow/dags/decorator_dag.py                           1           0  0.67s           2024-05-20T18:25:23
/opt/airflow/dags/etl_dag.py                                 0           1  0.20s           2024-05-20T18:25:20
================================================================================
[2024-05-20T18:26:16.564+0000] {manager.py:737} INFO - Searching for files in /opt/airflow/dags
[2024-05-20T18:26:16.575+0000] {manager.py:740} INFO - There are 2 files in /opt/airflow/dags
[2024-05-20T18:26:20.624+0000] {manager.py:878} INFO - 
================================================================================
DAG File Processing Stats

File Path                           PID    Runtime      # DAGs    # Errors  Last Runtime    Last Run
----------------------------------  -----  ---------  --------  ----------  --------------  -------------------
/opt/airflow/dags/decorator_dag.py                           1           0  0.23s           2024-05-20T18:25:54
/opt/airflow/dags/etl_dag.py                                 0           1  0.11s           2024-05-20T18:25:51
================================================================================
[2024-05-20T18:26:51.001+0000] {manager.py:878} INFO - 
================================================================================
DAG File Processing Stats

File Path                           PID    Runtime      # DAGs    # Errors  Last Runtime    Last Run
----------------------------------  -----  ---------  --------  ----------  --------------  -------------------
/opt/airflow/dags/decorator_dag.py                           1           0  0.22s           2024-05-20T18:26:24
/opt/airflow/dags/etl_dag.py                                 0           1  0.11s           2024-05-20T18:26:21
================================================================================
[2024-05-20T18:27:21.690+0000] {manager.py:878} INFO - 
================================================================================
DAG File Processing Stats

File Path                           PID    Runtime      # DAGs    # Errors  Last Runtime    Last Run
----------------------------------  -----  ---------  --------  ----------  --------------  -------------------
/opt/airflow/dags/etl_dag.py                                 1           0  1.43s           2024-05-20T18:26:53
/opt/airflow/dags/decorator_dag.py                           1           0  0.35s           2024-05-20T18:26:55
================================================================================
[2024-05-20T18:27:52.071+0000] {manager.py:878} INFO - 
================================================================================
DAG File Processing Stats

File Path                           PID    Runtime      # DAGs    # Errors  Last Runtime    Last Run
----------------------------------  -----  ---------  --------  ----------  --------------  -------------------
/opt/airflow/dags/etl_dag.py                                 1           0  0.71s           2024-05-20T18:27:24
/opt/airflow/dags/decorator_dag.py                           1           0  0.24s           2024-05-20T18:27:26
================================================================================
[2024-05-20T18:28:22.565+0000] {manager.py:878} INFO - 
================================================================================
DAG File Processing Stats

File Path                           PID    Runtime      # DAGs    # Errors  Last Runtime    Last Run
----------------------------------  -----  ---------  --------  ----------  --------------  -------------------
/opt/airflow/dags/etl_dag.py                                 1           0  0.42s           2024-05-20T18:27:55
/opt/airflow/dags/decorator_dag.py                           1           0  0.27s           2024-05-20T18:27:56
================================================================================
[2024-05-20T18:28:53.166+0000] {manager.py:878} INFO - 
================================================================================
DAG File Processing Stats

File Path                           PID    Runtime      # DAGs    # Errors  Last Runtime    Last Run
----------------------------------  -----  ---------  --------  ----------  --------------  -------------------
/opt/airflow/dags/etl_dag.py                                 1           0  0.25s           2024-05-20T18:28:25
/opt/airflow/dags/decorator_dag.py                           1           0  0.24s           2024-05-20T18:28:27
================================================================================
[2024-05-20T18:29:23.664+0000] {manager.py:878} INFO - 
================================================================================
DAG File Processing Stats

File Path                           PID    Runtime      # DAGs    # Errors  Last Runtime    Last Run
----------------------------------  -----  ---------  --------  ----------  --------------  -------------------
/opt/airflow/dags/etl_dag.py                                 1           0  0.63s           2024-05-20T18:28:56
/opt/airflow/dags/decorator_dag.py                           1           0  0.22s           2024-05-20T18:28:57
================================================================================
[2024-05-20T18:29:53.792+0000] {manager.py:878} INFO - 
================================================================================
DAG File Processing Stats

File Path                           PID    Runtime      # DAGs    # Errors  Last Runtime    Last Run
----------------------------------  -----  ---------  --------  ----------  --------------  -------------------
/opt/airflow/dags/decorator_dag.py                           1           0  0.37s           2024-05-20T18:29:28
/opt/airflow/dags/etl_dag.py                                 1           0  0.33s           2024-05-20T18:29:43
================================================================================
[2024-05-20T18:30:24.135+0000] {manager.py:878} INFO - 
================================================================================
DAG File Processing Stats

File Path                           PID    Runtime      # DAGs    # Errors  Last Runtime    Last Run
----------------------------------  -----  ---------  --------  ----------  --------------  -------------------
/opt/airflow/dags/etl_dag.py                                 1           0  0.58s           2024-05-20T18:30:14
/opt/airflow/dags/decorator_dag.py                           1           0  0.21s           2024-05-20T18:29:58
================================================================================
[2024-05-20T18:30:54.686+0000] {manager.py:878} INFO - 
================================================================================
DAG File Processing Stats

File Path                           PID    Runtime      # DAGs    # Errors  Last Runtime    Last Run
----------------------------------  -----  ---------  --------  ----------  --------------  -------------------
/opt/airflow/dags/etl_dag.py                                 1           0  0.31s           2024-05-20T18:30:44
/opt/airflow/dags/decorator_dag.py                           1           0  0.22s           2024-05-20T18:30:29
================================================================================
[2024-05-20T18:31:17.160+0000] {manager.py:737} INFO - Searching for files in /opt/airflow/dags
[2024-05-20T18:31:17.164+0000] {manager.py:740} INFO - There are 2 files in /opt/airflow/dags
[2024-05-20T18:31:25.268+0000] {manager.py:878} INFO - 
================================================================================
DAG File Processing Stats

File Path                           PID    Runtime      # DAGs    # Errors  Last Runtime    Last Run
----------------------------------  -----  ---------  --------  ----------  --------------  -------------------
/opt/airflow/dags/decorator_dag.py                           1           0  0.27s           2024-05-20T18:30:59
/opt/airflow/dags/etl_dag.py                                 1           0  0.27s           2024-05-20T18:31:15
================================================================================
[2024-05-20T18:31:55.784+0000] {manager.py:878} INFO - 
================================================================================
DAG File Processing Stats

File Path                           PID    Runtime      # DAGs    # Errors  Last Runtime    Last Run
----------------------------------  -----  ---------  --------  ----------  --------------  -------------------
/opt/airflow/dags/decorator_dag.py                           1           0  0.26s           2024-05-20T18:31:30
/opt/airflow/dags/etl_dag.py                                 1           0  0.23s           2024-05-20T18:31:45
================================================================================
[2024-05-20T18:32:26.436+0000] {manager.py:878} INFO - 
================================================================================
DAG File Processing Stats

File Path                           PID    Runtime      # DAGs    # Errors  Last Runtime    Last Run
----------------------------------  -----  ---------  --------  ----------  --------------  -------------------
/opt/airflow/dags/decorator_dag.py                           1           0  0.34s           2024-05-20T18:32:01
/opt/airflow/dags/etl_dag.py                                 1           0  0.18s           2024-05-20T18:32:16
================================================================================
[2024-05-20T18:32:57.075+0000] {manager.py:878} INFO - 
================================================================================
DAG File Processing Stats

File Path                           PID    Runtime      # DAGs    # Errors  Last Runtime    Last Run
----------------------------------  -----  ---------  --------  ----------  --------------  -------------------
/opt/airflow/dags/etl_dag.py                                 1           0  0.28s           2024-05-20T18:32:46
/opt/airflow/dags/decorator_dag.py                           1           0  0.25s           2024-05-20T18:32:31
================================================================================
[2024-05-20T18:33:27.581+0000] {manager.py:878} INFO - 
================================================================================
DAG File Processing Stats

File Path                           PID    Runtime      # DAGs    # Errors  Last Runtime    Last Run
----------------------------------  -----  ---------  --------  ----------  --------------  -------------------
/opt/airflow/dags/etl_dag.py                                 1           0  0.57s           2024-05-20T18:33:17
/opt/airflow/dags/decorator_dag.py                           1           0  0.23s           2024-05-20T18:33:02
================================================================================
[2024-05-20T18:33:58.174+0000] {manager.py:878} INFO - 
================================================================================
DAG File Processing Stats

File Path                           PID    Runtime      # DAGs    # Errors  Last Runtime    Last Run
----------------------------------  -----  ---------  --------  ----------  --------------  -------------------
/opt/airflow/dags/etl_dag.py                                 1           0  0.31s           2024-05-20T18:33:48
/opt/airflow/dags/decorator_dag.py                           1           0  0.21s           2024-05-20T18:33:32
================================================================================
[2024-05-20T18:34:28.347+0000] {manager.py:878} INFO - 
================================================================================
DAG File Processing Stats

File Path                           PID    Runtime      # DAGs    # Errors  Last Runtime    Last Run
----------------------------------  -----  ---------  --------  ----------  --------------  -------------------
/opt/airflow/dags/etl_dag.py                                 1           0  0.67s           2024-05-20T18:34:06
/opt/airflow/dags/decorator_dag.py                           1           0  0.31s           2024-05-20T18:34:03
================================================================================
[2024-05-20T18:34:59.055+0000] {manager.py:878} INFO - 
================================================================================
DAG File Processing Stats

File Path                           PID    Runtime      # DAGs    # Errors  Last Runtime    Last Run
----------------------------------  -----  ---------  --------  ----------  --------------  -------------------
/opt/airflow/dags/decorator_dag.py                           1           0  0.52s           2024-05-20T18:34:34
/opt/airflow/dags/etl_dag.py                                 1           0  0.51s           2024-05-20T18:34:37
================================================================================
[2024-05-20T18:35:29.615+0000] {manager.py:878} INFO - 
================================================================================
DAG File Processing Stats

File Path                           PID    Runtime      # DAGs    # Errors  Last Runtime    Last Run
----------------------------------  -----  ---------  --------  ----------  --------------  -------------------
/opt/airflow/dags/decorator_dag.py                           1           0  0.30s           2024-05-20T18:35:05
/opt/airflow/dags/etl_dag.py                                 1           0  0.26s           2024-05-20T18:35:08
================================================================================
[2024-05-20T18:36:00.189+0000] {manager.py:878} INFO - 
================================================================================
DAG File Processing Stats

File Path                           PID    Runtime      # DAGs    # Errors  Last Runtime    Last Run
----------------------------------  -----  ---------  --------  ----------  --------------  -------------------
/opt/airflow/dags/decorator_dag.py                           1           0  0.20s           2024-05-20T18:35:35
/opt/airflow/dags/etl_dag.py                                 1           0  0.18s           2024-05-20T18:35:39
================================================================================
[2024-05-20T18:36:17.580+0000] {manager.py:737} INFO - Searching for files in /opt/airflow/dags
[2024-05-20T18:36:17.582+0000] {manager.py:740} INFO - There are 2 files in /opt/airflow/dags
[2024-05-20T18:36:30.695+0000] {manager.py:878} INFO - 
================================================================================
DAG File Processing Stats

File Path                           PID    Runtime      # DAGs    # Errors  Last Runtime    Last Run
----------------------------------  -----  ---------  --------  ----------  --------------  -------------------
/opt/airflow/dags/decorator_dag.py                           1           0  0.23s           2024-05-20T18:36:06
/opt/airflow/dags/etl_dag.py                                 1           0  0.16s           2024-05-20T18:36:09
================================================================================
[2024-05-20T18:36:49.944+0000] {manager.py:452} INFO - Exiting gracefully upon receiving signal 15
[2024-05-20T18:41:33.123+0000] {manager.py:470} INFO - Processing files using up to 2 processes at a time 
[2024-05-20T18:41:33.127+0000] {manager.py:471} INFO - Process each file at most once every 30 seconds
[2024-05-20T18:41:33.128+0000] {manager.py:472} INFO - Checking for new files in /opt/airflow/dags every 300 seconds
[2024-05-20T18:41:33.130+0000] {manager.py:737} INFO - Searching for files in /opt/airflow/dags
[2024-05-20T18:41:33.158+0000] {manager.py:740} INFO - There are 2 files in /opt/airflow/dags
[2024-05-20T18:41:34.152+0000] {manager.py:878} INFO - 
================================================================================
DAG File Processing Stats

File Path                             PID  Runtime      # DAGs    # Errors  Last Runtime    Last Run
----------------------------------  -----  ---------  --------  ----------  --------------  ----------
/opt/airflow/dags/etl_dag.py           66  0.34s             0           0
/opt/airflow/dags/decorator_dag.py     67  0.33s             0           0
================================================================================
[2024-05-20T18:42:04.429+0000] {manager.py:878} INFO - 
================================================================================
DAG File Processing Stats

File Path                           PID    Runtime      # DAGs    # Errors  Last Runtime    Last Run
----------------------------------  -----  ---------  --------  ----------  --------------  -------------------
/opt/airflow/dags/decorator_dag.py                           1           0  3.47s           2024-05-20T18:41:37
/opt/airflow/dags/etl_dag.py                                 1           0  3.18s           2024-05-20T18:41:36
================================================================================
[2024-05-20T18:42:35.129+0000] {manager.py:878} INFO - 
================================================================================
DAG File Processing Stats

File Path                           PID    Runtime      # DAGs    # Errors  Last Runtime    Last Run
----------------------------------  -----  ---------  --------  ----------  --------------  -------------------
/opt/airflow/dags/etl_dag.py                                 1           0  0.67s           2024-05-20T18:42:07
/opt/airflow/dags/decorator_dag.py                           1           0  0.60s           2024-05-20T18:42:08
================================================================================
[2024-05-20T18:43:05.749+0000] {manager.py:878} INFO - 
================================================================================
DAG File Processing Stats

File Path                           PID    Runtime      # DAGs    # Errors  Last Runtime    Last Run
----------------------------------  -----  ---------  --------  ----------  --------------  -------------------
/opt/airflow/dags/etl_dag.py                                 1           0  3.19s           2024-05-20T18:42:41
/opt/airflow/dags/decorator_dag.py                           1           0  3.01s           2024-05-20T18:42:41
================================================================================
[2024-05-20T18:43:36.453+0000] {manager.py:878} INFO - 
================================================================================
DAG File Processing Stats

File Path                           PID    Runtime      # DAGs    # Errors  Last Runtime    Last Run
----------------------------------  -----  ---------  --------  ----------  --------------  -------------------
/opt/airflow/dags/decorator_dag.py                           1           0  0.36s           2024-05-20T18:43:12
/opt/airflow/dags/etl_dag.py                                 1           0  0.34s           2024-05-20T18:43:12
================================================================================
[2024-05-20T18:44:07.030+0000] {manager.py:878} INFO - 
================================================================================
DAG File Processing Stats

File Path                           PID    Runtime      # DAGs    # Errors  Last Runtime    Last Run
----------------------------------  -----  ---------  --------  ----------  --------------  -------------------
/opt/airflow/dags/decorator_dag.py                           1           0  0.24s           2024-05-20T18:43:42
/opt/airflow/dags/etl_dag.py                                 1           0  0.24s           2024-05-20T18:43:42
================================================================================
[2024-05-20T18:44:37.760+0000] {manager.py:878} INFO - 
================================================================================
DAG File Processing Stats

File Path                           PID    Runtime      # DAGs    # Errors  Last Runtime    Last Run
----------------------------------  -----  ---------  --------  ----------  --------------  -------------------
/opt/airflow/dags/decorator_dag.py                           1           0  0.29s           2024-05-20T18:44:13
/opt/airflow/dags/etl_dag.py                                 1           0  0.28s           2024-05-20T18:44:13
================================================================================
[2024-05-20T18:45:08.147+0000] {manager.py:878} INFO - 
================================================================================
DAG File Processing Stats

File Path                           PID    Runtime      # DAGs    # Errors  Last Runtime    Last Run
----------------------------------  -----  ---------  --------  ----------  --------------  -------------------
/opt/airflow/dags/decorator_dag.py                           1           0  1.00s           2024-05-20T18:44:44
/opt/airflow/dags/etl_dag.py                                 1           0  0.97s           2024-05-20T18:44:44
================================================================================
[2024-05-20T18:45:38.682+0000] {manager.py:878} INFO - 
================================================================================
DAG File Processing Stats

File Path                           PID    Runtime      # DAGs    # Errors  Last Runtime    Last Run
----------------------------------  -----  ---------  --------  ----------  --------------  -------------------
/opt/airflow/dags/decorator_dag.py                           1           0  0.20s           2024-05-20T18:45:15
/opt/airflow/dags/etl_dag.py                                 1           0  0.17s           2024-05-20T18:45:15
================================================================================
[2024-05-20T18:46:09.394+0000] {manager.py:878} INFO - 
================================================================================
DAG File Processing Stats

File Path                           PID    Runtime      # DAGs    # Errors  Last Runtime    Last Run
----------------------------------  -----  ---------  --------  ----------  --------------  -------------------
/opt/airflow/dags/decorator_dag.py                           1           0  0.30s           2024-05-20T18:45:46
/opt/airflow/dags/etl_dag.py                                 1           0  0.27s           2024-05-20T18:45:46
================================================================================
[2024-05-20T18:46:33.982+0000] {manager.py:737} INFO - Searching for files in /opt/airflow/dags
[2024-05-20T18:46:33.988+0000] {manager.py:740} INFO - There are 2 files in /opt/airflow/dags
[2024-05-20T18:46:40.064+0000] {manager.py:878} INFO - 
================================================================================
DAG File Processing Stats

File Path                           PID    Runtime      # DAGs    # Errors  Last Runtime    Last Run
----------------------------------  -----  ---------  --------  ----------  --------------  -------------------
/opt/airflow/dags/decorator_dag.py                           1           0  0.25s           2024-05-20T18:46:16
/opt/airflow/dags/etl_dag.py                                 1           0  0.23s           2024-05-20T18:46:16
================================================================================
[2024-05-20T18:47:10.905+0000] {manager.py:878} INFO - 
================================================================================
DAG File Processing Stats

File Path                           PID    Runtime      # DAGs    # Errors  Last Runtime    Last Run
----------------------------------  -----  ---------  --------  ----------  --------------  -------------------
/opt/airflow/dags/decorator_dag.py                           1           0  0.49s           2024-05-20T18:46:47
/opt/airflow/dags/etl_dag.py                                 1           0  0.47s           2024-05-20T18:46:47
================================================================================
[2024-05-20T18:47:41.921+0000] {manager.py:878} INFO - 
================================================================================
DAG File Processing Stats

File Path                           PID    Runtime      # DAGs    # Errors  Last Runtime    Last Run
----------------------------------  -----  ---------  --------  ----------  --------------  -------------------
/opt/airflow/dags/decorator_dag.py                           1           0  0.47s           2024-05-20T18:47:18
/opt/airflow/dags/etl_dag.py                                 1           0  0.38s           2024-05-20T18:47:18
================================================================================
[2024-05-20T18:48:11.957+0000] {manager.py:878} INFO - 
================================================================================
DAG File Processing Stats

File Path                           PID    Runtime      # DAGs    # Errors  Last Runtime    Last Run
----------------------------------  -----  ---------  --------  ----------  --------------  -------------------
/opt/airflow/dags/etl_dag.py                                 1           0  0.72s           2024-05-20T18:47:49
/opt/airflow/dags/decorator_dag.py                           1           0  0.62s           2024-05-20T18:47:49
================================================================================
[2024-05-20T18:48:42.553+0000] {manager.py:878} INFO - 
================================================================================
DAG File Processing Stats

File Path                           PID    Runtime      # DAGs    # Errors  Last Runtime    Last Run
----------------------------------  -----  ---------  --------  ----------  --------------  -------------------
/opt/airflow/dags/decorator_dag.py                           1           0  0.24s           2024-05-20T18:48:20
/opt/airflow/dags/etl_dag.py                                 1           0  0.24s           2024-05-20T18:48:20
================================================================================
[2024-05-20T18:49:13.091+0000] {manager.py:878} INFO - 
================================================================================
DAG File Processing Stats

File Path                           PID    Runtime      # DAGs    # Errors  Last Runtime    Last Run
----------------------------------  -----  ---------  --------  ----------  --------------  -------------------
/opt/airflow/dags/decorator_dag.py                           1           0  0.25s           2024-05-20T18:48:50
/opt/airflow/dags/etl_dag.py                                 1           0  0.23s           2024-05-20T18:48:50
================================================================================
[2024-05-20T18:49:43.519+0000] {manager.py:878} INFO - 
================================================================================
DAG File Processing Stats

File Path                           PID    Runtime      # DAGs    # Errors  Last Runtime    Last Run
----------------------------------  -----  ---------  --------  ----------  --------------  -------------------
/opt/airflow/dags/decorator_dag.py                           1           0  0.20s           2024-05-20T18:49:21
/opt/airflow/dags/etl_dag.py                                 1           0  0.17s           2024-05-20T18:49:21
================================================================================
[2024-05-20T18:50:13.983+0000] {manager.py:878} INFO - 
================================================================================
DAG File Processing Stats

File Path                           PID    Runtime      # DAGs    # Errors  Last Runtime    Last Run
----------------------------------  -----  ---------  --------  ----------  --------------  -------------------
/opt/airflow/dags/decorator_dag.py                           1           0  0.20s           2024-05-20T18:49:51
/opt/airflow/dags/etl_dag.py                                 1           0  0.18s           2024-05-20T18:49:51
================================================================================
[2024-05-20T18:50:44.469+0000] {manager.py:878} INFO - 
================================================================================
DAG File Processing Stats

File Path                           PID    Runtime      # DAGs    # Errors  Last Runtime    Last Run
----------------------------------  -----  ---------  --------  ----------  --------------  -------------------
/opt/airflow/dags/etl_dag.py                                 1           0  1.20s           2024-05-20T18:50:23
/opt/airflow/dags/decorator_dag.py                           1           0  1.12s           2024-05-20T18:50:23
================================================================================
[2024-05-20T18:51:15.096+0000] {manager.py:878} INFO - 
================================================================================
DAG File Processing Stats

File Path                           PID    Runtime      # DAGs    # Errors  Last Runtime    Last Run
----------------------------------  -----  ---------  --------  ----------  --------------  -------------------
/opt/airflow/dags/decorator_dag.py                           1           0  0.35s           2024-05-20T18:50:53
/opt/airflow/dags/etl_dag.py                                 1           0  0.25s           2024-05-20T18:50:53
================================================================================
[2024-05-20T18:51:34.356+0000] {manager.py:737} INFO - Searching for files in /opt/airflow/dags
[2024-05-20T18:51:34.359+0000] {manager.py:740} INFO - There are 2 files in /opt/airflow/dags
[2024-05-20T18:51:45.459+0000] {manager.py:878} INFO - 
================================================================================
DAG File Processing Stats

File Path                           PID    Runtime      # DAGs    # Errors  Last Runtime    Last Run
----------------------------------  -----  ---------  --------  ----------  --------------  -------------------
/opt/airflow/dags/etl_dag.py                                 1           0  0.95s           2024-05-20T18:51:19
/opt/airflow/dags/decorator_dag.py                           1           0  0.23s           2024-05-20T18:51:24
================================================================================
[2024-05-20T18:52:15.541+0000] {manager.py:878} INFO - 
================================================================================
DAG File Processing Stats

File Path                           PID    Runtime      # DAGs    # Errors  Last Runtime    Last Run
----------------------------------  -----  ---------  --------  ----------  --------------  -------------------
/opt/airflow/dags/etl_dag.py                                 1           0  0.61s           2024-05-20T18:52:15
/opt/airflow/dags/decorator_dag.py                           1           0  0.20s           2024-05-20T18:51:54
================================================================================
[2024-05-20T18:52:46.351+0000] {manager.py:878} INFO - 
================================================================================
DAG File Processing Stats

File Path                             PID  Runtime      # DAGs    # Errors  Last Runtime    Last Run
----------------------------------  -----  ---------  --------  ----------  --------------  -------------------
/opt/airflow/dags/etl_dag.py          237  0.01s             1           0  0.61s           2024-05-20T18:52:15
/opt/airflow/dags/decorator_dag.py                           1           0  0.25s           2024-05-20T18:52:25
================================================================================
[2024-05-20T18:53:16.834+0000] {manager.py:878} INFO - 
================================================================================
DAG File Processing Stats

File Path                             PID  Runtime      # DAGs    # Errors  Last Runtime    Last Run
----------------------------------  -----  ---------  --------  ----------  --------------  -------------------
/opt/airflow/dags/etl_dag.py          245  0.01s             1           0  0.41s           2024-05-20T18:52:46
/opt/airflow/dags/decorator_dag.py                           1           0  0.25s           2024-05-20T18:52:55
================================================================================
[2024-05-20T18:53:47.363+0000] {manager.py:878} INFO - 
================================================================================
DAG File Processing Stats

File Path                             PID  Runtime      # DAGs    # Errors  Last Runtime    Last Run
----------------------------------  -----  ---------  --------  ----------  --------------  -------------------
/opt/airflow/dags/decorator_dag.py                           1           0  0.49s           2024-05-20T18:53:26
/opt/airflow/dags/etl_dag.py          253  0.01s             1           0  0.17s           2024-05-20T18:53:16
================================================================================
[2024-05-20T18:54:17.679+0000] {manager.py:878} INFO - 
================================================================================
DAG File Processing Stats

File Path                             PID  Runtime      # DAGs    # Errors  Last Runtime    Last Run
----------------------------------  -----  ---------  --------  ----------  --------------  -------------------
/opt/airflow/dags/etl_dag.py          261  0.01s             1           0  0.20s           2024-05-20T18:53:47
/opt/airflow/dags/decorator_dag.py                           1           0  0.16s           2024-05-20T18:53:56
================================================================================
[2024-05-20T18:54:48.365+0000] {manager.py:878} INFO - 
================================================================================
DAG File Processing Stats

File Path                             PID  Runtime      # DAGs    # Errors  Last Runtime    Last Run
----------------------------------  -----  ---------  --------  ----------  --------------  -------------------
/opt/airflow/dags/etl_dag.py          268  0.01s             1           0  0.27s           2024-05-20T18:54:17
/opt/airflow/dags/decorator_dag.py                           1           0  0.25s           2024-05-20T18:54:27
================================================================================
[2024-05-20T18:55:18.821+0000] {manager.py:878} INFO - 
================================================================================
DAG File Processing Stats

File Path                             PID  Runtime      # DAGs    # Errors  Last Runtime    Last Run
----------------------------------  -----  ---------  --------  ----------  --------------  -------------------
/opt/airflow/dags/etl_dag.py          275  0.00s             1           0  0.22s           2024-05-20T18:54:48
/opt/airflow/dags/decorator_dag.py                           1           0  0.21s           2024-05-20T18:54:57
================================================================================
[2024-05-20T18:55:49.076+0000] {manager.py:878} INFO - 
================================================================================
DAG File Processing Stats

File Path                           PID    Runtime      # DAGs    # Errors  Last Runtime    Last Run
----------------------------------  -----  ---------  --------  ----------  --------------  -------------------
/opt/airflow/dags/etl_dag.py                                 1           0  0.56s           2024-05-20T18:55:49
/opt/airflow/dags/decorator_dag.py                           1           0  0.21s           2024-05-20T18:55:28
================================================================================
[2024-05-20T18:56:19.435+0000] {manager.py:878} INFO - 
================================================================================
DAG File Processing Stats

File Path                             PID  Runtime      # DAGs    # Errors  Last Runtime    Last Run
----------------------------------  -----  ---------  --------  ----------  --------------  -------------------
/opt/airflow/dags/decorator_dag.py                           1           0  0.69s           2024-05-20T18:55:59
/opt/airflow/dags/etl_dag.py          292  0.01s             1           0  0.56s           2024-05-20T18:55:49
================================================================================
[2024-05-20T18:56:34.628+0000] {manager.py:737} INFO - Searching for files in /opt/airflow/dags
[2024-05-20T18:56:34.632+0000] {manager.py:740} INFO - There are 2 files in /opt/airflow/dags
[2024-05-20T18:56:49.809+0000] {manager.py:878} INFO - 
================================================================================
DAG File Processing Stats

File Path                             PID  Runtime      # DAGs    # Errors  Last Runtime    Last Run
----------------------------------  -----  ---------  --------  ----------  --------------  -------------------
/opt/airflow/dags/decorator_dag.py                           1           0  0.19s           2024-05-20T18:56:29
/opt/airflow/dags/etl_dag.py          300  0.01s             1           0  0.18s           2024-05-20T18:56:19
================================================================================
[2024-05-20T18:57:12.061+0000] {manager.py:452} INFO - Exiting gracefully upon receiving signal 15
[2024-05-20T20:00:14.131+0000] {manager.py:470} INFO - Processing files using up to 2 processes at a time 
[2024-05-20T20:00:14.142+0000] {manager.py:471} INFO - Process each file at most once every 30 seconds
[2024-05-20T20:00:14.147+0000] {manager.py:472} INFO - Checking for new files in /opt/airflow/dags every 300 seconds
[2024-05-20T20:00:14.148+0000] {manager.py:737} INFO - Searching for files in /opt/airflow/dags
[2024-05-20T20:00:14.154+0000] {manager.py:740} INFO - There are 2 files in /opt/airflow/dags
[2024-05-20T20:00:15.031+0000] {manager.py:878} INFO - 
================================================================================
DAG File Processing Stats

File Path                             PID  Runtime      # DAGs    # Errors  Last Runtime    Last Run
----------------------------------  -----  ---------  --------  ----------  --------------  ----------
/opt/airflow/dags/etl_dag.py           64  0.39s             0           0
/opt/airflow/dags/decorator_dag.py     65  0.38s             0           0
================================================================================
[2024-05-20T20:00:45.675+0000] {manager.py:878} INFO - 
================================================================================
DAG File Processing Stats

File Path                           PID    Runtime      # DAGs    # Errors  Last Runtime    Last Run
----------------------------------  -----  ---------  --------  ----------  --------------  -------------------
/opt/airflow/dags/decorator_dag.py                           1           0  2.89s           2024-05-20T20:00:17
/opt/airflow/dags/etl_dag.py                                 1           0  2.76s           2024-05-20T20:00:17
================================================================================
[2024-05-20T20:00:50.300+0000] {manager.py:452} INFO - Exiting gracefully upon receiving signal 15
[2024-05-20T20:00:50.311+0000] {manager.py:452} INFO - Exiting gracefully upon receiving signal 15
[2024-05-20T20:00:50.316+0000] {manager.py:452} INFO - Exiting gracefully upon receiving signal 15
[2024-05-20T20:00:58.900+0000] {manager.py:452} INFO - Exiting gracefully upon receiving signal 15
[2024-05-20T20:03:59.216+0000] {manager.py:470} INFO - Processing files using up to 2 processes at a time 
[2024-05-20T20:03:59.220+0000] {manager.py:471} INFO - Process each file at most once every 30 seconds
[2024-05-20T20:03:59.221+0000] {manager.py:472} INFO - Checking for new files in /opt/airflow/dags every 300 seconds
[2024-05-20T20:03:59.221+0000] {manager.py:737} INFO - Searching for files in /opt/airflow/dags
[2024-05-20T20:03:59.236+0000] {manager.py:740} INFO - There are 2 files in /opt/airflow/dags
[2024-05-20T20:03:59.981+0000] {manager.py:878} INFO - 
================================================================================
DAG File Processing Stats

File Path                             PID  Runtime      # DAGs    # Errors  Last Runtime    Last Run
----------------------------------  -----  ---------  --------  ----------  --------------  ----------
/opt/airflow/dags/etl_dag.py           59  0.34s             0           0
/opt/airflow/dags/decorator_dag.py     60  0.32s             0           0
================================================================================
[2024-05-20T20:04:30.484+0000] {manager.py:878} INFO - 
================================================================================
DAG File Processing Stats

File Path                           PID    Runtime      # DAGs    # Errors  Last Runtime    Last Run
----------------------------------  -----  ---------  --------  ----------  --------------  -------------------
/opt/airflow/dags/etl_dag.py                                 1           0  2.67s           2024-05-20T20:04:02
/opt/airflow/dags/decorator_dag.py                           1           0  2.64s           2024-05-20T20:04:02
================================================================================
[2024-05-20T20:05:00.864+0000] {manager.py:878} INFO - 
================================================================================
DAG File Processing Stats

File Path                           PID    Runtime      # DAGs    # Errors  Last Runtime    Last Run
----------------------------------  -----  ---------  --------  ----------  --------------  -------------------
/opt/airflow/dags/decorator_dag.py                           1           0  1.15s           2024-05-20T20:04:33
/opt/airflow/dags/etl_dag.py                                 1           0  1.09s           2024-05-20T20:04:33
================================================================================
[2024-05-20T20:05:31.230+0000] {manager.py:878} INFO - 
================================================================================
DAG File Processing Stats

File Path                           PID    Runtime      # DAGs    # Errors  Last Runtime    Last Run
----------------------------------  -----  ---------  --------  ----------  --------------  -------------------
/opt/airflow/dags/etl_dag.py                                 1           0  1.21s           2024-05-20T20:05:05
/opt/airflow/dags/decorator_dag.py                           1           0  1.19s           2024-05-20T20:05:05
================================================================================
[2024-05-20T20:06:02.092+0000] {manager.py:878} INFO - 
================================================================================
DAG File Processing Stats

File Path                             PID  Runtime      # DAGs    # Errors  Last Runtime    Last Run
----------------------------------  -----  ---------  --------  ----------  --------------  -------------------
/opt/airflow/dags/decorator_dag.py                           1           0  0.53s           2024-05-20T20:05:35
/opt/airflow/dags/etl_dag.py           91  0.01s             1           0  0.51s           2024-05-20T20:05:35
================================================================================
[2024-05-20T20:06:32.498+0000] {manager.py:878} INFO - 
================================================================================
DAG File Processing Stats

File Path                           PID    Runtime      # DAGs    # Errors  Last Runtime    Last Run
----------------------------------  -----  ---------  --------  ----------  --------------  -------------------
/opt/airflow/dags/etl_dag.py                                 1           0  2.25s           2024-05-20T20:06:04
/opt/airflow/dags/decorator_dag.py                           1           0  1.10s           2024-05-20T20:06:07
================================================================================
[2024-05-20T20:07:03.072+0000] {manager.py:878} INFO - 
================================================================================
DAG File Processing Stats

File Path                           PID    Runtime      # DAGs    # Errors  Last Runtime    Last Run
----------------------------------  -----  ---------  --------  ----------  --------------  -------------------
/opt/airflow/dags/etl_dag.py                                 1           0  0.27s           2024-05-20T20:06:34
/opt/airflow/dags/decorator_dag.py                           1           0  0.25s           2024-05-20T20:06:37
================================================================================
[2024-05-20T20:07:33.409+0000] {manager.py:878} INFO - 
================================================================================
DAG File Processing Stats

File Path                           PID    Runtime      # DAGs    # Errors  Last Runtime    Last Run
----------------------------------  -----  ---------  --------  ----------  --------------  -------------------
/opt/airflow/dags/etl_dag.py                                 1           0  0.28s           2024-05-20T20:07:05
/opt/airflow/dags/decorator_dag.py                           1           0  0.19s           2024-05-20T20:07:08
================================================================================
[2024-05-20T20:08:04.010+0000] {manager.py:878} INFO - 
================================================================================
DAG File Processing Stats

File Path                           PID    Runtime      # DAGs    # Errors  Last Runtime    Last Run
----------------------------------  -----  ---------  --------  ----------  --------------  -------------------
/opt/airflow/dags/etl_dag.py                                 1           0  0.60s           2024-05-20T20:07:36
/opt/airflow/dags/decorator_dag.py                           1           0  0.28s           2024-05-20T20:07:39
================================================================================
[2024-05-20T20:08:34.041+0000] {manager.py:878} INFO - 
================================================================================
DAG File Processing Stats

File Path                           PID    Runtime      # DAGs    # Errors  Last Runtime    Last Run
----------------------------------  -----  ---------  --------  ----------  --------------  -------------------
/opt/airflow/dags/etl_dag.py                                 1           0  0.36s           2024-05-20T20:08:06
/opt/airflow/dags/decorator_dag.py                           1           0  0.24s           2024-05-20T20:08:09
================================================================================
[2024-05-20T20:08:59.592+0000] {manager.py:737} INFO - Searching for files in /opt/airflow/dags
[2024-05-20T20:08:59.614+0000] {manager.py:740} INFO - There are 2 files in /opt/airflow/dags
[2024-05-20T20:09:04.715+0000] {manager.py:878} INFO - 
================================================================================
DAG File Processing Stats

File Path                           PID    Runtime      # DAGs    # Errors  Last Runtime    Last Run
----------------------------------  -----  ---------  --------  ----------  --------------  -------------------
/opt/airflow/dags/decorator_dag.py                           1           0  0.58s           2024-05-20T20:08:40
/opt/airflow/dags/etl_dag.py                                 1           0  0.27s           2024-05-20T20:08:37
================================================================================
[2024-05-20T20:09:35.228+0000] {manager.py:878} INFO - 
================================================================================
DAG File Processing Stats

File Path                           PID    Runtime      # DAGs    # Errors  Last Runtime    Last Run
----------------------------------  -----  ---------  --------  ----------  --------------  -------------------
/opt/airflow/dags/decorator_dag.py                           1           0  0.25s           2024-05-20T20:09:11
/opt/airflow/dags/etl_dag.py                                 1           0  0.24s           2024-05-20T20:09:07
================================================================================
[2024-05-20T20:10:05.905+0000] {manager.py:878} INFO - 
================================================================================
DAG File Processing Stats

File Path                           PID    Runtime      # DAGs    # Errors  Last Runtime    Last Run
----------------------------------  -----  ---------  --------  ----------  --------------  -------------------
/opt/airflow/dags/etl_dag.py                                 1           0  0.25s           2024-05-20T20:09:38
/opt/airflow/dags/decorator_dag.py                           1           0  0.21s           2024-05-20T20:09:41
================================================================================
[2024-05-20T20:10:36.107+0000] {manager.py:878} INFO - 
================================================================================
DAG File Processing Stats

File Path                           PID    Runtime      # DAGs    # Errors  Last Runtime    Last Run
----------------------------------  -----  ---------  --------  ----------  --------------  -------------------
/opt/airflow/dags/etl_dag.py                                 1           0  1.41s           2024-05-20T20:10:11
/opt/airflow/dags/decorator_dag.py                           1           0  0.52s           2024-05-20T20:10:12
================================================================================
[2024-05-20T20:11:06.848+0000] {manager.py:878} INFO - 
================================================================================
DAG File Processing Stats

File Path                           PID    Runtime      # DAGs    # Errors  Last Runtime    Last Run
----------------------------------  -----  ---------  --------  ----------  --------------  -------------------
/opt/airflow/dags/etl_dag.py                                 1           0  0.29s           2024-05-20T20:10:42
/opt/airflow/dags/decorator_dag.py                           1           0  0.16s           2024-05-20T20:10:42
================================================================================
[2024-05-20T20:11:37.433+0000] {manager.py:878} INFO - 
================================================================================
DAG File Processing Stats

File Path                           PID    Runtime      # DAGs    # Errors  Last Runtime    Last Run
----------------------------------  -----  ---------  --------  ----------  --------------  -------------------
/opt/airflow/dags/decorator_dag.py                           1           0  0.32s           2024-05-20T20:11:13
/opt/airflow/dags/etl_dag.py                                 1           0  0.30s           2024-05-20T20:11:13
================================================================================
[2024-05-20T20:12:08.189+0000] {manager.py:878} INFO - 
================================================================================
DAG File Processing Stats

File Path                           PID    Runtime      # DAGs    # Errors  Last Runtime    Last Run
----------------------------------  -----  ---------  --------  ----------  --------------  -------------------
/opt/airflow/dags/decorator_dag.py                           1           0  1.45s           2024-05-20T20:11:45
/opt/airflow/dags/etl_dag.py                                 1           0  1.43s           2024-05-20T20:11:44
================================================================================
