[2024-05-17T09:25:05.246+0000] {local_task_job_runner.py:120} INFO - ::group::Pre task execution logs
[2024-05-17T09:25:05.263+0000] {taskinstance.py:2076} INFO - Dependencies all met for dep_context=non-requeueable deps ti=<TaskInstance: example_decorator_dag.end_task manual__2024-05-17T09:25:01.313290+00:00 [queued]>
[2024-05-17T09:25:05.268+0000] {taskinstance.py:2076} INFO - Dependencies all met for dep_context=requeueable deps ti=<TaskInstance: example_decorator_dag.end_task manual__2024-05-17T09:25:01.313290+00:00 [queued]>
[2024-05-17T09:25:05.269+0000] {taskinstance.py:2306} INFO - Starting attempt 1 of 2
[2024-05-17T09:25:05.278+0000] {taskinstance.py:2330} INFO - Executing <Task(_PythonDecoratedOperator): end_task> on 2024-05-17 09:25:01.313290+00:00
[2024-05-17T09:25:05.281+0000] {warnings.py:110} WARNING - /home/***/.local/lib/python3.12/site-packages/***/task/task_runner/standard_task_runner.py:61: DeprecationWarning: This process (pid=250) is multi-threaded, use of fork() may lead to deadlocks in the child.
  pid = os.fork()

[2024-05-17T09:25:05.282+0000] {standard_task_runner.py:63} INFO - Started process 251 to run task
[2024-05-17T09:25:05.282+0000] {standard_task_runner.py:90} INFO - Running: ['***', 'tasks', 'run', 'example_decorator_dag', 'end_task', 'manual__2024-05-17T09:25:01.313290+00:00', '--job-id', '24', '--raw', '--subdir', 'DAGS_FOLDER/decorator_dag.py', '--cfg-path', '/tmp/tmp_vrj5ip1']
[2024-05-17T09:25:05.283+0000] {standard_task_runner.py:91} INFO - Job 24: Subtask end_task
[2024-05-17T09:25:05.311+0000] {task_command.py:426} INFO - Running <TaskInstance: example_decorator_dag.end_task manual__2024-05-17T09:25:01.313290+00:00 [running]> on host 84d818d11ce3
[2024-05-17T09:25:05.374+0000] {taskinstance.py:2648} INFO - Exporting env vars: AIRFLOW_CTX_DAG_OWNER='***' AIRFLOW_CTX_DAG_ID='example_decorator_dag' AIRFLOW_CTX_TASK_ID='end_task' AIRFLOW_CTX_EXECUTION_DATE='2024-05-17T09:25:01.313290+00:00' AIRFLOW_CTX_TRY_NUMBER='1' AIRFLOW_CTX_DAG_RUN_ID='manual__2024-05-17T09:25:01.313290+00:00'
[2024-05-17T09:25:05.375+0000] {taskinstance.py:430} INFO - ::endgroup::
[2024-05-17T09:25:05.375+0000] {logging_mixin.py:188} INFO - Ending task
[2024-05-17T09:25:05.375+0000] {python.py:237} INFO - Done. Returned value was: None
[2024-05-17T09:25:05.376+0000] {taskinstance.py:441} INFO - ::group::Post task execution logs
[2024-05-17T09:25:05.383+0000] {taskinstance.py:1206} INFO - Marking task as SUCCESS. dag_id=example_decorator_dag, task_id=end_task, run_id=manual__2024-05-17T09:25:01.313290+00:00, execution_date=20240517T092501, start_date=20240517T092505, end_date=20240517T092505
[2024-05-17T09:25:05.418+0000] {local_task_job_runner.py:240} INFO - Task exited with return code 0
[2024-05-17T09:25:05.429+0000] {taskinstance.py:3498} INFO - 0 downstream tasks scheduled from follow-on schedule check
[2024-05-17T09:25:05.431+0000] {local_task_job_runner.py:222} INFO - ::endgroup::
