[2024-05-17T09:37:12.968+0000] {local_task_job_runner.py:120} INFO - ::group::Pre task execution logs
[2024-05-17T09:37:12.986+0000] {taskinstance.py:2076} INFO - Dependencies all met for dep_context=non-requeueable deps ti=<TaskInstance: example_decorator_dag.process_task manual__2024-05-17T09:37:10.646397+00:00 [queued]>
[2024-05-17T09:37:12.998+0000] {taskinstance.py:2076} INFO - Dependencies all met for dep_context=requeueable deps ti=<TaskInstance: example_decorator_dag.process_task manual__2024-05-17T09:37:10.646397+00:00 [queued]>
[2024-05-17T09:37:12.998+0000] {taskinstance.py:2306} INFO - Starting attempt 1 of 2
[2024-05-17T09:37:13.015+0000] {taskinstance.py:2330} INFO - Executing <Task(_PythonDecoratedOperator): process_task> on 2024-05-17 09:37:10.646397+00:00
[2024-05-17T09:37:13.018+0000] {warnings.py:110} WARNING - /home/***/.local/lib/python3.12/site-packages/***/task/task_runner/standard_task_runner.py:61: DeprecationWarning: This process (pid=442) is multi-threaded, use of fork() may lead to deadlocks in the child.
  pid = os.fork()

[2024-05-17T09:37:13.019+0000] {standard_task_runner.py:63} INFO - Started process 443 to run task
[2024-05-17T09:37:13.019+0000] {standard_task_runner.py:90} INFO - Running: ['***', 'tasks', 'run', 'example_decorator_dag', 'process_task', 'manual__2024-05-17T09:37:10.646397+00:00', '--job-id', '38', '--raw', '--subdir', 'DAGS_FOLDER/decorator_dag.py', '--cfg-path', '/tmp/tmpi0tkkdmu']
[2024-05-17T09:37:13.020+0000] {standard_task_runner.py:91} INFO - Job 38: Subtask process_task
[2024-05-17T09:37:13.048+0000] {task_command.py:426} INFO - Running <TaskInstance: example_decorator_dag.process_task manual__2024-05-17T09:37:10.646397+00:00 [running]> on host 84d818d11ce3
[2024-05-17T09:37:13.111+0000] {taskinstance.py:2648} INFO - Exporting env vars: AIRFLOW_CTX_DAG_OWNER='***' AIRFLOW_CTX_DAG_ID='example_decorator_dag' AIRFLOW_CTX_TASK_ID='process_task' AIRFLOW_CTX_EXECUTION_DATE='2024-05-17T09:37:10.646397+00:00' AIRFLOW_CTX_TRY_NUMBER='1' AIRFLOW_CTX_DAG_RUN_ID='manual__2024-05-17T09:37:10.646397+00:00'
[2024-05-17T09:37:13.112+0000] {taskinstance.py:430} INFO - ::endgroup::
[2024-05-17T09:37:13.113+0000] {logging_mixin.py:188} INFO - Processing task
[2024-05-17T09:37:13.113+0000] {python.py:237} INFO - Done. Returned value was: None
[2024-05-17T09:37:13.114+0000] {taskinstance.py:441} INFO - ::group::Post task execution logs
[2024-05-17T09:37:13.121+0000] {taskinstance.py:1206} INFO - Marking task as SUCCESS. dag_id=example_decorator_dag, task_id=process_task, run_id=manual__2024-05-17T09:37:10.646397+00:00, execution_date=20240517T093710, start_date=20240517T093712, end_date=20240517T093713
[2024-05-17T09:37:13.153+0000] {local_task_job_runner.py:240} INFO - Task exited with return code 0
[2024-05-17T09:37:13.168+0000] {taskinstance.py:3498} INFO - 1 downstream tasks scheduled from follow-on schedule check
[2024-05-17T09:37:13.169+0000] {local_task_job_runner.py:222} INFO - ::endgroup::
